#
# There is insufficient memory for the Java Runtime Environment to continue.
# Native memory allocation (mmap) failed to map 65536 bytes. Error detail: Failed to commit metaspace.
# Possible reasons:
#   The system is out of physical RAM or swap space
#   This process is running with CompressedOops enabled, and the Java Heap may be blocking the growth of the native heap
# Possible solutions:
#   Reduce memory load on the system
#   Increase physical memory or swap space
#   Check if swap backing store is full
#   Decrease Java heap size (-Xmx/-Xms)
#   Decrease number of Java threads
#   Decrease Java thread stack sizes (-Xss)
#   Set larger code cache with -XX:ReservedCodeCacheSize=
#   JVM is running with Unscaled Compressed Oops mode in which the Java heap is
#     placed in the first 4GB address space. The Java Heap base address is the
#     maximum limit for the native heap growth. Please use -XX:HeapBaseMinAddress
#     to set the Java Heap base and to place the Java Heap above 4GB virtual address.
# This output file may be truncated or incomplete.
#
#  Out of Memory Error (virtualSpaceNode.cpp:110), pid=28568, tid=22868
#
# JRE version: OpenJDK Runtime Environment Temurin-17.0.16+8 (17.0.16+8) (build 17.0.16+8)
# Java VM: OpenJDK 64-Bit Server VM Temurin-17.0.16+8 (17.0.16+8, mixed mode, sharing, tiered, compressed oops, compressed class ptrs, parallel gc, windows-amd64)
# No core dump will be written. Minidumps are not enabled by default on client versions of Windows
#

---------------  S U M M A R Y ------------

Command Line: --add-modules=ALL-SYSTEM --add-opens=java.base/java.util=ALL-UNNAMED --add-opens=java.base/java.lang=ALL-UNNAMED --add-opens=java.base/sun.nio.fs=ALL-UNNAMED -Declipse.application=org.eclipse.jdt.ls.core.id1 -Dosgi.bundles.defaultStartLevel=4 -Declipse.product=org.eclipse.jdt.ls.core.product -Djava.import.generatesMetadataFilesAtProjectRoot=false -DDetectVMInstallationsJob.disabled=true -Dfile.encoding=utf8 -XX:+UseParallelGC -XX:GCTimeRatio=4 -XX:AdaptiveSizePolicyWeight=90 -Dsun.zip.disableMemoryMapping=true -Xmx1G -Xms100m -Xlog:disable -javaagent:c:\Users\Public\wpilib\2026\vscode\data\extensions\redhat.java-1.38.0\lombok\lombok-1.18.34.jar -XX:+HeapDumpOnOutOfMemoryError -XX:HeapDumpPath=c:\Users\Public\wpilib\2026\vscode\data\user-data\User\workspaceStorage\a4224967a930a49dfca026b0e4750ca4\redhat.java -Daether.dependencyCollector.impl=bf c:\Users\Public\wpilib\2026\vscode\data\extensions\redhat.java-1.38.0\server\plugins\org.eclipse.equinox.launcher_1.6.900.v20240613-2009.jar -configuration c:\Users\Public\wpilib\2026\vscode\data\user-data\User\globalStorage\redhat.java\1.38.0\config_win -data c:\Users\Public\wpilib\2026\vscode\data\user-data\User\workspaceStorage\a4224967a930a49dfca026b0e4750ca4\redhat.java\jdt_ws --pipe=\\.\pipe\lsp-bec57b27ee6bab0114960c6171d5328d-sock

Host: AMD Ryzen 3 3250U with Radeon Graphics         , 4 cores, 5G,  Windows 11 , 64 bit Build 22621 (10.0.22621.5415)
Time: Mon Feb  2 20:11:02 2026 Pacific Standard Time elapsed time: 10.949362 seconds (0d 0h 0m 10s)

---------------  T H R E A D  ---------------

Current thread (0x0000025b53cd5dd0):  JavaThread "Start Level: Equinox Container: a72be976-cea1-49ea-8cf9-f441f15ef6aa" daemon [_thread_in_vm, id=22868, stack(0x000000bdaf800000,0x000000bdaf900000)]

Stack: [0x000000bdaf800000,0x000000bdaf900000]
Native frames: (J=compiled Java code, j=interpreted, Vv=VM code, C=native code)
V  [jvm.dll+0x683169]
V  [jvm.dll+0x839ac8]
V  [jvm.dll+0x83b573]
V  [jvm.dll+0x83bbe3]
V  [jvm.dll+0x2473ff]
V  [jvm.dll+0x83589d]
V  [jvm.dll+0x627dae]
V  [jvm.dll+0x627e1a]
V  [jvm.dll+0x62a643]
V  [jvm.dll+0x628776]
V  [jvm.dll+0x639829]
V  [jvm.dll+0x6329a4]
V  [jvm.dll+0x3821e1]
C  0x0000025b0753c7a7

The last pc belongs to method entry point (kind = zerolocals) (printed below).
Java frames: (J=compiled Java code, j=interpreted, Vv=VM code)
j  com.sun.org.apache.xerces.internal.util.AugmentationsImpl$SmallContainer.putItem(Ljava/lang/Object;Ljava/lang/Object;)Ljava/lang/Object;+0 java.xml@17.0.16
j  com.sun.org.apache.xerces.internal.util.AugmentationsImpl.putItem(Ljava/lang/String;Ljava/lang/Object;)Ljava/lang/Object;+6 java.xml@17.0.16
j  com.sun.org.apache.xerces.internal.impl.XMLEntityManager.endEntity()V+151 java.xml@17.0.16
j  com.sun.org.apache.xerces.internal.impl.XMLEntityScanner.load(IZZ)Z+158 java.xml@17.0.16
j  com.sun.org.apache.xerces.internal.impl.XMLEntityScanner.skipSpaces()Z+151 java.xml@17.0.16
j  com.sun.org.apache.xerces.internal.impl.XMLDocumentScannerImpl$TrailingMiscDriver.next()I+75 java.xml@17.0.16
j  com.sun.org.apache.xerces.internal.impl.XMLDocumentScannerImpl.next()I+4 java.xml@17.0.16
j  com.sun.org.apache.xerces.internal.impl.XMLNSDocumentScannerImpl.next()I+31 java.xml@17.0.16
j  com.sun.org.apache.xerces.internal.impl.XMLDocumentFragmentScannerImpl.scanDocument(Z)Z+312 java.xml@17.0.16
j  com.sun.org.apache.xerces.internal.parsers.XML11Configuration.parse(Z)Z+121 java.xml@17.0.16
j  com.sun.org.apache.xerces.internal.parsers.XML11Configuration.parse(Lcom/sun/org/apache/xerces/internal/xni/parser/XMLInputSource;)V+30 java.xml@17.0.16
j  com.sun.org.apache.xerces.internal.parsers.XMLParser.parse(Lcom/sun/org/apache/xerces/internal/xni/parser/XMLInputSource;)V+76 java.xml@17.0.16
j  com.sun.org.apache.xerces.internal.parsers.AbstractSAXParser.parse(Lorg/xml/sax/InputSource;)V+44 java.xml@17.0.16
j  com.sun.org.apache.xerces.internal.jaxp.SAXParserImpl$JAXPSAXParser.parse(Lorg/xml/sax/InputSource;)V+53 java.xml@17.0.16
j  com.sun.org.apache.xerces.internal.jaxp.SAXParserImpl.parse(Lorg/xml/sax/InputSource;Lorg/xml/sax/helpers/DefaultHandler;)V+61 java.xml@17.0.16
j  javax.xml.parsers.SAXParser.parse(Ljava/io/InputStream;Lorg/xml/sax/helpers/DefaultHandler;)V+26 java.xml@17.0.16
j  org.apache.felix.scr.impl.BundleComponentActivator.loadDescriptor(Ljava/net/URL;)V+74
j  org.apache.felix.scr.impl.BundleComponentActivator.initialize(Ljava/util/List;)V+221
j  org.apache.felix.scr.impl.BundleComponentActivator.<init>(Lorg/apache/felix/scr/impl/logger/ScrLogger;Lorg/apache/felix/scr/impl/ComponentRegistry;Lorg/apache/felix/scr/impl/ComponentActorThread;Lorg/osgi/framework/BundleContext;Lorg/apache/felix/scr/impl/manager/ScrConfiguration;Ljava/util/List;Lorg/osgi/framework/ServiceReference;)V+124
j  org.apache.felix.scr.impl.Activator.loadComponents(Lorg/osgi/framework/Bundle;)V+385
j  org.apache.felix.scr.impl.Activator.access$200(Lorg/apache/felix/scr/impl/Activator;Lorg/osgi/framework/Bundle;)V+2
j  org.apache.felix.scr.impl.Activator$ScrExtension.start()V+72
j  org.apache.felix.scr.impl.AbstractExtender.createExtension(Lorg/osgi/framework/Bundle;)V+71
j  org.apache.felix.scr.impl.AbstractExtender.modifiedBundle(Lorg/osgi/framework/Bundle;Lorg/osgi/framework/BundleEvent;Lorg/osgi/framework/Bundle;)V+115
j  org.apache.felix.scr.impl.AbstractExtender.addingBundle(Lorg/osgi/framework/Bundle;Lorg/osgi/framework/BundleEvent;)Lorg/osgi/framework/Bundle;+4
j  org.apache.felix.scr.impl.AbstractExtender.addingBundle(Lorg/osgi/framework/Bundle;Lorg/osgi/framework/BundleEvent;)Ljava/lang/Object;+3
j  org.osgi.util.tracker.BundleTracker$Tracked.customizerAdding(Lorg/osgi/framework/Bundle;Lorg/osgi/framework/BundleEvent;)Ljava/lang/Object;+9
j  org.osgi.util.tracker.BundleTracker$Tracked.customizerAdding(Ljava/lang/Object;Ljava/lang/Object;)Ljava/lang/Object;+9
j  org.osgi.util.tracker.AbstractTracked.trackAdding(Ljava/lang/Object;Ljava/lang/Object;)V+8
j  org.osgi.util.tracker.AbstractTracked.track(Ljava/lang/Object;Ljava/lang/Object;)V+83
j  org.osgi.util.tracker.BundleTracker$Tracked.bundleChanged(Lorg/osgi/framework/BundleEvent;)V+35
j  org.eclipse.osgi.internal.framework.BundleContextImpl.dispatchEvent(Ljava/lang/Object;Ljava/lang/Object;ILjava/lang/Object;)V+159
j  org.eclipse.osgi.framework.eventmgr.EventManager.dispatchEvent(Ljava/util/Set;Lorg/eclipse/osgi/framework/eventmgr/EventDispatcher;ILjava/lang/Object;)V+48
j  org.eclipse.osgi.framework.eventmgr.ListenerQueue.dispatchEventSynchronous(ILjava/lang/Object;)V+67
j  org.eclipse.osgi.internal.framework.EquinoxEventPublisher.publishBundleEventPrivileged(Lorg/osgi/framework/BundleEvent;)V+547
j  org.eclipse.osgi.internal.framework.EquinoxEventPublisher.publishBundleEvent(Lorg/osgi/framework/BundleEvent;)V+8
j  org.eclipse.osgi.internal.framework.EquinoxEventPublisher.publishBundleEvent(ILorg/osgi/framework/Bundle;Lorg/osgi/framework/Bundle;)V+15
j  org.eclipse.osgi.internal.framework.EquinoxContainerAdaptor.publishModuleEvent(Lorg/eclipse/osgi/container/ModuleContainerAdaptor$ModuleEvent;Lorg/eclipse/osgi/container/Module;Lorg/eclipse/osgi/container/Module;)V+29
j  org.eclipse.osgi.container.Module.publishEvent(Lorg/eclipse/osgi/container/ModuleContainerAdaptor$ModuleEvent;)V+13
j  org.eclipse.osgi.container.Module.start([Lorg/eclipse/osgi/container/Module$StartOptions;)V+588
j  org.eclipse.osgi.container.ModuleContainer$ContainerStartLevel$2.run()V+71
j  org.eclipse.osgi.internal.framework.EquinoxContainerAdaptor$1$1.execute(Ljava/lang/Runnable;)V+1
j  org.eclipse.osgi.container.ModuleContainer$ContainerStartLevel.incStartLevel(ILjava/util/List;Z)V+193
j  org.eclipse.osgi.container.ModuleContainer$ContainerStartLevel.incStartLevel(ILjava/util/List;Ljava/util/List;Ljava/util/List;Ljava/util/List;)V+4
j  org.eclipse.osgi.container.ModuleContainer$ContainerStartLevel.doContainerStartLevel(Lorg/eclipse/osgi/container/Module;I[Lorg/osgi/framework/FrameworkListener;)V+349
j  org.eclipse.osgi.container.ModuleContainer$ContainerStartLevel.dispatchEvent(Lorg/eclipse/osgi/container/Module;[Lorg/osgi/framework/FrameworkListener;ILjava/lang/Integer;)V+32
j  org.eclipse.osgi.container.ModuleContainer$ContainerStartLevel.dispatchEvent(Ljava/lang/Object;Ljava/lang/Object;ILjava/lang/Object;)V+15
j  org.eclipse.osgi.framework.eventmgr.EventManager.dispatchEvent(Ljava/util/Set;Lorg/eclipse/osgi/framework/eventmgr/EventDispatcher;ILjava/lang/Object;)V+48
j  org.eclipse.osgi.framework.eventmgr.EventManager$EventThread.run()V+26
v  ~StubRoutines::call_stub
method entry point (kind = zerolocals)  [0x0000025b0753c5c0, 0x0000025b0753c980]  960 bytes
[MachCode]
  0x0000025b0753c5c0: 488b 5308 | 0fb7 4a2c | 0fb7 522a | 2bd1 81fa | f501 0000 | 0f86 2500 | 0000 488b | c248 c1e0 
  0x0000025b0753c5e0: 0348 83c0 | 5849 0387 | b803 0000 | 483b e00f | 870a 0000 | 0058 498b | e550 e981 | c2ff ff58 
  0x0000025b0753c600: 4c8d 74cc | f885 d20f | 8e09 0000 | 0068 0000 | 0000 ffca | 7ff7 5055 | 488b ec41 | 5568 0000 
  0x0000025b0753c620: 0000 4c8b | 6b08 4d8d | 6d30 5348 | 8b53 0848 | 8b52 0848 | 8b52 1848 | 8b52 7048 | 8b12 5248 
  0x0000025b0753c640: 8b53 1048 | 85d2 0f84 | 0700 0000 | 4881 c208 | 0100 0052 | 488b 5308 | 488b 5208 | 488b 5210 
  0x0000025b0753c660: 5241 5641 | 5568 0000 | 0000 4889 | 2424 41c6 | 8771 0300 | 0001 488b | 45d8 4885 | c00f 84a3 
  0x0000025b0753c680: 0000 008b | 48fc 85c9 | 0f88 9800 | 0000 4803 | c148 8b48 | 0848 83e9 | 0248 8b54 | c810 48f7 
  0x0000025b0753c6a0: da49 8b14 | d648 85d2 | 7514 48f7 | 44c8 1801 | 0000 0075 | 67f0 4883 | 4cc8 1801 | eb5e 8b52 
  0x0000025b0753c6c0: 0849 ba00 | 0000 115b | 0200 0049 | 03d2 4c8b | d248 3354 | c818 48f7 | c2fc ffff | ff74 3d48 
  0x0000025b0753c6e0: f7c2 0200 | 0000 7534 | 4881 7cc8 | 1800 0000 | 0074 2448 | 817c c818 | 0100 0000 | 7419 498b 
  0x0000025b0753c700: d248 3354 | c818 48f7 | c2fc ffff | ff74 0d48 | 834c c818 | 02eb 0548 | 8954 c818 | 4883 e902 
  0x0000025b0753c720: 0f89 73ff | ffff 488b | 4310 4885 | c074 208b | 88cc 0000 | 0083 c102 | 8988 cc00 | 0000 2388 
  0x0000025b0753c740: e000 0000 | 0f84 7801 | 0000 e9d1 | 0000 0048 | 8b43 1848 | 85c0 0f85 | b200 0000 | e805 0000 
  0x0000025b0753c760: 00e9 9b00 | 0000 488b | d348 8d44 | 2408 4c89 | 6dc0 498b | cfc5 f877 | 4989 afa8 | 0200 0049 
  0x0000025b0753c780: 8987 9802 | 0000 4883 | ec20 f7c4 | 0f00 0000 | 0f84 1a00 | 0000 4883 | ec08 49ba | c021 4f58 
  0x0000025b0753c7a0: f87f 0000 | 41ff d248 | 83c4 08e9 | 0d00 0000 | 49ba c021 | 4f58 f87f | 0000 41ff | d248 83c4 
  0x0000025b0753c7c0: 2049 c787 | 9802 0000 | 0000 0000 | 49c7 87a8 | 0200 0000 | 0000 0049 | c787 a002 | 0000 0000 
  0x0000025b0753c7e0: 0000 c5f8 | 7749 817f | 0800 0000 | 000f 8405 | 0000 00e9 | 0847 ffff | 4c8b 6dc0 | 4c8b 75c8 
  0x0000025b0753c800: c348 8b43 | 1848 85c0 | 0f84 1200 | 0000 8b48 | 0883 c102 | 8948 0823 | 4820 0f84 | a200 0000 
  0x0000025b0753c820: 8984 2400 | f0ff ff89 | 8424 00e0 | ffff 8984 | 2400 d0ff | ff89 8424 | 00c0 ffff | 8984 2400 
  0x0000025b0753c840: b0ff ff89 | 8424 00a0 | ffff 8984 | 2400 90ff | ff41 c687 | 7103 0000 | 0049 bac2 | c6cf 58f8 
  0x0000025b0753c860: 7f00 0041 | 803a 000f | 8442 0000 | 0048 8b55 | e849 8bcf | 4883 ec20 | f7c4 0f00 | 0000 0f84 
  0x0000025b0753c880: 1a00 0000 | 4883 ec08 | 49ba 508d | 8558 f87f | 0000 41ff | d248 83c4 | 08e9 0d00 | 0000 49ba 
  0x0000025b0753c8a0: 508d 8558 | f87f 0000 | 41ff d248 | 83c4 2041 | 0fb6 5d00 | 49ba 103f | d258 f87f | 0000 41ff 
  0x0000025b0753c8c0: 24da ba00 | 0000 00e8 | 0500 0000 | e998 0000 | 0048 8d44 | 2408 4c89 | 6dc0 498b | cfc5 f877 
  0x0000025b0753c8e0: 4989 afa8 | 0200 0049 | 8987 9802 | 0000 4883 | ec20 f7c4 | 0f00 0000 | 0f84 1a00 | 0000 4883 
  0x0000025b0753c900: ec08 49ba | e02c 4f58 | f87f 0000 | 41ff d248 | 83c4 08e9 | 0d00 0000 | 49ba e02c | 4f58 f87f 
  0x0000025b0753c920: 0000 41ff | d248 83c4 | 2049 c787 | 9802 0000 | 0000 0000 | 49c7 87a8 | 0200 0000 | 0000 0049 
  0x0000025b0753c940: c787 a002 | 0000 0000 | 0000 c5f8 | 7749 817f | 0800 0000 | 000f 8405 | 0000 00e9 | a045 ffff 
  0x0000025b0753c960: 4c8b 6dc0 | 4c8b 75c8 | c348 8b5d | e8e9 aefe | ffff 660f | 1f44 0000 | 0000 0000 | 0000 0000 
[/MachCode]

---------------  P R O C E S S  ---------------

Threads class SMR info:
_java_thread_list=0x0000025b53dbe270, length=18, elements={
0x0000025b7836ec10, 0x0000025b783e7e50, 0x0000025b783eaa80, 0x0000025b521901b0,
0x0000025b52190f40, 0x0000025b52191dc0, 0x0000025b52192ae0, 0x0000025b52196df0,
0x0000025b5323ae40, 0x0000025b53240130, 0x0000025b532d3920, 0x0000025b5341cc30,
0x0000025b53d084e0, 0x0000025b53cd7390, 0x0000025b53cc9f30, 0x0000025b53cd5dd0,
0x0000025b53892a60, 0x0000025b53865da0
}

Java Threads: ( => current thread )
  0x0000025b7836ec10 JavaThread "main" [_thread_blocked, id=24780, stack(0x000000bdae300000,0x000000bdae400000)]
  0x0000025b783e7e50 JavaThread "Reference Handler" daemon [_thread_blocked, id=10124, stack(0x000000bdae600000,0x000000bdae700000)]
  0x0000025b783eaa80 JavaThread "Finalizer" daemon [_thread_blocked, id=3884, stack(0x000000bdae700000,0x000000bdae800000)]
  0x0000025b521901b0 JavaThread "Signal Dispatcher" daemon [_thread_blocked, id=24236, stack(0x000000bdae800000,0x000000bdae900000)]
  0x0000025b52190f40 JavaThread "Attach Listener" daemon [_thread_blocked, id=20156, stack(0x000000bdae900000,0x000000bdaea00000)]
  0x0000025b52191dc0 JavaThread "Service Thread" daemon [_thread_blocked, id=19340, stack(0x000000bdaea00000,0x000000bdaeb00000)]
  0x0000025b52192ae0 JavaThread "Monitor Deflation Thread" daemon [_thread_blocked, id=16268, stack(0x000000bdaeb00000,0x000000bdaec00000)]
  0x0000025b52196df0 JavaThread "C2 CompilerThread0" daemon [_thread_blocked, id=16936, stack(0x000000bdaec00000,0x000000bdaed00000)]
  0x0000025b5323ae40 JavaThread "C1 CompilerThread0" daemon [_thread_blocked, id=24612, stack(0x000000bdaed00000,0x000000bdaee00000)]
  0x0000025b53240130 JavaThread "Sweeper thread" daemon [_thread_blocked, id=11664, stack(0x000000bdaee00000,0x000000bdaef00000)]
  0x0000025b532d3920 JavaThread "Common-Cleaner" daemon [_thread_blocked, id=20144, stack(0x000000bdaef00000,0x000000bdaf000000)]
  0x0000025b5341cc30 JavaThread "Notification Thread" daemon [_thread_blocked, id=24444, stack(0x000000bdaf000000,0x000000bdaf100000)]
  0x0000025b53d084e0 JavaThread "Active Thread: Equinox Container: a72be976-cea1-49ea-8cf9-f441f15ef6aa" [_thread_blocked, id=27792, stack(0x000000bdaf500000,0x000000bdaf600000)]
  0x0000025b53cd7390 JavaThread "Refresh Thread: Equinox Container: a72be976-cea1-49ea-8cf9-f441f15ef6aa" daemon [_thread_blocked, id=20424, stack(0x000000bdaf600000,0x000000bdaf700000)]
  0x0000025b53cc9f30 JavaThread "Framework Event Dispatcher: Equinox Container: a72be976-cea1-49ea-8cf9-f441f15ef6aa" daemon [_thread_blocked, id=28136, stack(0x000000bdaf700000,0x000000bdaf800000)]
=>0x0000025b53cd5dd0 JavaThread "Start Level: Equinox Container: a72be976-cea1-49ea-8cf9-f441f15ef6aa" daemon [_thread_in_vm, id=22868, stack(0x000000bdaf800000,0x000000bdaf900000)]
  0x0000025b53892a60 JavaThread "Bundle File Closer" daemon [_thread_blocked, id=15524, stack(0x000000bdaf900000,0x000000bdafa00000)]
  0x0000025b53865da0 JavaThread "SCR Component Actor" daemon [_thread_blocked, id=14724, stack(0x000000bdafa00000,0x000000bdafb00000)]

Other Threads:
  0x0000025b783e1f70 VMThread "VM Thread" [stack: 0x000000bdae500000,0x000000bdae600000] [id=19936]
  0x0000025b53405b70 WatcherThread [stack: 0x000000bdaf100000,0x000000bdaf200000] [id=6328]
  0x0000025b783826d0 GCTaskThread "GC Thread#0" [stack: 0x000000bdae400000,0x000000bdae500000] [id=26608]
  0x0000025b53809740 GCTaskThread "GC Thread#1" [stack: 0x000000bdaf200000,0x000000bdaf300000] [id=24908]
  0x0000025b538a2a90 GCTaskThread "GC Thread#2" [stack: 0x000000bdaf300000,0x000000bdaf400000] [id=22136]
  0x0000025b538a13a0 GCTaskThread "GC Thread#3" [stack: 0x000000bdaf400000,0x000000bdaf500000] [id=19832]

Threads with active compile tasks:

VM state: not at safepoint (normal execution)

VM Mutex/Monitor currently owned by a thread:  ([mutex/lock_event])
[0x0000025b760e6fe0] Metaspace_lock - owner thread: 0x0000025b53cd5dd0

Heap address: 0x00000000c0000000, size: 1024 MB, Compressed Oops mode: 32-bit

CDS archive(s) mapped at: [0x0000025b11000000-0x0000025b11bb0000-0x0000025b11bb0000), size 12255232, SharedBaseAddress: 0x0000025b11000000, ArchiveRelocationMode: 1.
Compressed class space mapped at: 0x0000025b12000000-0x0000025b52000000, reserved size: 1073741824
Narrow klass base: 0x0000025b11000000, Narrow klass shift: 0, Narrow klass range: 0x100000000

GC Precious Log:
 CPUs: 4 total, 4 available
 Memory: 6023M
 Large Page Support: Disabled
 NUMA Support: Disabled
 Compressed Oops: Enabled (32-bit)
 Alignments: Space 512K, Generation 512K, Heap 2M
 Heap Min Capacity: 100M
 Heap Initial Capacity: 100M
 Heap Max Capacity: 1G
 Pre-touch: Disabled
 Parallel Workers: 4

Heap:
 PSYoungGen      total 29696K, used 11102K [0x00000000eab00000, 0x00000000ecc00000, 0x0000000100000000)
  eden space 25600K, 27% used [0x00000000eab00000,0x00000000eb1daee8,0x00000000ec400000)
  from space 4096K, 99% used [0x00000000ec400000,0x00000000ec7fccb0,0x00000000ec800000)
  to   space 4096K, 0% used [0x00000000ec800000,0x00000000ec800000,0x00000000ecc00000)
 ParOldGen       total 68608K, used 5637K [0x00000000c0000000, 0x00000000c4300000, 0x00000000eab00000)
  object space 68608K, 8% used [0x00000000c0000000,0x00000000c05817c0,0x00000000c4300000)
 Metaspace       used 10824K, committed 11072K, reserved 1114112K
  class space    used 1072K, committed 1216K, reserved 1048576K

Card table byte_map: [0x0000025b77cd0000,0x0000025b77ee0000] _byte_map_base: 0x0000025b776d0000

Marking Bits: (ParMarkBitMap*) 0x00007ff858d16950
 Begin Bits: [0x0000025b0f000000, 0x0000025b10000000)
 End Bits:   [0x0000025b10000000, 0x0000025b11000000)

Polling page: 0x0000025b762e0000

Metaspace:

Usage:
  Non-class:      9.52 MB used.
      Class:      1.05 MB used.
       Both:     10.57 MB used.

Virtual space:
  Non-class space:       64.00 MB reserved,       9.62 MB ( 15%) committed,  1 nodes.
      Class space:        1.00 GB reserved,       1.19 MB ( <1%) committed,  1 nodes.
             Both:        1.06 GB reserved,      10.81 MB ( <1%) committed. 

Chunk freelists:
   Non-Class:  6.20 MB
       Class:  14.82 MB
        Both:  21.02 MB

MaxMetaspaceSize: unlimited
CompressedClassSpaceSize: 1.00 GB
Initial GC threshold: 21.00 MB
Current GC threshold: 21.00 MB
CDS: on
MetaspaceReclaimPolicy: balanced
 - commit_granule_bytes: 65536.
 - commit_granule_words: 8192.
 - virtual_space_node_default_size: 8388608.
 - enlarge_chunks_in_place: 1.
 - new_chunks_are_fully_committed: 0.
 - uncommit_free_chunks: 1.
 - use_allocation_guard: 0.
 - handle_deallocations: 1.


Internal statistics:

num_allocs_failed_limit: 0.
num_arena_births: 136.
num_arena_deaths: 0.
num_vsnodes_births: 2.
num_vsnodes_deaths: 0.
num_space_committed: 173.
num_space_uncommitted: 0.
num_chunks_returned_to_freelist: 0.
num_chunks_taken_from_freelist: 382.
num_chunk_merges: 0.
num_chunk_splits: 256.
num_chunks_enlarged: 189.
num_inconsistent_stats: 0.

CodeHeap 'non-profiled nmethods': size=120000Kb used=930Kb max_used=930Kb free=119069Kb
 bounds [0x0000025b07ad0000, 0x0000025b07d40000, 0x0000025b0f000000]
CodeHeap 'profiled nmethods': size=120000Kb used=4097Kb max_used=4097Kb free=115902Kb
 bounds [0x0000025b00000000, 0x0000025b00410000, 0x0000025b07530000]
CodeHeap 'non-nmethods': size=5760Kb used=1175Kb max_used=1192Kb free=4585Kb
 bounds [0x0000025b07530000, 0x0000025b077a0000, 0x0000025b07ad0000]
 total_blobs=2648 nmethods=2179 adapters=383
 compilation: enabled
              stopped_count=0, restarted_count=0
 full_count=0

Compilation events (20 events):
Event: 10.666 Thread 0x0000025b5323ae40 2175       3       jdk.internal.org.objectweb.asm.ClassReader::readUtf (161 bytes)
Event: 10.667 Thread 0x0000025b5323ae40 nmethod 2175 0x0000025b003fca10 code [0x0000025b003fcbe0, 0x0000025b003fd048]
Event: 10.668 Thread 0x0000025b52196df0 2177       4       jdk.internal.org.objectweb.asm.SymbolTable::put (150 bytes)
Event: 10.670 Thread 0x0000025b52196df0 nmethod 2177 0x0000025b07bb8110 code [0x0000025b07bb82a0, 0x0000025b07bb8418]
Event: 10.769 Thread 0x0000025b5323ae40 2178       3       java.util.concurrent.Semaphore$NonfairSync::tryAcquireShared (6 bytes)
Event: 10.769 Thread 0x0000025b5323ae40 nmethod 2178 0x0000025b003fd310 code [0x0000025b003fd4c0, 0x0000025b003fd608]
Event: 10.769 Thread 0x0000025b5323ae40 2179       3       java.util.concurrent.Semaphore$Sync::nonfairTryAcquireShared (27 bytes)
Event: 10.769 Thread 0x0000025b5323ae40 nmethod 2179 0x0000025b003fd690 code [0x0000025b003fd840, 0x0000025b003fdaa8]
Event: 10.791 Thread 0x0000025b5323ae40 2180       3       java.util.Arrays::rangeCheck (74 bytes)
Event: 10.792 Thread 0x0000025b5323ae40 nmethod 2180 0x0000025b003fdb90 code [0x0000025b003fde40, 0x0000025b003fe868]
Event: 10.792 Thread 0x0000025b5323ae40 2181       3       java.util.Arrays::fill (28 bytes)
Event: 10.792 Thread 0x0000025b5323ae40 nmethod 2181 0x0000025b003fec90 code [0x0000025b003fee40, 0x0000025b003ff068]
Event: 10.793 Thread 0x0000025b52196df0 2182 %     4       java.util.Arrays::fill @ 10 (28 bytes)
Event: 10.798 Thread 0x0000025b52196df0 nmethod 2182% 0x0000025b07bb8590 code [0x0000025b07bb8720, 0x0000025b07bb88d8]
Event: 10.812 Thread 0x0000025b5323ae40 2183       3       com.sun.org.apache.xerces.internal.util.XMLChar::isContent (35 bytes)
Event: 10.812 Thread 0x0000025b5323ae40 nmethod 2183 0x0000025b003ff190 code [0x0000025b003ff340, 0x0000025b003ff558]
Event: 10.923 Thread 0x0000025b5323ae40 2184       3       java.util.LinkedList::checkPositionIndex (22 bytes)
Event: 10.924 Thread 0x0000025b5323ae40 nmethod 2184 0x0000025b003ff610 code [0x0000025b003ff860, 0x0000025b003fffa8]
Event: 10.924 Thread 0x0000025b5323ae40 2185       3       java.util.LinkedList::isPositionIndex (18 bytes)
Event: 10.924 Thread 0x0000025b5323ae40 nmethod 2185 0x0000025b00400290 code [0x0000025b00400420, 0x0000025b004005b8]

GC Heap History (6 events):
Event: 3.971 GC heap before
{Heap before GC invocations=1 (full 0):
 PSYoungGen      total 29696K, used 25600K [0x00000000eab00000, 0x00000000ecc00000, 0x0000000100000000)
  eden space 25600K, 100% used [0x00000000eab00000,0x00000000ec400000,0x00000000ec400000)
  from space 4096K, 0% used [0x00000000ec800000,0x00000000ec800000,0x00000000ecc00000)
  to   space 4096K, 0% used [0x00000000ec400000,0x00000000ec400000,0x00000000ec800000)
 ParOldGen       total 68608K, used 0K [0x00000000c0000000, 0x00000000c4300000, 0x00000000eab00000)
  object space 68608K, 0% used [0x00000000c0000000,0x00000000c0000000,0x00000000c4300000)
 Metaspace       used 4789K, committed 4928K, reserved 1114112K
  class space    used 451K, committed 512K, reserved 1048576K
}
Event: 3.999 GC heap after
{Heap after GC invocations=1 (full 0):
 PSYoungGen      total 29696K, used 3109K [0x00000000eab00000, 0x00000000ecc00000, 0x0000000100000000)
  eden space 25600K, 0% used [0x00000000eab00000,0x00000000eab00000,0x00000000ec400000)
  from space 4096K, 75% used [0x00000000ec400000,0x00000000ec709508,0x00000000ec800000)
  to   space 4096K, 0% used [0x00000000ec800000,0x00000000ec800000,0x00000000ecc00000)
 ParOldGen       total 68608K, used 0K [0x00000000c0000000, 0x00000000c4300000, 0x00000000eab00000)
  object space 68608K, 0% used [0x00000000c0000000,0x00000000c0000000,0x00000000c4300000)
 Metaspace       used 4789K, committed 4928K, reserved 1114112K
  class space    used 451K, committed 512K, reserved 1048576K
}
Event: 6.652 GC heap before
{Heap before GC invocations=2 (full 0):
 PSYoungGen      total 29696K, used 28709K [0x00000000eab00000, 0x00000000ecc00000, 0x0000000100000000)
  eden space 25600K, 100% used [0x00000000eab00000,0x00000000ec400000,0x00000000ec400000)
  from space 4096K, 75% used [0x00000000ec400000,0x00000000ec709508,0x00000000ec800000)
  to   space 4096K, 0% used [0x00000000ec800000,0x00000000ec800000,0x00000000ecc00000)
 ParOldGen       total 68608K, used 0K [0x00000000c0000000, 0x00000000c4300000, 0x00000000eab00000)
  object space 68608K, 0% used [0x00000000c0000000,0x00000000c0000000,0x00000000c4300000)
 Metaspace       used 8099K, committed 8320K, reserved 1114112K
  class space    used 783K, committed 896K, reserved 1048576K
}
Event: 6.660 GC heap after
{Heap after GC invocations=2 (full 0):
 PSYoungGen      total 29696K, used 4075K [0x00000000eab00000, 0x00000000ecc00000, 0x0000000100000000)
  eden space 25600K, 0% used [0x00000000eab00000,0x00000000eab00000,0x00000000ec400000)
  from space 4096K, 99% used [0x00000000ec800000,0x00000000ecbfad50,0x00000000ecc00000)
  to   space 4096K, 0% used [0x00000000ec400000,0x00000000ec400000,0x00000000ec800000)
 ParOldGen       total 68608K, used 1284K [0x00000000c0000000, 0x00000000c4300000, 0x00000000eab00000)
  object space 68608K, 1% used [0x00000000c0000000,0x00000000c0141208,0x00000000c4300000)
 Metaspace       used 8099K, committed 8320K, reserved 1114112K
  class space    used 783K, committed 896K, reserved 1048576K
}
Event: 10.440 GC heap before
{Heap before GC invocations=3 (full 0):
 PSYoungGen      total 29696K, used 29675K [0x00000000eab00000, 0x00000000ecc00000, 0x0000000100000000)
  eden space 25600K, 100% used [0x00000000eab00000,0x00000000ec400000,0x00000000ec400000)
  from space 4096K, 99% used [0x00000000ec800000,0x00000000ecbfad50,0x00000000ecc00000)
  to   space 4096K, 0% used [0x00000000ec400000,0x00000000ec400000,0x00000000ec800000)
 ParOldGen       total 68608K, used 1284K [0x00000000c0000000, 0x00000000c4300000, 0x00000000eab00000)
  object space 68608K, 1% used [0x00000000c0000000,0x00000000c0141208,0x00000000c4300000)
 Metaspace       used 9361K, committed 9600K, reserved 1114112K
  class space    used 915K, committed 1024K, reserved 1048576K
}
Event: 10.453 GC heap after
{Heap after GC invocations=3 (full 0):
 PSYoungGen      total 29696K, used 4083K [0x00000000eab00000, 0x00000000ecc00000, 0x0000000100000000)
  eden space 25600K, 0% used [0x00000000eab00000,0x00000000eab00000,0x00000000ec400000)
  from space 4096K, 99% used [0x00000000ec400000,0x00000000ec7fccb0,0x00000000ec800000)
  to   space 4096K, 0% used [0x00000000ec800000,0x00000000ec800000,0x00000000ecc00000)
 ParOldGen       total 68608K, used 5637K [0x00000000c0000000, 0x00000000c4300000, 0x00000000eab00000)
  object space 68608K, 8% used [0x00000000c0000000,0x00000000c05817c0,0x00000000c4300000)
 Metaspace       used 9361K, committed 9600K, reserved 1114112K
  class space    used 915K, committed 1024K, reserved 1048576K
}

Dll operation events (10 events):
Event: 0.060 Loaded shared library C:\Users\Public\wpilib\2026\jdk\bin\java.dll
Event: 0.207 Loaded shared library C:\Users\Public\wpilib\2026\jdk\bin\jsvml.dll
Event: 0.739 Loaded shared library C:\Users\Public\wpilib\2026\jdk\bin\zip.dll
Event: 0.745 Loaded shared library C:\Users\Public\wpilib\2026\jdk\bin\instrument.dll
Event: 0.807 Loaded shared library C:\Users\Public\wpilib\2026\jdk\bin\net.dll
Event: 0.812 Loaded shared library C:\Users\Public\wpilib\2026\jdk\bin\nio.dll
Event: 0.821 Loaded shared library C:\Users\Public\wpilib\2026\jdk\bin\zip.dll
Event: 0.928 Loaded shared library C:\Users\Public\wpilib\2026\jdk\bin\jimage.dll
Event: 1.446 Loaded shared library C:\Users\Public\wpilib\2026\jdk\bin\verify.dll
Event: 6.421 Loaded shared library C:\Users\Public\wpilib\2026\vscode\data\user-data\User\globalStorage\redhat.java\1.38.0\config_win\org.eclipse.equinox.launcher\org.eclipse.equinox.launcher.win32.win32.x86_64_1.2.1100.v20240722-2106\eclipse_11904.dll

Deoptimization events (20 events):
Event: 9.478 Thread 0x0000025b53cd5dd0 DEOPT PACKING pc=0x0000025b07b204b4 sp=0x000000bdaf8fe1f0
Event: 9.478 Thread 0x0000025b53cd5dd0 DEOPT UNPACKING pc=0x0000025b075866a3 sp=0x000000bdaf8fe1c0 mode 2
Event: 9.599 Thread 0x0000025b53cd5dd0 Uncommon trap: trap_request=0xffffff45 fr.pc=0x0000025b07aec9b0 relative=0x0000000000000110
Event: 9.599 Thread 0x0000025b53cd5dd0 Uncommon trap: reason=unstable_if action=reinterpret pc=0x0000025b07aec9b0 method=java.lang.StringCoding.hasNegatives([BII)Z @ 12 c2
Event: 9.599 Thread 0x0000025b53cd5dd0 DEOPT PACKING pc=0x0000025b07aec9b0 sp=0x000000bdaf8fd6b0
Event: 9.599 Thread 0x0000025b53cd5dd0 DEOPT UNPACKING pc=0x0000025b075866a3 sp=0x000000bdaf8fd640 mode 2
Event: 9.606 Thread 0x0000025b53cd5dd0 DEOPT PACKING pc=0x0000025b003907ca sp=0x000000bdaf8fd6b0
Event: 9.606 Thread 0x0000025b53cd5dd0 DEOPT UNPACKING pc=0x0000025b07586e43 sp=0x000000bdaf8fcb38 mode 0
Event: 9.624 Thread 0x0000025b53cd5dd0 DEOPT PACKING pc=0x0000025b003907ca sp=0x000000bdaf8fd6b0
Event: 9.624 Thread 0x0000025b53cd5dd0 DEOPT UNPACKING pc=0x0000025b07586e43 sp=0x000000bdaf8fcb38 mode 0
Event: 9.645 Thread 0x0000025b53cd5dd0 DEOPT PACKING pc=0x0000025b003907ca sp=0x000000bdaf8fd6b0
Event: 9.645 Thread 0x0000025b53cd5dd0 DEOPT UNPACKING pc=0x0000025b07586e43 sp=0x000000bdaf8fcb38 mode 0
Event: 9.768 Thread 0x0000025b53cd5dd0 Uncommon trap: trap_request=0xffffff45 fr.pc=0x0000025b07b47984 relative=0x0000000000000164
Event: 9.768 Thread 0x0000025b53cd5dd0 Uncommon trap: reason=unstable_if action=reinterpret pc=0x0000025b07b47984 method=java.lang.String.startsWith(Ljava/lang/String;I)Z @ 50 c2
Event: 9.768 Thread 0x0000025b53cd5dd0 DEOPT PACKING pc=0x0000025b07b47984 sp=0x000000bdaf8fe600
Event: 9.768 Thread 0x0000025b53cd5dd0 DEOPT UNPACKING pc=0x0000025b075866a3 sp=0x000000bdaf8fe508 mode 2
Event: 10.485 Thread 0x0000025b53cd5dd0 Uncommon trap: trap_request=0xffffff45 fr.pc=0x0000025b07bb1598 relative=0x0000000000000c78
Event: 10.485 Thread 0x0000025b53cd5dd0 Uncommon trap: reason=unstable_if action=reinterpret pc=0x0000025b07bb1598 method=org.eclipse.osgi.framework.util.CaseInsensitiveDictionaryMap.findCommonKeyIndex(Ljava/lang/String;)Lorg/eclipse/osgi/framework/util/CaseInsensitiveDictionaryMap$CaseInsensit
Event: 10.485 Thread 0x0000025b53cd5dd0 DEOPT PACKING pc=0x0000025b07bb1598 sp=0x000000bdaf8fe650
Event: 10.485 Thread 0x0000025b53cd5dd0 DEOPT UNPACKING pc=0x0000025b075866a3 sp=0x000000bdaf8fe5f0 mode 2

Classes loaded (20 events):
Event: 10.790 Loading class com/sun/xml/internal/stream/Entity$ScannedEntity
Event: 10.790 Loading class com/sun/xml/internal/stream/Entity
Event: 10.790 Loading class com/sun/xml/internal/stream/Entity done
Event: 10.790 Loading class com/sun/xml/internal/stream/Entity$ScannedEntity done
Event: 10.790 Loading class com/sun/org/apache/xerces/internal/util/XMLChar
Event: 10.791 Loading class com/sun/org/apache/xerces/internal/util/XMLChar done
Event: 10.794 Loading class com/sun/org/apache/xerces/internal/util/XMLSymbols
Event: 10.794 Loading class com/sun/org/apache/xerces/internal/util/XMLSymbols done
Event: 10.795 Loading class com/sun/org/apache/xerces/internal/parsers/AbstractSAXParser$LocatorProxy
Event: 10.795 Loading class org/xml/sax/ext/Locator2
Event: 10.795 Loading class org/xml/sax/Locator
Event: 10.795 Loading class org/xml/sax/Locator done
Event: 10.795 Loading class org/xml/sax/ext/Locator2 done
Event: 10.795 Loading class com/sun/org/apache/xerces/internal/parsers/AbstractSAXParser$LocatorProxy done
Event: 10.795 Loading class com/sun/org/apache/xerces/internal/impl/XMLScanner$NameType
Event: 10.795 Loading class com/sun/org/apache/xerces/internal/impl/XMLScanner$NameType done
Event: 10.798 Loading class com/sun/org/apache/xerces/internal/impl/Constants
Event: 10.800 Loading class com/sun/org/apache/xerces/internal/impl/Constants done
Event: 10.800 Loading class com/sun/org/apache/xerces/internal/impl/Constants$ArrayEnumeration
Event: 10.801 Loading class com/sun/org/apache/xerces/internal/impl/Constants$ArrayEnumeration done

Classes unloaded (0 events):
No events

Classes redefined (0 events):
No events

Internal exceptions (20 events):
Event: 3.769 Thread 0x0000025b7836ec10 Implicit null exception at 0x0000025b07b1560c to 0x0000025b07b15820
Event: 3.770 Thread 0x0000025b7836ec10 Implicit null exception at 0x0000025b07b2662f to 0x0000025b07b266a9
Event: 4.020 Thread 0x0000025b7836ec10 Exception <a 'java/lang/NoSuchMethodError'{0x00000000eab33428}: 'int java.lang.invoke.DirectMethodHandle$Holder.invokeStaticInit(java.lang.Object, java.lang.Object, java.lang.Object, java.lang.Object)'> (0x00000000eab33428) 
thrown [s\src\hotspot\share\interpreter\linkResolver.cpp, line 759]
Event: 4.023 Thread 0x0000025b7836ec10 Exception <a 'java/lang/NoSuchMethodError'{0x00000000eab3db90}: 'java.lang.Object java.lang.invoke.DirectMethodHandle$Holder.invokeInterface(java.lang.Object, java.lang.Object)'> (0x00000000eab3db90) 
thrown [s\src\hotspot\share\interpreter\linkResolver.cpp, line 759]
Event: 4.024 Thread 0x0000025b7836ec10 Exception <a 'java/lang/IncompatibleClassChangeError'{0x00000000eab41388}: Found class java.lang.Object, but interface was expected> (0x00000000eab41388) 
thrown [s\src\hotspot\share\interpreter\linkResolver.cpp, line 826]
Event: 4.025 Thread 0x0000025b7836ec10 Exception <a 'java/lang/NoSuchMethodError'{0x00000000eab45a98}: 'void java.lang.invoke.DirectMethodHandle$Holder.invokeStatic(java.lang.Object, java.lang.Object)'> (0x00000000eab45a98) 
thrown [s\src\hotspot\share\interpreter\linkResolver.cpp, line 759]
Event: 4.026 Thread 0x0000025b7836ec10 Exception <a 'java/lang/NoSuchMethodError'{0x00000000eab493b0}: 'void java.lang.invoke.DirectMethodHandle$Holder.invokeStaticInit(java.lang.Object, java.lang.Object)'> (0x00000000eab493b0) 
thrown [s\src\hotspot\share\interpreter\linkResolver.cpp, line 759]
Event: 4.029 Thread 0x0000025b7836ec10 Exception <a 'java/lang/NoSuchMethodError'{0x00000000eab50b70}: 'int java.lang.invoke.DirectMethodHandle$Holder.invokeStaticInit(java.lang.Object, java.lang.Object)'> (0x00000000eab50b70) 
thrown [s\src\hotspot\share\interpreter\linkResolver.cpp, line 759]
Event: 4.228 Thread 0x0000025b7836ec10 Exception <a 'java/lang/NoSuchMethodError'{0x00000000eacdadb0}: 'void java.lang.invoke.DirectMethodHandle$Holder.invokeSpecial(java.lang.Object, java.lang.Object, java.lang.Object)'> (0x00000000eacdadb0) 
thrown [s\src\hotspot\share\interpreter\linkResolver.cpp, line 759]
Event: 5.428 Thread 0x0000025b7836ec10 Exception <a 'java/lang/NoSuchMethodError'{0x00000000eba4fce8}: 'java.lang.Object java.lang.invoke.DirectMethodHandle$Holder.newInvokeSpecial(java.lang.Object, int, java.lang.Object)'> (0x00000000eba4fce8) 
thrown [s\src\hotspot\share\interpreter\linkResolver.cpp, line 759]
Event: 6.409 Thread 0x0000025b7836ec10 Exception <a 'java/lang/UnsatisfiedLinkError'{0x00000000ec0351c0}: 'void org.eclipse.equinox.launcher.JNIBridge._update_splash()'> (0x00000000ec0351c0) 
thrown [s\src\hotspot\share\prims\nativeLookup.cpp, line 543]
Event: 6.484 Thread 0x0000025b53cd7390 Exception <a 'java/lang/NoSuchMethodError'{0x00000000ec0eb040}: 'java.lang.Object java.lang.invoke.Invokers$Holder.invokeExact_MT(java.lang.Object, java.lang.Object, java.lang.Object, java.lang.Object, java.lang.Object, java.lang.Object)'> (0x00000000ec0eb040) 
thrown [s\src\hotspot\share\interpreter\linkResolver.cpp, line 759]
Event: 6.487 Thread 0x0000025b53cd7390 Exception <a 'java/lang/NoSuchMethodError'{0x00000000ec0ff128}: 'int java.lang.invoke.DirectMethodHandle$Holder.invokeSpecial(java.lang.Object, java.lang.Object, java.lang.Object)'> (0x00000000ec0ff128) 
thrown [s\src\hotspot\share\interpreter\linkResolver.cpp, line 759]
Event: 6.883 Thread 0x0000025b53cd5dd0 Exception <a 'java/lang/NoSuchMethodError'{0x00000000ead9fee8}: 'java.lang.Object java.lang.invoke.DirectMethodHandle$Holder.invokeStaticInit(java.lang.Object)'> (0x00000000ead9fee8) 
thrown [s\src\hotspot\share\interpreter\linkResolver.cpp, line 759]
Event: 6.972 Thread 0x0000025b53cd5dd0 Exception <a 'java/lang/NoSuchMethodError'{0x00000000eae69f70}: 'java.lang.Object java.lang.invoke.DirectMethodHandle$Holder.newInvokeSpecial(java.lang.Object, java.lang.Object, int, java.lang.Object)'> (0x00000000eae69f70) 
thrown [s\src\hotspot\share\interpreter\linkResolver.cpp, line 759]
Event: 7.004 Thread 0x0000025b53cd5dd0 Exception <a 'java/lang/NoSuchMethodError'{0x00000000eae6e4c8}: 'java.lang.Object java.lang.invoke.DirectMethodHandle$Holder.invokeSpecial(java.lang.Object, java.lang.Object, java.lang.Object, int, java.lang.Object)'> (0x00000000eae6e4c8) 
thrown [s\src\hotspot\share\interpreter\linkResolver.cpp, line 759]
Event: 7.151 Thread 0x0000025b53cd5dd0 Exception <a 'java/lang/NoSuchMethodError'{0x00000000eb0152c0}: 'java.lang.Object java.lang.invoke.DirectMethodHandle$Holder.invokeStatic(java.lang.Object, int, java.lang.Object)'> (0x00000000eb0152c0) 
thrown [s\src\hotspot\share\interpreter\linkResolver.cpp, line 759]
Event: 7.307 Thread 0x0000025b53cd5dd0 Exception <a 'java/lang/ClassNotFoundException'{0x00000000eb0e6808}: sun/util/logging/resources/spi/loggingProvider> (0x00000000eb0e6808) 
thrown [s\src\hotspot\share\classfile\systemDictionary.cpp, line 256]
Event: 10.606 Thread 0x0000025b53cd5dd0 Exception <a 'java/lang/NullPointerException'{0x00000000ead68460}> (0x00000000ead68460) 
thrown [s\src\hotspot\share\interpreter\linkResolver.cpp, line 1350]
Event: 10.606 Thread 0x0000025b53cd5dd0 Exception <a 'java/lang/NullPointerException'{0x00000000ead68738}> (0x00000000ead68738) 
thrown [s\src\hotspot\share\interpreter\linkResolver.cpp, line 1350]

VM Operations (20 events):
Event: 6.433 Executing VM operation: Cleanup
Event: 6.450 Executing VM operation: Cleanup done
Event: 6.652 Executing VM operation: ParallelGCFailedAllocation
Event: 6.660 Executing VM operation: ParallelGCFailedAllocation done
Event: 6.853 Executing VM operation: HandshakeAllThreads
Event: 6.853 Executing VM operation: HandshakeAllThreads done
Event: 7.137 Executing VM operation: HandshakeAllThreads
Event: 7.137 Executing VM operation: HandshakeAllThreads done
Event: 7.337 Executing VM operation: HandshakeAllThreads
Event: 7.337 Executing VM operation: HandshakeAllThreads done
Event: 7.410 Executing VM operation: HandshakeAllThreads
Event: 7.410 Executing VM operation: HandshakeAllThreads done
Event: 8.424 Executing VM operation: Cleanup
Event: 8.520 Executing VM operation: Cleanup done
Event: 9.520 Executing VM operation: Cleanup
Event: 9.521 Executing VM operation: Cleanup done
Event: 10.440 Executing VM operation: ParallelGCFailedAllocation
Event: 10.453 Executing VM operation: ParallelGCFailedAllocation done
Event: 10.590 Executing VM operation: HandshakeAllThreads
Event: 10.590 Executing VM operation: HandshakeAllThreads done

Memory protections (0 events):
No events

Nmethod flushes (0 events):
No events

Events (20 events):
Event: 0.408 Thread 0x0000025b7836ec10 Thread added: 0x0000025b52192ae0
Event: 0.408 Thread 0x0000025b7836ec10 Thread added: 0x0000025b52196df0
Event: 0.460 Thread 0x0000025b7836ec10 Thread added: 0x0000025b5323ae40
Event: 0.477 Thread 0x0000025b7836ec10 Thread added: 0x0000025b53240130
Event: 0.594 Thread 0x0000025b7836ec10 Thread added: 0x0000025b532d3920
Event: 2.042 Thread 0x0000025b7836ec10 Thread added: 0x0000025b5341cc30
Event: 2.509 Thread 0x0000025b5323ae40 Thread added: 0x0000025b536088d0
Event: 2.644 Thread 0x0000025b536088d0 Thread exited: 0x0000025b536088d0
Event: 2.765 Thread 0x0000025b5323ae40 Thread added: 0x0000025b5359efc0
Event: 3.662 Thread 0x0000025b5359efc0 Thread exited: 0x0000025b5359efc0
Event: 4.446 Thread 0x0000025b5323ae40 Thread added: 0x0000025b539de530
Event: 4.935 Thread 0x0000025b539de530 Thread exited: 0x0000025b539de530
Event: 5.294 Thread 0x0000025b7836ec10 Thread added: 0x0000025b53d084e0
Event: 6.407 Thread 0x0000025b7836ec10 Thread added: 0x0000025b53cd7390
Event: 6.556 Thread 0x0000025b53cd7390 Thread added: 0x0000025b53cc9f30
Event: 6.577 Thread 0x0000025b7836ec10 Thread added: 0x0000025b53cd5dd0
Event: 7.429 Thread 0x0000025b5323ae40 Thread added: 0x0000025b53b16030
Event: 7.667 Thread 0x0000025b53b16030 Thread exited: 0x0000025b53b16030
Event: 9.477 Thread 0x0000025b53cd5dd0 Thread added: 0x0000025b53892a60
Event: 10.491 Thread 0x0000025b53cd5dd0 Thread added: 0x0000025b53865da0


Dynamic libraries:
0x00007ff741b90000 - 0x00007ff741b9e000 	C:\Users\Public\wpilib\2026\jdk\bin\java.exe
0x00007ff8f9ad0000 - 0x00007ff8f9ce8000 	C:\WINDOWS\SYSTEM32\ntdll.dll
0x00007ff8c9190000 - 0x00007ff8c91b0000 	C:\Program Files\Norton\Suite\aswhook.dll
0x00007ff8f8200000 - 0x00007ff8f82c4000 	C:\WINDOWS\System32\KERNEL32.DLL
0x00007ff8f6d00000 - 0x00007ff8f70d3000 	C:\WINDOWS\System32\KERNELBASE.dll
0x000000005d540000 - 0x000000005d871000 	C:\Program Files\Norton Security\NortonData\22.23.3.8\Definitions\IPSDefs\20230908.064\IPSEng64.dll
0x00007ff8f9230000 - 0x00007ff8f92e1000 	C:\WINDOWS\System32\ADVAPI32.dll
0x00007ff8f78e0000 - 0x00007ff8f7987000 	C:\WINDOWS\System32\msvcrt.dll
0x00007ff8f8410000 - 0x00007ff8f84b8000 	C:\WINDOWS\System32\sechost.dll
0x00007ff8f7530000 - 0x00007ff8f7558000 	C:\WINDOWS\System32\bcrypt.dll
0x00007ff8f9110000 - 0x00007ff8f9228000 	C:\WINDOWS\System32\RPCRT4.dll
0x00007ff8f77c0000 - 0x00007ff8f77c8000 	C:\WINDOWS\System32\PSAPI.DLL
0x00007ff8f6be0000 - 0x00007ff8f6cf1000 	C:\WINDOWS\System32\ucrtbase.dll
0x00007ff8a1ec0000 - 0x00007ff8a1ed7000 	C:\Users\Public\wpilib\2026\jdk\bin\jli.dll
0x00007ff8f8530000 - 0x00007ff8f86e2000 	C:\WINDOWS\System32\USER32.dll
0x00007ff8f73c0000 - 0x00007ff8f73e6000 	C:\WINDOWS\System32\win32u.dll
0x00007ff8f79f0000 - 0x00007ff8f7a19000 	C:\WINDOWS\System32\GDI32.dll
0x00007ff8f70e0000 - 0x00007ff8f71fb000 	C:\WINDOWS\System32\gdi32full.dll
0x00007ff8f76d0000 - 0x00007ff8f776a000 	C:\WINDOWS\System32\msvcp_win.dll
0x00007ff89e3f0000 - 0x00007ff89e40e000 	C:\Users\Public\wpilib\2026\jdk\bin\VCRUNTIME140.dll
0x00007ff8e6bd0000 - 0x00007ff8e6e6c000 	C:\WINDOWS\WinSxS\amd64_microsoft.windows.common-controls_6595b64144ccf1df_6.0.22621.6060_none_2712eda17382d24b\COMCTL32.dll
0x00007ff8f9a50000 - 0x00007ff8f9a81000 	C:\WINDOWS\System32\IMM32.DLL
0x00007ff8e2cf0000 - 0x00007ff8e2cfc000 	C:\Users\Public\wpilib\2026\jdk\bin\vcruntime140_1.dll
0x00007ff87f3c0000 - 0x00007ff87f449000 	C:\Users\Public\wpilib\2026\jdk\bin\msvcp140.dll
0x00007ff858170000 - 0x00007ff858ddb000 	C:\Users\Public\wpilib\2026\jdk\bin\server\jvm.dll
0x00007ff8f99b0000 - 0x00007ff8f9a21000 	C:\WINDOWS\System32\WS2_32.dll
0x00007ff8f6ab0000 - 0x00007ff8f6afd000 	C:\WINDOWS\SYSTEM32\POWRPROF.dll
0x00007ff8f2c50000 - 0x00007ff8f2c84000 	C:\WINDOWS\SYSTEM32\WINMM.dll
0x00007ff8ee9c0000 - 0x00007ff8ee9ca000 	C:\WINDOWS\SYSTEM32\VERSION.dll
0x00007ff8f6a90000 - 0x00007ff8f6aa3000 	C:\WINDOWS\SYSTEM32\UMPDC.dll
0x00007ff8f5bc0000 - 0x00007ff8f5bd8000 	C:\WINDOWS\SYSTEM32\kernel.appcore.dll
0x00007ff8c6720000 - 0x00007ff8c672a000 	C:\Users\Public\wpilib\2026\jdk\bin\jimage.dll
0x00007ff8ed9c0000 - 0x00007ff8edbf3000 	C:\WINDOWS\SYSTEM32\DBGHELP.DLL
0x00007ff8f94b0000 - 0x00007ff8f9841000 	C:\WINDOWS\System32\combase.dll
0x00007ff8f8710000 - 0x00007ff8f87e8000 	C:\WINDOWS\System32\OLEAUT32.dll
0x00007ff8ed7a0000 - 0x00007ff8ed7d2000 	C:\WINDOWS\SYSTEM32\dbgcore.DLL
0x00007ff8f73f0000 - 0x00007ff8f746b000 	C:\WINDOWS\System32\bcryptPrimitives.dll
0x00007ff8c6570000 - 0x00007ff8c657e000 	C:\Users\Public\wpilib\2026\jdk\bin\instrument.dll
0x00007ff89c8c0000 - 0x00007ff89c8e5000 	C:\Users\Public\wpilib\2026\jdk\bin\java.dll
0x00007ff87bea0000 - 0x00007ff87bf77000 	C:\Users\Public\wpilib\2026\jdk\bin\jsvml.dll
0x00007ff8f87f0000 - 0x00007ff8f908c000 	C:\WINDOWS\System32\SHELL32.dll
0x00007ff8f7280000 - 0x00007ff8f73bf000 	C:\WINDOWS\System32\wintypes.dll
0x00007ff8f4ae0000 - 0x00007ff8f53fa000 	C:\WINDOWS\SYSTEM32\windows.storage.dll
0x00007ff8f7a20000 - 0x00007ff8f7b24000 	C:\WINDOWS\System32\SHCORE.dll
0x00007ff8f84c0000 - 0x00007ff8f8529000 	C:\WINDOWS\System32\shlwapi.dll
0x00007ff8f6b10000 - 0x00007ff8f6b35000 	C:\WINDOWS\SYSTEM32\profapi.dll
0x00007ff89d210000 - 0x00007ff89d228000 	C:\Users\Public\wpilib\2026\jdk\bin\zip.dll
0x00007ff89ccb0000 - 0x00007ff89ccc9000 	C:\Users\Public\wpilib\2026\jdk\bin\net.dll
0x00007ff8f0a20000 - 0x00007ff8f0b4c000 	C:\WINDOWS\SYSTEM32\WINHTTP.dll
0x00007ff8f60a0000 - 0x00007ff8f6109000 	C:\WINDOWS\system32\mswsock.dll
0x00007ff89c8a0000 - 0x00007ff89c8b6000 	C:\Users\Public\wpilib\2026\jdk\bin\nio.dll
0x00007ff8c5ef0000 - 0x00007ff8c5f00000 	C:\Users\Public\wpilib\2026\jdk\bin\verify.dll
0x00007ff8c4cc0000 - 0x00007ff8c4d05000 	C:\Users\Public\wpilib\2026\vscode\data\user-data\User\globalStorage\redhat.java\1.38.0\config_win\org.eclipse.equinox.launcher\org.eclipse.equinox.launcher.win32.win32.x86_64_1.2.1100.v20240722-2106\eclipse_11904.dll
0x00007ff8f9300000 - 0x00007ff8f94a1000 	C:\WINDOWS\System32\ole32.dll

dbghelp: loaded successfully - version: 4.0.5 - missing functions: none
symbol engine: initialized successfully - sym options: 0x614 - pdb path: .;C:\Users\Public\wpilib\2026\jdk\bin;C:\WINDOWS\SYSTEM32;C:\Program Files\Norton\Suite;C:\Program Files\Norton Security\NortonData\22.23.3.8\Definitions\IPSDefs\20230908.064;C:\WINDOWS\WinSxS\amd64_microsoft.windows.common-controls_6595b64144ccf1df_6.0.22621.6060_none_2712eda17382d24b;C:\Users\Public\wpilib\2026\jdk\bin\server;C:\Users\Public\wpilib\2026\vscode\data\user-data\User\globalStorage\redhat.java\1.38.0\config_win\org.eclipse.equinox.launcher\org.eclipse.equinox.launcher.win32.win32.x86_64_1.2.1100.v20240722-2106

VM Arguments:
jvm_args: --add-modules=ALL-SYSTEM --add-opens=java.base/java.util=ALL-UNNAMED --add-opens=java.base/java.lang=ALL-UNNAMED --add-opens=java.base/sun.nio.fs=ALL-UNNAMED -Declipse.application=org.eclipse.jdt.ls.core.id1 -Dosgi.bundles.defaultStartLevel=4 -Declipse.product=org.eclipse.jdt.ls.core.product -Djava.import.generatesMetadataFilesAtProjectRoot=false -DDetectVMInstallationsJob.disabled=true -Dfile.encoding=utf8 -XX:+UseParallelGC -XX:GCTimeRatio=4 -XX:AdaptiveSizePolicyWeight=90 -Dsun.zip.disableMemoryMapping=true -Xmx1G -Xms100m -Xlog:disable -javaagent:c:\Users\Public\wpilib\2026\vscode\data\extensions\redhat.java-1.38.0\lombok\lombok-1.18.34.jar -XX:+HeapDumpOnOutOfMemoryError -XX:HeapDumpPath=c:\Users\Public\wpilib\2026\vscode\data\user-data\User\workspaceStorage\a4224967a930a49dfca026b0e4750ca4\redhat.java -Daether.dependencyCollector.impl=bf 
java_command: c:\Users\Public\wpilib\2026\vscode\data\extensions\redhat.java-1.38.0\server\plugins\org.eclipse.equinox.launcher_1.6.900.v20240613-2009.jar -configuration c:\Users\Public\wpilib\2026\vscode\data\user-data\User\globalStorage\redhat.java\1.38.0\config_win -data c:\Users\Public\wpilib\2026\vscode\data\user-data\User\workspaceStorage\a4224967a930a49dfca026b0e4750ca4\redhat.java\jdt_ws --pipe=\\.\pipe\lsp-bec57b27ee6bab0114960c6171d5328d-sock
java_class_path (initial): c:\Users\Public\wpilib\2026\vscode\data\extensions\redhat.java-1.38.0\server\plugins\org.eclipse.equinox.launcher_1.6.900.v20240613-2009.jar
Launcher Type: SUN_STANDARD

[Global flags]
    uintx AdaptiveSizePolicyWeight                 = 90                                        {product} {command line}
     intx CICompilerCount                          = 3                                         {product} {ergonomic}
    uintx GCTimeRatio                              = 4                                         {product} {command line}
     bool HeapDumpOnOutOfMemoryError               = true                                   {manageable} {command line}
    ccstr HeapDumpPath                             = c:\Users\Public\wpilib\2026\vscode\data\user-data\User\workspaceStorage\a4224967a930a49dfca026b0e4750ca4\redhat.java         {manageable} {command line}
   size_t InitialHeapSize                          = 104857600                                 {product} {command line}
   size_t MaxHeapSize                              = 1073741824                                {product} {command line}
   size_t MaxNewSize                               = 357564416                                 {product} {ergonomic}
   size_t MinHeapDeltaBytes                        = 524288                                    {product} {ergonomic}
   size_t MinHeapSize                              = 104857600                                 {product} {command line}
   size_t NewSize                                  = 34603008                                  {product} {ergonomic}
    uintx NonNMethodCodeHeapSize                   = 5832780                                {pd product} {ergonomic}
    uintx NonProfiledCodeHeapSize                  = 122912730                              {pd product} {ergonomic}
   size_t OldSize                                  = 70254592                                  {product} {ergonomic}
    uintx ProfiledCodeHeapSize                     = 122912730                              {pd product} {ergonomic}
    uintx ReservedCodeCacheSize                    = 251658240                              {pd product} {ergonomic}
     bool SegmentedCodeCache                       = true                                      {product} {ergonomic}
   size_t SoftMaxHeapSize                          = 1073741824                             {manageable} {ergonomic}
     bool UseCompressedClassPointers               = true                           {product lp64_product} {ergonomic}
     bool UseCompressedOops                        = true                           {product lp64_product} {ergonomic}
     bool UseLargePagesIndividualAllocation        = false                                  {pd product} {ergonomic}
     bool UseParallelGC                            = true                                      {product} {command line}

Logging:
Log output configuration:
 #0: stdout all=off uptime,level,tags
 #1: stderr all=off uptime,level,tags

Environment Variables:
PATH=C:\Program Files\Common Files\Oracle\Java\javapath;C:\WINDOWS\system32;C:\WINDOWS;C:\WINDOWS\System32\Wbem;C:\WINDOWS\System32\WindowsPowerShell\v1.0\;C:\WINDOWS\System32\OpenSSH\;C:\Program Files\dotnet\;C:\Program Files\WireGuard\;C:\Users\sgudi\AppData\Local\Microsoft\WindowsApps;C:\Users\sgudi\AppData\Local\Programs\Microsoft VS Code\bin;C:\Users\sgudi\AppData\Local\Programs\Git\cmd
USERNAME=sgudi
OS=Windows_NT
PROCESSOR_IDENTIFIER=AMD64 Family 23 Model 24 Stepping 1, AuthenticAMD
TMP=C:\Users\sgudi\AppData\Local\Temp
TEMP=C:\Users\sgudi\AppData\Local\Temp



Periodic native trim disabled


---------------  S Y S T E M  ---------------

OS:
 Windows 11 , 64 bit Build 22621 (10.0.22621.5415)
OS uptime: 3 days 0:53 hours

CPU: total 4 (initial active 4) (4 cores per cpu, 2 threads per core) family 23 model 24 stepping 1 microcode 0x0, cx8, cmov, fxsr, ht, mmx, 3dnowpref, sse, sse2, sse3, ssse3, sse4a, sse4.1, sse4.2, popcnt, lzcnt, tsc, tscinvbit, avx, avx2, aes, clmul, bmi1, bmi2, adx, sha, fma, vzeroupper, clflush, clflushopt
Processor Information for all 4 processors :
  Max Mhz: 2600, Current Mhz: 2600, Mhz Limit: 2600

Memory: 4k page, system-wide physical 6023M (358M free)
TotalPageFile size 14523M (AvailPageFile size 15M)
current process WorkingSet (physical memory assigned to process): 101M, peak: 101M
current process commit charge ("private bytes"): 202M, peak: 202M

vm_info: OpenJDK 64-Bit Server VM (17.0.16+8) for windows-amd64 JRE (17.0.16+8), built on Jul 16 2025 10:37:56 by "admin" with MS VC++ 17.7 (VS2022)

END.
