#
# There is insufficient memory for the Java Runtime Environment to continue.
# Native memory allocation (malloc) failed to allocate 315216 bytes. Error detail: Chunk::new
# Possible reasons:
#   The system is out of physical RAM or swap space
#   This process is running with CompressedOops enabled, and the Java Heap may be blocking the growth of the native heap
# Possible solutions:
#   Reduce memory load on the system
#   Increase physical memory or swap space
#   Check if swap backing store is full
#   Decrease Java heap size (-Xmx/-Xms)
#   Decrease number of Java threads
#   Decrease Java thread stack sizes (-Xss)
#   Set larger code cache with -XX:ReservedCodeCacheSize=
#   JVM is running with Unscaled Compressed Oops mode in which the Java heap is
#     placed in the first 4GB address space. The Java Heap base address is the
#     maximum limit for the native heap growth. Please use -XX:HeapBaseMinAddress
#     to set the Java Heap base and to place the Java Heap above 4GB virtual address.
# This output file may be truncated or incomplete.
#
#  Out of Memory Error (arena.cpp:191), pid=10508, tid=16220
#
# JRE version: OpenJDK Runtime Environment Temurin-17.0.16+8 (17.0.16+8) (build 17.0.16+8)
# Java VM: OpenJDK 64-Bit Server VM Temurin-17.0.16+8 (17.0.16+8, mixed mode, sharing, tiered, compressed oops, compressed class ptrs, parallel gc, windows-amd64)
# No core dump will be written. Minidumps are not enabled by default on client versions of Windows
#

---------------  S U M M A R Y ------------

Command Line: --add-modules=ALL-SYSTEM --add-opens=java.base/java.util=ALL-UNNAMED --add-opens=java.base/java.lang=ALL-UNNAMED --add-opens=java.base/sun.nio.fs=ALL-UNNAMED -Declipse.application=org.eclipse.jdt.ls.core.id1 -Dosgi.bundles.defaultStartLevel=4 -Declipse.product=org.eclipse.jdt.ls.core.product -Djava.import.generatesMetadataFilesAtProjectRoot=false -DDetectVMInstallationsJob.disabled=true -Dfile.encoding=utf8 -XX:+UseParallelGC -XX:GCTimeRatio=4 -XX:AdaptiveSizePolicyWeight=90 -Dsun.zip.disableMemoryMapping=true -Xmx1G -Xms100m -Xlog:disable -javaagent:c:\Users\Public\wpilib\2026\vscode\data\extensions\redhat.java-1.38.0\lombok\lombok-1.18.34.jar -XX:+HeapDumpOnOutOfMemoryError -XX:HeapDumpPath=c:\Users\Public\wpilib\2026\vscode\data\user-data\User\workspaceStorage\a4224967a930a49dfca026b0e4750ca4\redhat.java -Daether.dependencyCollector.impl=bf c:\Users\Public\wpilib\2026\vscode\data\extensions\redhat.java-1.38.0\server\plugins\org.eclipse.equinox.launcher_1.6.900.v20240613-2009.jar -configuration c:\Users\Public\wpilib\2026\vscode\data\user-data\User\globalStorage\redhat.java\1.38.0\config_win -data c:\Users\Public\wpilib\2026\vscode\data\user-data\User\workspaceStorage\a4224967a930a49dfca026b0e4750ca4\redhat.java\jdt_ws --pipe=\\.\pipe\lsp-ee8a63ff2bcc63b2856362cafa1d7462-sock

Host: AMD Ryzen 3 3250U with Radeon Graphics         , 4 cores, 5G,  Windows 11 , 64 bit Build 22621 (10.0.22621.5415)
Time: Mon Feb  2 20:10:05 2026 Pacific Standard Time elapsed time: 52.031390 seconds (0d 0h 0m 52s)

---------------  T H R E A D  ---------------

Current thread (0x000001de0819b3f0):  JavaThread "C2 CompilerThread0" daemon [_thread_in_native, id=16220, stack(0x0000004a96100000,0x0000004a96200000)]


Current CompileTask:
C2:  52031 8641   !   4       org.eclipse.jdt.internal.compiler.parser.Scanner::getNextToken0 (3018 bytes)

Stack: [0x0000004a96100000,0x0000004a96200000]
Native frames: (J=compiled Java code, j=interpreted, Vv=VM code, C=native code)
V  [jvm.dll+0x683169]
V  [jvm.dll+0x839ac8]
V  [jvm.dll+0x83b573]
V  [jvm.dll+0x83bbe3]
V  [jvm.dll+0x2473ff]
V  [jvm.dll+0xace94]
V  [jvm.dll+0xad52c]
V  [jvm.dll+0x2acc2f]
V  [jvm.dll+0x5891f9]
V  [jvm.dll+0x221182]
V  [jvm.dll+0x219e5b]
V  [jvm.dll+0x21765b]
V  [jvm.dll+0x1a32a0]
V  [jvm.dll+0x227b3c]
V  [jvm.dll+0x225ccb]
V  [jvm.dll+0x7ef2d8]
V  [jvm.dll+0x7e979c]
V  [jvm.dll+0x682047]
C  [ucrtbase.dll+0x29333]
C  [KERNEL32.DLL+0x1259d]
C  [ntdll.dll+0x5af78]


---------------  P R O C E S S  ---------------

Threads class SMR info:
_java_thread_list=0x000001de0fb54290, length=42, elements={
0x000001ddae4ae860, 0x000001ddae52bce0, 0x000001ddae52d8f0, 0x000001de08193e20,
0x000001de08194ca0, 0x000001de08196870, 0x000001de08197430, 0x000001de0819b3f0,
0x000001de0930da60, 0x000001de0930ec40, 0x000001de093a2220, 0x000001de095029d0,
0x000001de09a41750, 0x000001de09b57a10, 0x000001de081fa890, 0x000001de09cdbf00,
0x000001de09eeabf0, 0x000001de0e172eb0, 0x000001de0e171f80, 0x000001de0e1733c0,
0x000001de0e1738d0, 0x000001de0e170630, 0x000001de0e171560, 0x000001de0e172490,
0x000001de0e170120, 0x000001de0e171050, 0x000001de0e1729a0, 0x000001de09e0d3e0,
0x000001de09e10170, 0x000001de09e0e820, 0x000001de09e0b070, 0x000001de09e10680,
0x000001de09e0a650, 0x000001de09e0ba90, 0x000001de09e10b90, 0x000001de09e0ed30,
0x000001de09e0d8f0, 0x000001de09e0bfa0, 0x000001de09e110a0, 0x000001de09e0b580,
0x000001de09e0ced0, 0x000001de09e115b0
}

Java Threads: ( => current thread )
  0x000001ddae4ae860 JavaThread "main" [_thread_blocked, id=26912, stack(0x0000004a95800000,0x0000004a95900000)]
  0x000001ddae52bce0 JavaThread "Reference Handler" daemon [_thread_blocked, id=1696, stack(0x0000004a95b00000,0x0000004a95c00000)]
  0x000001ddae52d8f0 JavaThread "Finalizer" daemon [_thread_blocked, id=15320, stack(0x0000004a95c00000,0x0000004a95d00000)]
  0x000001de08193e20 JavaThread "Signal Dispatcher" daemon [_thread_blocked, id=27832, stack(0x0000004a95d00000,0x0000004a95e00000)]
  0x000001de08194ca0 JavaThread "Attach Listener" daemon [_thread_blocked, id=9068, stack(0x0000004a95e00000,0x0000004a95f00000)]
  0x000001de08196870 JavaThread "Service Thread" daemon [_thread_blocked, id=8772, stack(0x0000004a95f00000,0x0000004a96000000)]
  0x000001de08197430 JavaThread "Monitor Deflation Thread" daemon [_thread_blocked, id=24320, stack(0x0000004a96000000,0x0000004a96100000)]
=>0x000001de0819b3f0 JavaThread "C2 CompilerThread0" daemon [_thread_in_native, id=16220, stack(0x0000004a96100000,0x0000004a96200000)]
  0x000001de0930da60 JavaThread "C1 CompilerThread0" daemon [_thread_in_vm, id=4532, stack(0x0000004a96200000,0x0000004a96300000)]
  0x000001de0930ec40 JavaThread "Sweeper thread" daemon [_thread_blocked, id=28220, stack(0x0000004a96300000,0x0000004a96400000)]
  0x000001de093a2220 JavaThread "Common-Cleaner" daemon [_thread_blocked, id=27868, stack(0x0000004a96400000,0x0000004a96500000)]
  0x000001de095029d0 JavaThread "Notification Thread" daemon [_thread_blocked, id=2020, stack(0x0000004a96500000,0x0000004a96600000)]
  0x000001de09a41750 JavaThread "Active Thread: Equinox Container: 1c78437b-72cc-4857-94f6-d30e4f6a9801" [_thread_blocked, id=27092, stack(0x0000004a96a00000,0x0000004a96b00000)]
  0x000001de09b57a10 JavaThread "Refresh Thread: Equinox Container: 1c78437b-72cc-4857-94f6-d30e4f6a9801" daemon [_thread_blocked, id=16888, stack(0x0000004a96b00000,0x0000004a96c00000)]
  0x000001de081fa890 JavaThread "Framework Event Dispatcher: Equinox Container: 1c78437b-72cc-4857-94f6-d30e4f6a9801" daemon [_thread_blocked, id=22020, stack(0x0000004a96c00000,0x0000004a96d00000)]
  0x000001de09cdbf00 JavaThread "Start Level: Equinox Container: 1c78437b-72cc-4857-94f6-d30e4f6a9801" daemon [_thread_blocked, id=22144, stack(0x0000004a96d00000,0x0000004a96e00000)]
  0x000001de09eeabf0 JavaThread "Bundle File Closer" daemon [_thread_blocked, id=18476, stack(0x0000004a96e00000,0x0000004a96f00000)]
  0x000001de0e172eb0 JavaThread "SCR Component Actor" daemon [_thread_blocked, id=28180, stack(0x0000004a96f00000,0x0000004a97000000)]
  0x000001de0e171f80 JavaThread "Worker-JM" [_thread_blocked, id=20816, stack(0x0000004a97100000,0x0000004a97200000)]
  0x000001de0e1733c0 JavaThread "Worker-0: Publish Diagnostics" [_thread_blocked, id=12476, stack(0x0000004a97200000,0x0000004a97300000)]
  0x000001de0e1738d0 JavaThread "Worker-1" [_thread_blocked, id=26668, stack(0x0000004a97300000,0x0000004a97400000)]
  0x000001de0e170630 JavaThread "Worker-2" [_thread_blocked, id=5496, stack(0x0000004a97400000,0x0000004a97500000)]
  0x000001de0e171560 JavaThread "Worker-3: Java indexing... " [_thread_blocked, id=17788, stack(0x0000004a97500000,0x0000004a97600000)]
  0x000001de0e172490 JavaThread "Java indexing" daemon [_thread_in_Java, id=28668, stack(0x0000004a97600000,0x0000004a97700000)]
  0x000001de0e170120 JavaThread "JNA Cleaner" daemon [_thread_blocked, id=7764, stack(0x0000004a97700000,0x0000004a97800000)]
  0x000001de0e171050 JavaThread "Worker-4: Initialize workspace" [_thread_in_vm, id=7584, stack(0x0000004a97800000,0x0000004a97900000)]
  0x000001de0e1729a0 JavaThread "Thread-2" daemon [_thread_in_native, id=7996, stack(0x0000004a97900000,0x0000004a97a00000)]
  0x000001de09e0d3e0 JavaThread "Thread-3" daemon [_thread_in_native, id=26292, stack(0x0000004a97a00000,0x0000004a97b00000)]
  0x000001de09e10170 JavaThread "Thread-4" daemon [_thread_in_native, id=12808, stack(0x0000004a97b00000,0x0000004a97c00000)]
  0x000001de09e0e820 JavaThread "Thread-5" daemon [_thread_in_native, id=8056, stack(0x0000004a97c00000,0x0000004a97d00000)]
  0x000001de09e0b070 JavaThread "Thread-6" daemon [_thread_in_native, id=8072, stack(0x0000004a97d00000,0x0000004a97e00000)]
  0x000001de09e10680 JavaThread "pool-2-thread-1" [_thread_blocked, id=25416, stack(0x0000004a97e00000,0x0000004a97f00000)]
  0x000001de09e0a650 JavaThread "WorkspaceEventsHandler" [_thread_blocked, id=7472, stack(0x0000004a97f00000,0x0000004a98000000)]
  0x000001de09e0ba90 JavaThread "pool-1-thread-1" [_thread_in_vm, id=8764, stack(0x0000004a98000000,0x0000004a98100000)]
  0x000001de09e10b90 JavaThread "ForkJoinPool.commonPool-worker-1" daemon [_thread_blocked, id=19216, stack(0x0000004a98100000,0x0000004a98200000)]
  0x000001de09e0ed30 JavaThread "Compiler Source File Reader" daemon [_thread_blocked, id=15952, stack(0x0000004a98300000,0x0000004a98400000)]
  0x000001de09e0d8f0 JavaThread "Compiler Source File Reader" daemon [_thread_blocked, id=7760, stack(0x0000004a98400000,0x0000004a98500000)]
  0x000001de09e0bfa0 JavaThread "Compiler Processing Task" daemon [_thread_blocked, id=26224, stack(0x0000004a98500000,0x0000004a98600000)]
  0x000001de09e110a0 JavaThread "Compiler Class File Writer" daemon [_thread_blocked, id=21868, stack(0x0000004a98600000,0x0000004a98700000)]
  0x000001de09e0b580 JavaThread "Compiler Class File Writer" daemon [_thread_blocked, id=17628, stack(0x0000004a98700000,0x0000004a98800000)]
  0x000001de09e0ced0 JavaThread "ForkJoinPool.commonPool-worker-2" daemon [_thread_in_vm, id=8344, stack(0x0000004a98200000,0x0000004a98300000)]
  0x000001de09e115b0 JavaThread "ForkJoinPool.commonPool-worker-3" daemon [_thread_blocked, id=5816, stack(0x0000004a98a00000,0x0000004a98b00000)]

Other Threads:
  0x000001ddae525c10 VMThread "VM Thread" [stack: 0x0000004a95a00000,0x0000004a95b00000] [id=15284]
  0x000001de09502eb0 WatcherThread [stack: 0x0000004a96600000,0x0000004a96700000] [id=26588]
  0x000001ddae4c2670 GCTaskThread "GC Thread#0" [stack: 0x0000004a95900000,0x0000004a95a00000] [id=10064]
  0x000001de09ba11d0 GCTaskThread "GC Thread#1" [stack: 0x0000004a96700000,0x0000004a96800000] [id=16292]
  0x000001de09ba1a10 GCTaskThread "GC Thread#2" [stack: 0x0000004a96800000,0x0000004a96900000] [id=7216]
  0x000001de0993e3f0 GCTaskThread "GC Thread#3" [stack: 0x0000004a96900000,0x0000004a96a00000] [id=856]

Threads with active compile tasks:
C2 CompilerThread0    52108 8641   !   4       org.eclipse.jdt.internal.compiler.parser.Scanner::getNextToken0 (3018 bytes)
C1 CompilerThread0    52108 8715       3       jdk.internal.jrtfs.SystemImage$1::getResource (9 bytes)

VM state: not at safepoint (normal execution)

VM Mutex/Monitor currently owned by a thread:  ([mutex/lock_event])
[0x000001ddae4aa2e0] Metaspace_lock - owner thread: 0x000001de0e171050
[0x000001ddae4a9a70] MethodData_lock - owner thread: 0x000001de0930da60

Heap address: 0x00000000c0000000, size: 1024 MB, Compressed Oops mode: 32-bit

CDS archive(s) mapped at: [0x000001ddc7000000-0x000001ddc7bb0000-0x000001ddc7bb0000), size 12255232, SharedBaseAddress: 0x000001ddc7000000, ArchiveRelocationMode: 1.
Compressed class space mapped at: 0x000001ddc8000000-0x000001de08000000, reserved size: 1073741824
Narrow klass base: 0x000001ddc7000000, Narrow klass shift: 0, Narrow klass range: 0x100000000

GC Precious Log:
 CPUs: 4 total, 4 available
 Memory: 6023M
 Large Page Support: Disabled
 NUMA Support: Disabled
 Compressed Oops: Enabled (32-bit)
 Alignments: Space 512K, Generation 512K, Heap 2M
 Heap Min Capacity: 100M
 Heap Initial Capacity: 100M
 Heap Max Capacity: 1G
 Pre-touch: Disabled
 Parallel Workers: 4

Heap:
 PSYoungGen      total 22016K, used 16686K [0x00000000eab00000, 0x00000000ec400000, 0x0000000100000000)
  eden space 19968K, 75% used [0x00000000eab00000,0x00000000eb9a8100,0x00000000ebe80000)
  from space 2048K, 81% used [0x00000000ec200000,0x00000000ec3a3a58,0x00000000ec400000)
  to   space 2048K, 0% used [0x00000000ec000000,0x00000000ec000000,0x00000000ec200000)
 ParOldGen       total 68608K, used 40006K [0x00000000c0000000, 0x00000000c4300000, 0x00000000eab00000)
  object space 68608K, 58% used [0x00000000c0000000,0x00000000c27118e0,0x00000000c4300000)
 Metaspace       used 63676K, committed 64768K, reserved 1114112K
  class space    used 6781K, committed 7296K, reserved 1048576K

Card table byte_map: [0x000001ddade40000,0x000001ddae050000] _byte_map_base: 0x000001ddad840000

Marking Bits: (ParMarkBitMap*) 0x00007ff858d16950
 Begin Bits: [0x000001ddc4fd0000, 0x000001ddc5fd0000)
 End Bits:   [0x000001ddc5fd0000, 0x000001ddc6fd0000)

Polling page: 0x000001ddadc30000

Metaspace:

Usage:
  Non-class:     55.56 MB used.
      Class:      6.62 MB used.
       Both:     62.18 MB used.

Virtual space:
  Non-class space:       64.00 MB reserved,      56.12 MB ( 88%) committed,  1 nodes.
      Class space:        1.00 GB reserved,       7.12 MB ( <1%) committed,  1 nodes.
             Both:        1.06 GB reserved,      63.25 MB (  6%) committed. 

Chunk freelists:
   Non-Class:  6.98 MB
       Class:  8.84 MB
        Both:  15.83 MB

MaxMetaspaceSize: unlimited
CompressedClassSpaceSize: 1.00 GB
Initial GC threshold: 21.00 MB
Current GC threshold: 97.31 MB
CDS: on
MetaspaceReclaimPolicy: balanced
 - commit_granule_bytes: 65536.
 - commit_granule_words: 8192.
 - virtual_space_node_default_size: 8388608.
 - enlarge_chunks_in_place: 1.
 - new_chunks_are_fully_committed: 0.
 - uncommit_free_chunks: 1.
 - use_allocation_guard: 0.
 - handle_deallocations: 1.


Internal statistics:

num_allocs_failed_limit: 11.
num_arena_births: 760.
num_arena_deaths: 44.
num_vsnodes_births: 2.
num_vsnodes_deaths: 0.
num_space_committed: 1012.
num_space_uncommitted: 0.
num_chunks_returned_to_freelist: 62.
num_chunks_taken_from_freelist: 3546.
num_chunk_merges: 18.
num_chunk_splits: 2149.
num_chunks_enlarged: 1201.
num_inconsistent_stats: 0.

CodeHeap 'non-profiled nmethods': size=120000Kb used=4966Kb max_used=4966Kb free=115033Kb
 bounds [0x000001ddbdaa0000, 0x000001ddbdf80000, 0x000001ddc4fd0000]
CodeHeap 'profiled nmethods': size=120000Kb used=17248Kb max_used=17248Kb free=102751Kb
 bounds [0x000001ddb5fd0000, 0x000001ddb70b0000, 0x000001ddbd500000]
CodeHeap 'non-nmethods': size=5760Kb used=1401Kb max_used=1453Kb free=4358Kb
 bounds [0x000001ddbd500000, 0x000001ddbd770000, 0x000001ddbdaa0000]
 total_blobs=8623 nmethods=7868 adapters=669
 compilation: enabled
              stopped_count=0, restarted_count=0
 full_count=0

Compilation events (20 events):
Event: 52.005 Thread 0x000001de0930da60 nmethod 8674 0x000001ddb7082a90 code [0x000001ddb7082c80, 0x000001ddb7083198]
Event: 52.005 Thread 0x000001de0930da60 8672       1       org.eclipse.jdt.internal.compiler.lookup.TypeBinding::isUnboundWildcard (2 bytes)
Event: 52.005 Thread 0x000001de0930da60 nmethod 8672 0x000001ddbdf77390 code [0x000001ddbdf77520, 0x000001ddbdf775f8]
Event: 52.006 Thread 0x000001de0930da60 8675       3       sun.nio.ch.WindowsAsynchronousFileChannelImpl::getByOverlapped (9 bytes)
Event: 52.007 Thread 0x000001de0930da60 nmethod 8675 0x000001ddb7083390 code [0x000001ddb7083540, 0x000001ddb70836a8]
Event: 52.007 Thread 0x000001de0930da60 8676   !   3       sun.nio.ch.PendingIoCache::remove (89 bytes)
Event: 52.007 Thread 0x000001de0930da60 nmethod 8676 0x000001ddb7083790 code [0x000001ddb70839c0, 0x000001ddb7084128]
Event: 52.012 Thread 0x000001de0930da60 8678       3       org.eclipse.core.internal.resources.Resource::isLinked (6 bytes)
Event: 52.012 Thread 0x000001de0930da60 nmethod 8678 0x000001ddb7084490 code [0x000001ddb7084640, 0x000001ddb7084828]
Event: 52.012 Thread 0x000001de0930da60 8679       1       org.eclipse.core.internal.resources.FilterDescription::getFileInfoMatcherDescription (5 bytes)
Event: 52.012 Thread 0x000001de0930da60 nmethod 8679 0x000001ddbdf77690 code [0x000001ddbdf77820, 0x000001ddbdf778f8]
Event: 52.012 Thread 0x000001de0930da60 8677       1       org.eclipse.lsp4j.jsonrpc.messages.RequestMessage::getMethod (5 bytes)
Event: 52.012 Thread 0x000001de0930da60 nmethod 8677 0x000001ddbdf77990 code [0x000001ddbdf77b20, 0x000001ddbdf77bf8]
Event: 52.016 Thread 0x000001de0930da60 8680       3       org.eclipse.core.filesystem.provider.FileInfo::setDirectory (18 bytes)
Event: 52.017 Thread 0x000001de0930da60 nmethod 8680 0x000001ddb7084910 code [0x000001ddb7084ac0, 0x000001ddb7084cf8]
Event: 52.017 Thread 0x000001de0930da60 8681       1       org.eclipse.core.internal.resources.FilterDescription::getType (5 bytes)
Event: 52.017 Thread 0x000001de0930da60 nmethod 8681 0x000001ddbdf77c90 code [0x000001ddbdf77e20, 0x000001ddbdf77ef8]
Event: 52.019 Thread 0x000001de0930da60 8682       3       org.eclipse.core.filesystem.provider.FileInfo::isDirectory (6 bytes)
Event: 52.019 Thread 0x000001de0930da60 nmethod 8682 0x000001ddb7084e10 code [0x000001ddb7084fc0, 0x000001ddb7085178]
Event: 52.027 Thread 0x000001de0930da60 8683       3       lombok.eclipse.EclipseAST::buildMethod (110 bytes)

GC Heap History (20 events):
Event: 41.902 GC heap before
{Heap before GC invocations=26 (full 2):
 PSYoungGen      total 22528K, used 22340K [0x00000000eab00000, 0x00000000ec580000, 0x0000000100000000)
  eden space 19968K, 100% used [0x00000000eab00000,0x00000000ebe80000,0x00000000ebe80000)
  from space 2560K, 92% used [0x00000000ebe80000,0x00000000ec0d1000,0x00000000ec100000)
  to   space 3584K, 0% used [0x00000000ec200000,0x00000000ec200000,0x00000000ec580000)
 ParOldGen       total 68608K, used 32912K [0x00000000c0000000, 0x00000000c4300000, 0x00000000eab00000)
  object space 68608K, 47% used [0x00000000c0000000,0x00000000c2024108,0x00000000c4300000)
 Metaspace       used 52679K, committed 53696K, reserved 1114112K
  class space    used 5705K, committed 6144K, reserved 1048576K
}
Event: 41.913 GC heap after
{Heap after GC invocations=26 (full 2):
 PSYoungGen      total 22528K, used 2368K [0x00000000eab00000, 0x00000000ec480000, 0x0000000100000000)
  eden space 19968K, 0% used [0x00000000eab00000,0x00000000eab00000,0x00000000ebe80000)
  from space 2560K, 92% used [0x00000000ec200000,0x00000000ec450010,0x00000000ec480000)
  to   space 2560K, 0% used [0x00000000ebe80000,0x00000000ebe80000,0x00000000ec100000)
 ParOldGen       total 68608K, used 35268K [0x00000000c0000000, 0x00000000c4300000, 0x00000000eab00000)
  object space 68608K, 51% used [0x00000000c0000000,0x00000000c2271108,0x00000000c4300000)
 Metaspace       used 52679K, committed 53696K, reserved 1114112K
  class space    used 5705K, committed 6144K, reserved 1048576K
}
Event: 42.301 GC heap before
{Heap before GC invocations=27 (full 2):
 PSYoungGen      total 22528K, used 22336K [0x00000000eab00000, 0x00000000ec480000, 0x0000000100000000)
  eden space 19968K, 100% used [0x00000000eab00000,0x00000000ebe80000,0x00000000ebe80000)
  from space 2560K, 92% used [0x00000000ec200000,0x00000000ec450010,0x00000000ec480000)
  to   space 2560K, 0% used [0x00000000ebe80000,0x00000000ebe80000,0x00000000ec100000)
 ParOldGen       total 68608K, used 35268K [0x00000000c0000000, 0x00000000c4300000, 0x00000000eab00000)
  object space 68608K, 51% used [0x00000000c0000000,0x00000000c2271108,0x00000000c4300000)
 Metaspace       used 52773K, committed 53760K, reserved 1114112K
  class space    used 5712K, committed 6144K, reserved 1048576K
}
Event: 42.317 GC heap after
{Heap after GC invocations=27 (full 2):
 PSYoungGen      total 22528K, used 2560K [0x00000000eab00000, 0x00000000ecb80000, 0x0000000100000000)
  eden space 19968K, 0% used [0x00000000eab00000,0x00000000eab00000,0x00000000ebe80000)
  from space 2560K, 100% used [0x00000000ebe80000,0x00000000ec100000,0x00000000ec100000)
  to   space 6656K, 0% used [0x00000000ec500000,0x00000000ec500000,0x00000000ecb80000)
 ParOldGen       total 68608K, used 38604K [0x00000000c0000000, 0x00000000c4300000, 0x00000000eab00000)
  object space 68608K, 56% used [0x00000000c0000000,0x00000000c25b3318,0x00000000c4300000)
 Metaspace       used 52773K, committed 53760K, reserved 1114112K
  class space    used 5712K, committed 6144K, reserved 1048576K
}
Event: 42.782 GC heap before
{Heap before GC invocations=28 (full 2):
 PSYoungGen      total 22528K, used 22528K [0x00000000eab00000, 0x00000000ecb80000, 0x0000000100000000)
  eden space 19968K, 100% used [0x00000000eab00000,0x00000000ebe80000,0x00000000ebe80000)
  from space 2560K, 100% used [0x00000000ebe80000,0x00000000ec100000,0x00000000ec100000)
  to   space 6656K, 0% used [0x00000000ec500000,0x00000000ec500000,0x00000000ecb80000)
 ParOldGen       total 68608K, used 38604K [0x00000000c0000000, 0x00000000c4300000, 0x00000000eab00000)
  object space 68608K, 56% used [0x00000000c0000000,0x00000000c25b3318,0x00000000c4300000)
 Metaspace       used 54187K, committed 55168K, reserved 1114112K
  class space    used 5838K, committed 6272K, reserved 1048576K
}
Event: 42.800 GC heap after
{Heap after GC invocations=28 (full 2):
 PSYoungGen      total 22528K, used 2268K [0x00000000eab00000, 0x00000000ec780000, 0x0000000100000000)
  eden space 19968K, 0% used [0x00000000eab00000,0x00000000eab00000,0x00000000ebe80000)
  from space 2560K, 88% used [0x00000000ec500000,0x00000000ec737168,0x00000000ec780000)
  to   space 3584K, 0% used [0x00000000ec080000,0x00000000ec080000,0x00000000ec400000)
 ParOldGen       total 68608K, used 41172K [0x00000000c0000000, 0x00000000c4300000, 0x00000000eab00000)
  object space 68608K, 60% used [0x00000000c0000000,0x00000000c2835318,0x00000000c4300000)
 Metaspace       used 54187K, committed 55168K, reserved 1114112K
  class space    used 5838K, committed 6272K, reserved 1048576K
}
Event: 43.037 GC heap before
{Heap before GC invocations=29 (full 2):
 PSYoungGen      total 22528K, used 22236K [0x00000000eab00000, 0x00000000ec780000, 0x0000000100000000)
  eden space 19968K, 100% used [0x00000000eab00000,0x00000000ebe80000,0x00000000ebe80000)
  from space 2560K, 88% used [0x00000000ec500000,0x00000000ec737168,0x00000000ec780000)
  to   space 3584K, 0% used [0x00000000ec080000,0x00000000ec080000,0x00000000ec400000)
 ParOldGen       total 68608K, used 41172K [0x00000000c0000000, 0x00000000c4300000, 0x00000000eab00000)
  object space 68608K, 60% used [0x00000000c0000000,0x00000000c2835318,0x00000000c4300000)
 Metaspace       used 54208K, committed 55232K, reserved 1114112K
  class space    used 5838K, committed 6272K, reserved 1048576K
}
Event: 43.043 GC heap after
{Heap after GC invocations=29 (full 2):
 PSYoungGen      total 20992K, used 776K [0x00000000eab00000, 0x00000000ec580000, 0x0000000100000000)
  eden space 19968K, 0% used [0x00000000eab00000,0x00000000eab00000,0x00000000ebe80000)
  from space 1024K, 75% used [0x00000000ec080000,0x00000000ec142090,0x00000000ec180000)
  to   space 2048K, 0% used [0x00000000ec380000,0x00000000ec380000,0x00000000ec580000)
 ParOldGen       total 68608K, used 42644K [0x00000000c0000000, 0x00000000c4300000, 0x00000000eab00000)
  object space 68608K, 62% used [0x00000000c0000000,0x00000000c29a52b0,0x00000000c4300000)
 Metaspace       used 54208K, committed 55232K, reserved 1114112K
  class space    used 5838K, committed 6272K, reserved 1048576K
}
Event: 44.034 GC heap before
{Heap before GC invocations=30 (full 2):
 PSYoungGen      total 20992K, used 20744K [0x00000000eab00000, 0x00000000ec580000, 0x0000000100000000)
  eden space 19968K, 100% used [0x00000000eab00000,0x00000000ebe80000,0x00000000ebe80000)
  from space 1024K, 75% used [0x00000000ec080000,0x00000000ec142090,0x00000000ec180000)
  to   space 2048K, 0% used [0x00000000ec380000,0x00000000ec380000,0x00000000ec580000)
 ParOldGen       total 68608K, used 42644K [0x00000000c0000000, 0x00000000c4300000, 0x00000000eab00000)
  object space 68608K, 62% used [0x00000000c0000000,0x00000000c29a52b0,0x00000000c4300000)
 Metaspace       used 55802K, committed 56832K, reserved 1114112K
  class space    used 6005K, committed 6464K, reserved 1048576K
}
Event: 44.036 GC heap after
{Heap after GC invocations=30 (full 2):
 PSYoungGen      total 20480K, used 288K [0x00000000eab00000, 0x00000000ec400000, 0x0000000100000000)
  eden space 19968K, 0% used [0x00000000eab00000,0x00000000eab00000,0x00000000ebe80000)
  from space 512K, 56% used [0x00000000ec380000,0x00000000ec3c8000,0x00000000ec400000)
  to   space 1024K, 0% used [0x00000000ec200000,0x00000000ec200000,0x00000000ec300000)
 ParOldGen       total 68608K, used 42668K [0x00000000c0000000, 0x00000000c4300000, 0x00000000eab00000)
  object space 68608K, 62% used [0x00000000c0000000,0x00000000c29ab2b0,0x00000000c4300000)
 Metaspace       used 55802K, committed 56832K, reserved 1114112K
  class space    used 6005K, committed 6464K, reserved 1048576K
}
Event: 45.313 GC heap before
{Heap before GC invocations=31 (full 2):
 PSYoungGen      total 20480K, used 20256K [0x00000000eab00000, 0x00000000ec400000, 0x0000000100000000)
  eden space 19968K, 100% used [0x00000000eab00000,0x00000000ebe80000,0x00000000ebe80000)
  from space 512K, 56% used [0x00000000ec380000,0x00000000ec3c8000,0x00000000ec400000)
  to   space 1024K, 0% used [0x00000000ec200000,0x00000000ec200000,0x00000000ec300000)
 ParOldGen       total 68608K, used 42668K [0x00000000c0000000, 0x00000000c4300000, 0x00000000eab00000)
  object space 68608K, 62% used [0x00000000c0000000,0x00000000c29ab2b0,0x00000000c4300000)
 Metaspace       used 57250K, committed 58240K, reserved 1114112K
  class space    used 6120K, committed 6528K, reserved 1048576K
}
Event: 45.315 GC heap after
{Heap after GC invocations=31 (full 2):
 PSYoungGen      total 20992K, used 416K [0x00000000eab00000, 0x00000000ec400000, 0x0000000100000000)
  eden space 19968K, 0% used [0x00000000eab00000,0x00000000eab00000,0x00000000ebe80000)
  from space 1024K, 40% used [0x00000000ec200000,0x00000000ec268010,0x00000000ec300000)
  to   space 512K, 0% used [0x00000000ec380000,0x00000000ec380000,0x00000000ec400000)
 ParOldGen       total 68608K, used 42852K [0x00000000c0000000, 0x00000000c4300000, 0x00000000eab00000)
  object space 68608K, 62% used [0x00000000c0000000,0x00000000c29d92b0,0x00000000c4300000)
 Metaspace       used 57250K, committed 58240K, reserved 1114112K
  class space    used 6120K, committed 6528K, reserved 1048576K
}
Event: 46.580 GC heap before
{Heap before GC invocations=32 (full 2):
 PSYoungGen      total 20992K, used 18864K [0x00000000eab00000, 0x00000000ec400000, 0x0000000100000000)
  eden space 19968K, 92% used [0x00000000eab00000,0x00000000ebd043d0,0x00000000ebe80000)
  from space 1024K, 40% used [0x00000000ec200000,0x00000000ec268010,0x00000000ec300000)
  to   space 512K, 0% used [0x00000000ec380000,0x00000000ec380000,0x00000000ec400000)
 ParOldGen       total 68608K, used 42852K [0x00000000c0000000, 0x00000000c4300000, 0x00000000eab00000)
  object space 68608K, 62% used [0x00000000c0000000,0x00000000c29d92b0,0x00000000c4300000)
 Metaspace       used 58710K, committed 59776K, reserved 1114112K
  class space    used 6299K, committed 6784K, reserved 1048576K
}
Event: 46.584 GC heap after
{Heap after GC invocations=32 (full 2):
 PSYoungGen      total 20480K, used 503K [0x00000000eab00000, 0x00000000ec400000, 0x0000000100000000)
  eden space 19968K, 0% used [0x00000000eab00000,0x00000000eab00000,0x00000000ebe80000)
  from space 512K, 98% used [0x00000000ec380000,0x00000000ec3fdd40,0x00000000ec400000)
  to   space 2560K, 0% used [0x00000000ebf00000,0x00000000ebf00000,0x00000000ec180000)
 ParOldGen       total 68608K, used 44482K [0x00000000c0000000, 0x00000000c4300000, 0x00000000eab00000)
  object space 68608K, 64% used [0x00000000c0000000,0x00000000c2b70af0,0x00000000c4300000)
 Metaspace       used 58710K, committed 59776K, reserved 1114112K
  class space    used 6299K, committed 6784K, reserved 1048576K
}
Event: 46.584 GC heap before
{Heap before GC invocations=33 (full 3):
 PSYoungGen      total 20480K, used 503K [0x00000000eab00000, 0x00000000ec400000, 0x0000000100000000)
  eden space 19968K, 0% used [0x00000000eab00000,0x00000000eab00000,0x00000000ebe80000)
  from space 512K, 98% used [0x00000000ec380000,0x00000000ec3fdd40,0x00000000ec400000)
  to   space 2560K, 0% used [0x00000000ebf00000,0x00000000ebf00000,0x00000000ec180000)
 ParOldGen       total 68608K, used 44482K [0x00000000c0000000, 0x00000000c4300000, 0x00000000eab00000)
  object space 68608K, 64% used [0x00000000c0000000,0x00000000c2b70af0,0x00000000c4300000)
 Metaspace       used 58710K, committed 59776K, reserved 1114112K
  class space    used 6299K, committed 6784K, reserved 1048576K
}
Event: 46.757 GC heap after
{Heap after GC invocations=33 (full 3):
 PSYoungGen      total 20480K, used 0K [0x00000000eab00000, 0x00000000ec400000, 0x0000000100000000)
  eden space 19968K, 0% used [0x00000000eab00000,0x00000000eab00000,0x00000000ebe80000)
  from space 512K, 0% used [0x00000000ec380000,0x00000000ec380000,0x00000000ec400000)
  to   space 2560K, 0% used [0x00000000ebf00000,0x00000000ebf00000,0x00000000ec180000)
 ParOldGen       total 68608K, used 38243K [0x00000000c0000000, 0x00000000c4300000, 0x00000000eab00000)
  object space 68608K, 55% used [0x00000000c0000000,0x00000000c2558f38,0x00000000c4300000)
 Metaspace       used 58698K, committed 59776K, reserved 1114112K
  class space    used 6296K, committed 6784K, reserved 1048576K
}
Event: 48.083 GC heap before
{Heap before GC invocations=34 (full 3):
 PSYoungGen      total 20480K, used 19968K [0x00000000eab00000, 0x00000000ec400000, 0x0000000100000000)
  eden space 19968K, 100% used [0x00000000eab00000,0x00000000ebe80000,0x00000000ebe80000)
  from space 512K, 0% used [0x00000000ec380000,0x00000000ec380000,0x00000000ec400000)
  to   space 2560K, 0% used [0x00000000ebf00000,0x00000000ebf00000,0x00000000ec180000)
 ParOldGen       total 68608K, used 38243K [0x00000000c0000000, 0x00000000c4300000, 0x00000000eab00000)
  object space 68608K, 55% used [0x00000000c0000000,0x00000000c2558f38,0x00000000c4300000)
 Metaspace       used 60685K, committed 61760K, reserved 1114112K
  class space    used 6494K, committed 6976K, reserved 1048576K
}
Event: 48.086 GC heap after
{Heap after GC invocations=34 (full 3):
 PSYoungGen      total 22528K, used 1923K [0x00000000eab00000, 0x00000000ec400000, 0x0000000100000000)
  eden space 19968K, 0% used [0x00000000eab00000,0x00000000eab00000,0x00000000ebe80000)
  from space 2560K, 75% used [0x00000000ebf00000,0x00000000ec0e0ef8,0x00000000ec180000)
  to   space 2048K, 0% used [0x00000000ec200000,0x00000000ec200000,0x00000000ec400000)
 ParOldGen       total 68608K, used 38251K [0x00000000c0000000, 0x00000000c4300000, 0x00000000eab00000)
  object space 68608K, 55% used [0x00000000c0000000,0x00000000c255af38,0x00000000c4300000)
 Metaspace       used 60685K, committed 61760K, reserved 1114112K
  class space    used 6494K, committed 6976K, reserved 1048576K
}
Event: 50.460 GC heap before
{Heap before GC invocations=35 (full 3):
 PSYoungGen      total 22528K, used 21891K [0x00000000eab00000, 0x00000000ec400000, 0x0000000100000000)
  eden space 19968K, 100% used [0x00000000eab00000,0x00000000ebe80000,0x00000000ebe80000)
  from space 2560K, 75% used [0x00000000ebf00000,0x00000000ec0e0ef8,0x00000000ec180000)
  to   space 2048K, 0% used [0x00000000ec200000,0x00000000ec200000,0x00000000ec400000)
 ParOldGen       total 68608K, used 38251K [0x00000000c0000000, 0x00000000c4300000, 0x00000000eab00000)
  object space 68608K, 55% used [0x00000000c0000000,0x00000000c255af38,0x00000000c4300000)
 Metaspace       used 62778K, committed 63936K, reserved 1114112K
  class space    used 6715K, committed 7232K, reserved 1048576K
}
Event: 50.469 GC heap after
{Heap after GC invocations=35 (full 3):
 PSYoungGen      total 22016K, used 1678K [0x00000000eab00000, 0x00000000ec400000, 0x0000000100000000)
  eden space 19968K, 0% used [0x00000000eab00000,0x00000000eab00000,0x00000000ebe80000)
  from space 2048K, 81% used [0x00000000ec200000,0x00000000ec3a3a58,0x00000000ec400000)
  to   space 2048K, 0% used [0x00000000ec000000,0x00000000ec000000,0x00000000ec200000)
 ParOldGen       total 68608K, used 40006K [0x00000000c0000000, 0x00000000c4300000, 0x00000000eab00000)
  object space 68608K, 58% used [0x00000000c0000000,0x00000000c27118e0,0x00000000c4300000)
 Metaspace       used 62778K, committed 63936K, reserved 1114112K
  class space    used 6715K, committed 7232K, reserved 1048576K
}

Dll operation events (15 events):
Event: 0.068 Loaded shared library C:\Users\Public\wpilib\2026\jdk\bin\java.dll
Event: 0.229 Loaded shared library C:\Users\Public\wpilib\2026\jdk\bin\jsvml.dll
Event: 0.922 Loaded shared library C:\Users\Public\wpilib\2026\jdk\bin\zip.dll
Event: 0.951 Loaded shared library C:\Users\Public\wpilib\2026\jdk\bin\instrument.dll
Event: 0.964 Loaded shared library C:\Users\Public\wpilib\2026\jdk\bin\net.dll
Event: 0.969 Loaded shared library C:\Users\Public\wpilib\2026\jdk\bin\nio.dll
Event: 0.977 Loaded shared library C:\Users\Public\wpilib\2026\jdk\bin\zip.dll
Event: 1.063 Loaded shared library C:\Users\Public\wpilib\2026\jdk\bin\jimage.dll
Event: 1.418 Loaded shared library C:\Users\Public\wpilib\2026\jdk\bin\verify.dll
Event: 8.033 Loaded shared library C:\Users\Public\wpilib\2026\vscode\data\user-data\User\globalStorage\redhat.java\1.38.0\config_win\org.eclipse.equinox.launcher\org.eclipse.equinox.launcher.win32.win32.x86_64_1.2.1100.v20240722-2106\eclipse_11904.dll
Event: 12.996 Loaded shared library C:\Users\Public\wpilib\2026\jdk\bin\management.dll
Event: 13.005 Loaded shared library C:\Users\Public\wpilib\2026\jdk\bin\management_ext.dll
Event: 25.384 Loaded shared library C:\Users\sgudi\AppData\Local\Temp\jna-109389030\jna7526784655888452152.dll
Event: 30.365 Loaded shared library C:\Users\Public\wpilib\2026\jdk\bin\sunmscapi.dll
Event: 30.715 Loaded shared library C:\Users\Public\wpilib\2026\jdk\bin\extnet.dll

Deoptimization events (20 events):
Event: 51.069 Thread 0x000001de09e0ba90 Uncommon trap: trap_request=0xffffffc6 fr.pc=0x000001ddbdd723d8 relative=0x0000000000000278
Event: 51.069 Thread 0x000001de09e0ba90 Uncommon trap: reason=bimorphic_or_optimized_type_check action=maybe_recompile pc=0x000001ddbdd723d8 method=com.google.gson.internal.bind.TypeAdapterRuntimeTypeWrapper.read(Lcom/google/gson/stream/JsonReader;)Ljava/lang/Object; @ 5 c2
Event: 51.069 Thread 0x000001de09e0ba90 DEOPT PACKING pc=0x000001ddbdd723d8 sp=0x0000004a980fdee0
Event: 51.069 Thread 0x000001de09e0ba90 DEOPT UNPACKING pc=0x000001ddbd5566a3 sp=0x0000004a980fde68 mode 2
Event: 51.083 Thread 0x000001de09e0ba90 Uncommon trap: trap_request=0xffffff45 fr.pc=0x000001ddbddfa0d4 relative=0x0000000000000134
Event: 51.083 Thread 0x000001de09e0ba90 Uncommon trap: reason=unstable_if action=reinterpret pc=0x000001ddbddfa0d4 method=java.util.ArrayList.equals(Ljava/lang/Object;)Z @ 27 c2
Event: 51.083 Thread 0x000001de09e0ba90 DEOPT PACKING pc=0x000001ddbddfa0d4 sp=0x0000004a980fe240
Event: 51.083 Thread 0x000001de09e0ba90 DEOPT UNPACKING pc=0x000001ddbd5566a3 sp=0x0000004a980fe1d8 mode 2
Event: 51.485 Thread 0x000001de09e0ced0 Uncommon trap: trap_request=0xffffffd6 fr.pc=0x000001ddbdf66170 relative=0x00000000000019b0
Event: 51.485 Thread 0x000001de09e0ced0 Uncommon trap: reason=array_check action=maybe_recompile pc=0x000001ddbdf66170 method=java.util.TimSort.binarySort([Ljava/lang/Object;IIILjava/util/Comparator;)V @ 183 c2
Event: 51.485 Thread 0x000001de09e0ced0 DEOPT PACKING pc=0x000001ddbdf66170 sp=0x0000004a982fe170
Event: 51.485 Thread 0x000001de09e0ced0 DEOPT UNPACKING pc=0x000001ddbd5566a3 sp=0x0000004a982fe0a0 mode 2
Event: 51.499 Thread 0x000001de09e0ced0 Uncommon trap: trap_request=0xffffffd6 fr.pc=0x000001ddbdf65e84 relative=0x00000000000016c4
Event: 51.499 Thread 0x000001de09e0ced0 Uncommon trap: reason=array_check action=maybe_recompile pc=0x000001ddbdf65e84 method=java.util.TimSort.binarySort([Ljava/lang/Object;IIILjava/util/Comparator;)V @ 193 c2
Event: 51.499 Thread 0x000001de09e0ced0 DEOPT PACKING pc=0x000001ddbdf65e84 sp=0x0000004a982fe0d0
Event: 51.499 Thread 0x000001de09e0ced0 DEOPT UNPACKING pc=0x000001ddbd5566a3 sp=0x0000004a982fe000 mode 2
Event: 51.501 Thread 0x000001de09e0ced0 Uncommon trap: trap_request=0xffffffd6 fr.pc=0x000001ddbdf66170 relative=0x00000000000019b0
Event: 51.544 Thread 0x000001de09e0ced0 Uncommon trap: reason=array_check action=maybe_recompile pc=0x000001ddbdf66170 method=java.util.TimSort.binarySort([Ljava/lang/Object;IIILjava/util/Comparator;)V @ 183 c2
Event: 52.017 Thread 0x000001de09e0ced0 DEOPT PACKING pc=0x000001ddbdf66170 sp=0x0000004a982fdd40
Event: 52.017 Thread 0x000001de09e0ced0 DEOPT UNPACKING pc=0x000001ddbd5566a3 sp=0x0000004a982fdc70 mode 2

Classes loaded (20 events):
Event: 46.924 Loading class java/util/stream/ReferencePipeline$4$1
Event: 46.926 Loading class java/util/stream/ReferencePipeline$4$1 done
Event: 47.395 Loading class java/util/Hashtable$ValueCollection
Event: 47.395 Loading class java/util/Hashtable$ValueCollection done
Event: 47.900 Loading class java/nio/charset/CharacterCodingException
Event: 47.900 Loading class java/nio/charset/CharacterCodingException done
Event: 47.901 Loading class java/io/SequenceInputStream
Event: 47.901 Loading class java/io/SequenceInputStream done
Event: 48.317 Loading class java/util/stream/ReduceOps$4
Event: 48.317 Loading class java/util/stream/ReduceOps$4 done
Event: 48.317 Loading class java/util/stream/ReduceOps$4ReducingSink
Event: 48.317 Loading class java/util/stream/ReduceOps$4ReducingSink done
Event: 48.609 Loading class java/nio/file/Files$2
Event: 48.609 Loading class java/nio/file/Files$2 done
Event: 48.614 Loading class java/util/concurrent/ArrayBlockingQueue
Event: 48.615 Loading class java/util/concurrent/ArrayBlockingQueue done
Event: 49.446 Loading class java/util/concurrent/ConcurrentHashMap$KeySpliterator
Event: 49.447 Loading class java/util/concurrent/ConcurrentHashMap$KeySpliterator done
Event: 51.294 Loading class java/util/concurrent/CompletionException
Event: 51.296 Loading class java/util/concurrent/CompletionException done

Classes unloaded (20 events):
Event: 15.729 Thread 0x000001ddae525c10 Unloading class 0x000001ddc817f800 'java/lang/invoke/LambdaForm$MH+0x000001ddc817f800'
Event: 15.729 Thread 0x000001ddae525c10 Unloading class 0x000001ddc817f400 'java/lang/invoke/LambdaForm$MH+0x000001ddc817f400'
Event: 15.729 Thread 0x000001ddae525c10 Unloading class 0x000001ddc817f000 'java/lang/invoke/LambdaForm$BMH+0x000001ddc817f000'
Event: 15.729 Thread 0x000001ddae525c10 Unloading class 0x000001ddc817ec00 'java/lang/invoke/LambdaForm$DMH+0x000001ddc817ec00'
Event: 15.729 Thread 0x000001ddae525c10 Unloading class 0x000001ddc817c400 'java/lang/invoke/LambdaForm$DMH+0x000001ddc817c400'
Event: 25.626 Thread 0x000001ddae525c10 Unloading class 0x000001ddc8287c00 'java/lang/invoke/LambdaForm$MH+0x000001ddc8287c00'
Event: 25.626 Thread 0x000001ddae525c10 Unloading class 0x000001ddc8287000 'java/lang/invoke/LambdaForm$MH+0x000001ddc8287000'
Event: 25.626 Thread 0x000001ddae525c10 Unloading class 0x000001ddc8286c00 'java/lang/invoke/LambdaForm$DMH+0x000001ddc8286c00'
Event: 25.626 Thread 0x000001ddae525c10 Unloading class 0x000001ddc8285c00 'java/lang/invoke/LambdaForm$MH+0x000001ddc8285c00'
Event: 25.626 Thread 0x000001ddae525c10 Unloading class 0x000001ddc8281800 'java/lang/invoke/LambdaForm$MH+0x000001ddc8281800'
Event: 25.626 Thread 0x000001ddae525c10 Unloading class 0x000001ddc8280c00 'java/lang/invoke/LambdaForm$MH+0x000001ddc8280c00'
Event: 25.626 Thread 0x000001ddae525c10 Unloading class 0x000001ddc8280400 'java/lang/invoke/LambdaForm$MH+0x000001ddc8280400'
Event: 25.626 Thread 0x000001ddae525c10 Unloading class 0x000001ddc8280000 'java/lang/invoke/LambdaForm$MH+0x000001ddc8280000'
Event: 25.626 Thread 0x000001ddae525c10 Unloading class 0x000001ddc827d000 'java/lang/invoke/LambdaForm$MH+0x000001ddc827d000'
Event: 46.620 Thread 0x000001ddae525c10 Unloading class 0x000001ddc85be800 'java/lang/invoke/LambdaForm$MH+0x000001ddc85be800'
Event: 46.620 Thread 0x000001ddae525c10 Unloading class 0x000001ddc85be000 'java/lang/invoke/LambdaForm$MH+0x000001ddc85be000'
Event: 46.620 Thread 0x000001ddae525c10 Unloading class 0x000001ddc85bd400 'java/lang/invoke/LambdaForm$MH+0x000001ddc85bd400'
Event: 46.620 Thread 0x000001ddae525c10 Unloading class 0x000001ddc85bd000 'java/lang/invoke/LambdaForm$MH+0x000001ddc85bd000'
Event: 46.620 Thread 0x000001ddae525c10 Unloading class 0x000001ddc85bc800 'java/lang/invoke/LambdaForm$MH+0x000001ddc85bc800'
Event: 46.620 Thread 0x000001ddae525c10 Unloading class 0x000001ddc8514800 'java/lang/invoke/LambdaForm$DMH+0x000001ddc8514800'

Classes redefined (0 events):
No events

Internal exceptions (20 events):
Event: 48.386 Thread 0x000001de09e0ba90 Implicit null exception at 0x000001ddbdee9dd3 to 0x000001ddbdeeae68
Event: 48.426 Thread 0x000001de0e170630 Exception <a 'java/lang/NoSuchMethodError'{0x00000000eb0d0b40}: 'java.lang.Object java.lang.invoke.DirectMethodHandle$Holder.invokeSpecial(java.lang.Object, java.lang.Object, int, long)'> (0x00000000eb0d0b40) 
thrown [s\src\hotspot\share\interpreter\linkResolver.cpp, line 759]
Event: 48.446 Thread 0x000001de0e1738d0 Exception <a 'sun/nio/fs/WindowsException'{0x00000000eb102a38}> (0x00000000eb102a38) 
thrown [s\src\hotspot\share\prims\jni.cpp, line 516]
Event: 48.461 Thread 0x000001de0e1738d0 Exception <a 'sun/nio/fs/WindowsException'{0x00000000eb1588e8}> (0x00000000eb1588e8) 
thrown [s\src\hotspot\share\prims\jni.cpp, line 516]
Event: 48.476 Thread 0x000001de0e1738d0 Exception <a 'sun/nio/fs/WindowsException'{0x00000000eb1d0078}> (0x00000000eb1d0078) 
thrown [s\src\hotspot\share\prims\jni.cpp, line 516]
Event: 48.482 Thread 0x000001de0e1738d0 Exception <a 'sun/nio/fs/WindowsException'{0x00000000eb1e06c8}> (0x00000000eb1e06c8) 
thrown [s\src\hotspot\share\prims\jni.cpp, line 516]
Event: 48.795 Thread 0x000001de09e0ba90 Exception <a 'java/lang/NoSuchMethodError'{0x00000000eb77bd00}: 'int java.lang.invoke.DirectMethodHandle$Holder.invokeStatic(java.lang.Object, int, java.lang.Object)'> (0x00000000eb77bd00) 
thrown [s\src\hotspot\share\interpreter\linkResolver.cpp, line 759]
Event: 48.799 Thread 0x000001de09e0bfa0 Exception <a 'java/lang/NoSuchMethodError'{0x00000000eb789288}: 'int java.lang.invoke.DirectMethodHandle$Holder.invokeStatic(java.lang.Object, int, java.lang.Object)'> (0x00000000eb789288) 
thrown [s\src\hotspot\share\interpreter\linkResolver.cpp, line 759]
Event: 49.453 Thread 0x000001de0e1738d0 Exception <a 'java/lang/NoSuchMethodError'{0x00000000eb962b88}: 'java.lang.Object java.lang.invoke.DirectMethodHandle$Holder.newInvokeSpecial(java.lang.Object, java.lang.Object, int, int, java.lang.Object)'> (0x00000000eb962b88) 
thrown [s\src\hotspot\share\interpreter\linkResolver.cpp, line 759]
Event: 49.527 Thread 0x000001de0e1738d0 Exception <a 'sun/nio/fs/WindowsException'{0x00000000eb9918b8}> (0x00000000eb9918b8) 
thrown [s\src\hotspot\share\prims\jni.cpp, line 516]
Event: 49.529 Thread 0x000001de0e1738d0 Exception <a 'sun/nio/fs/WindowsException'{0x00000000eb991ef8}> (0x00000000eb991ef8) 
thrown [s\src\hotspot\share\prims\jni.cpp, line 516]
Event: 49.716 Thread 0x000001de0e1733c0 Exception <a 'java/lang/NoSuchMethodError'{0x00000000ebbcd220}: 'int java.lang.invoke.DirectMethodHandle$Holder.invokeSpecialIFC(java.lang.Object, java.lang.Object, java.lang.Object)'> (0x00000000ebbcd220) 
thrown [s\src\hotspot\share\interpreter\linkResolver.cpp, line 759]
Event: 51.086 Thread 0x000001de09e0ba90 Exception <a 'sun/nio/fs/WindowsException'{0x00000000eb102ee0}> (0x00000000eb102ee0) 
thrown [s\src\hotspot\share\prims\jni.cpp, line 516]
Event: 51.086 Thread 0x000001de09e0ba90 Exception <a 'sun/nio/fs/WindowsException'{0x00000000eb103518}> (0x00000000eb103518) 
thrown [s\src\hotspot\share\prims\jni.cpp, line 516]
Event: 51.093 Thread 0x000001de09e0ba90 Exception <a 'sun/nio/fs/WindowsException'{0x00000000eb1040a0}> (0x00000000eb1040a0) 
thrown [s\src\hotspot\share\prims\jni.cpp, line 516]
Event: 51.095 Thread 0x000001de09e0ba90 Exception <a 'sun/nio/fs/WindowsException'{0x00000000eb1046d8}> (0x00000000eb1046d8) 
thrown [s\src\hotspot\share\prims\jni.cpp, line 516]
Event: 51.098 Thread 0x000001de09e0ba90 Exception <a 'sun/nio/fs/WindowsException'{0x00000000eb1053a0}> (0x00000000eb1053a0) 
thrown [s\src\hotspot\share\prims\jni.cpp, line 516]
Event: 51.098 Thread 0x000001de09e0ba90 Exception <a 'sun/nio/fs/WindowsException'{0x00000000eb1059e0}> (0x00000000eb1059e0) 
thrown [s\src\hotspot\share\prims\jni.cpp, line 516]
Event: 51.100 Thread 0x000001de09e0ba90 Exception <a 'sun/nio/fs/WindowsException'{0x00000000eb106648}> (0x00000000eb106648) 
thrown [s\src\hotspot\share\prims\jni.cpp, line 516]
Event: 51.100 Thread 0x000001de09e0ba90 Exception <a 'sun/nio/fs/WindowsException'{0x00000000eb106c88}> (0x00000000eb106c88) 
thrown [s\src\hotspot\share\prims\jni.cpp, line 516]

VM Operations (20 events):
Event: 47.143 Executing VM operation: HandshakeAllThreads
Event: 47.369 Executing VM operation: HandshakeAllThreads done
Event: 47.849 Executing VM operation: HandshakeAllThreads
Event: 47.849 Executing VM operation: HandshakeAllThreads done
Event: 47.849 Executing VM operation: Cleanup
Event: 47.850 Executing VM operation: Cleanup done
Event: 47.915 Executing VM operation: HandshakeAllThreads
Event: 47.924 Executing VM operation: HandshakeAllThreads done
Event: 48.080 Executing VM operation: ParallelGCFailedAllocation
Event: 48.086 Executing VM operation: ParallelGCFailedAllocation done
Event: 48.381 Executing VM operation: HandshakeAllThreads
Event: 48.381 Executing VM operation: HandshakeAllThreads done
Event: 48.663 Executing VM operation: HandshakeAllThreads
Event: 48.677 Executing VM operation: HandshakeAllThreads done
Event: 49.612 Executing VM operation: ICBufferFull
Event: 49.637 Executing VM operation: ICBufferFull done
Event: 50.268 Executing VM operation: ParallelGCFailedAllocation
Event: 50.469 Executing VM operation: ParallelGCFailedAllocation done
Event: 51.471 Executing VM operation: Cleanup
Event: 52.009 Executing VM operation: Cleanup done

Memory protections (0 events):
No events

Nmethod flushes (20 events):
Event: 28.414 Thread 0x000001de0930ec40 flushing  nmethod 0x000001ddb699e910
Event: 28.414 Thread 0x000001de0930ec40 flushing  nmethod 0x000001ddb69cf890
Event: 28.414 Thread 0x000001de0930ec40 flushing  nmethod 0x000001ddb69e2410
Event: 28.415 Thread 0x000001de0930ec40 flushing  nmethod 0x000001ddb6a15d10
Event: 28.415 Thread 0x000001de0930ec40 flushing  nmethod 0x000001ddb6a3e890
Event: 28.415 Thread 0x000001de0930ec40 flushing  nmethod 0x000001ddb6a3ec90
Event: 28.415 Thread 0x000001de0930ec40 flushing  nmethod 0x000001ddb6a3ff90
Event: 28.415 Thread 0x000001de0930ec40 flushing  nmethod 0x000001ddb6a41d10
Event: 28.415 Thread 0x000001de0930ec40 flushing  nmethod 0x000001ddb6a42190
Event: 28.415 Thread 0x000001de0930ec40 flushing  nmethod 0x000001ddb6a43d90
Event: 28.415 Thread 0x000001de0930ec40 flushing  nmethod 0x000001ddb6a44910
Event: 28.415 Thread 0x000001de0930ec40 flushing  nmethod 0x000001ddb6a44e10
Event: 28.415 Thread 0x000001de0930ec40 flushing  nmethod 0x000001ddb6a45210
Event: 28.415 Thread 0x000001de0930ec40 flushing  nmethod 0x000001ddb6a46210
Event: 28.415 Thread 0x000001de0930ec40 flushing  nmethod 0x000001ddb6a5b210
Event: 28.415 Thread 0x000001de0930ec40 flushing  nmethod 0x000001ddb6ae9b10
Event: 28.415 Thread 0x000001de0930ec40 flushing  nmethod 0x000001ddb6af4c10
Event: 28.415 Thread 0x000001de0930ec40 flushing  nmethod 0x000001ddb6af6110
Event: 28.415 Thread 0x000001de0930ec40 flushing  nmethod 0x000001ddb6af6a10
Event: 43.703 Thread 0x000001de0930ec40 flushing  nmethod 0x000001ddbdcee990

Events (20 events):
Event: 44.453 Thread 0x000001de0f67c210 Thread exited: 0x000001de0f67c210
Event: 44.579 Thread 0x000001de09e0f240 Thread exited: 0x000001de09e0f240
Event: 45.883 Thread 0x000001de09e0ba90 Thread added: 0x000001de09e10b90
Event: 45.900 Thread 0x000001de0e1733c0 Thread added: 0x000001de09e115b0
Event: 45.942 Thread 0x000001de09e115b0 Thread added: 0x000001de09e0b580
Event: 45.948 Thread 0x000001de09e115b0 Thread added: 0x000001de09e0e310
Event: 45.959 Thread 0x000001de09e0b580 Thread exited: 0x000001de09e0b580
Event: 45.959 Thread 0x000001de09e115b0 Thread exited: 0x000001de09e115b0
Event: 45.959 Thread 0x000001de09e0e310 Thread exited: 0x000001de09e0e310
Event: 46.017 Thread 0x000001de0930da60 Thread added: 0x000001de0f67b220
Event: 47.371 Thread 0x000001de0f67b220 Thread exited: 0x000001de0f67b220
Event: 47.549 Thread 0x000001de0930da60 Thread added: 0x000001de0f67c760
Event: 48.543 Thread 0x000001de0e1738d0 Thread added: 0x000001de09e0ed30
Event: 48.546 Thread 0x000001de0e1738d0 Thread added: 0x000001de09e0d8f0
Event: 48.618 Thread 0x000001de0e1738d0 Thread added: 0x000001de09e0bfa0
Event: 49.465 Thread 0x000001de0e1738d0 Thread added: 0x000001de09e110a0
Event: 49.499 Thread 0x000001de0e1738d0 Thread added: 0x000001de09e0b580
Event: 51.061 Thread 0x000001de0f67c760 Thread exited: 0x000001de0f67c760
Event: 51.152 Thread 0x000001de09e10b90 Thread added: 0x000001de09e0ced0
Event: 51.541 Thread 0x000001de09e0ba90 Thread added: 0x000001de09e115b0


Dynamic libraries:
0x00007ff741b90000 - 0x00007ff741b9e000 	C:\Users\Public\wpilib\2026\jdk\bin\java.exe
0x00007ff8f9ad0000 - 0x00007ff8f9ce8000 	C:\WINDOWS\SYSTEM32\ntdll.dll
0x00007ff8c9190000 - 0x00007ff8c91b0000 	C:\Program Files\Norton\Suite\aswhook.dll
0x00007ff8f8200000 - 0x00007ff8f82c4000 	C:\WINDOWS\System32\KERNEL32.DLL
0x00007ff8f6d00000 - 0x00007ff8f70d3000 	C:\WINDOWS\System32\KERNELBASE.dll
0x000000005d540000 - 0x000000005d871000 	C:\Program Files\Norton Security\NortonData\22.23.3.8\Definitions\IPSDefs\20230908.064\IPSEng64.dll
0x00007ff8f9230000 - 0x00007ff8f92e1000 	C:\WINDOWS\System32\ADVAPI32.dll
0x00007ff8f78e0000 - 0x00007ff8f7987000 	C:\WINDOWS\System32\msvcrt.dll
0x00007ff8f8410000 - 0x00007ff8f84b8000 	C:\WINDOWS\System32\sechost.dll
0x00007ff8f7530000 - 0x00007ff8f7558000 	C:\WINDOWS\System32\bcrypt.dll
0x00007ff8f9110000 - 0x00007ff8f9228000 	C:\WINDOWS\System32\RPCRT4.dll
0x00007ff8f77c0000 - 0x00007ff8f77c8000 	C:\WINDOWS\System32\PSAPI.DLL
0x00007ff8f6be0000 - 0x00007ff8f6cf1000 	C:\WINDOWS\System32\ucrtbase.dll
0x00007ff8a1ec0000 - 0x00007ff8a1ed7000 	C:\Users\Public\wpilib\2026\jdk\bin\jli.dll
0x00007ff8f8530000 - 0x00007ff8f86e2000 	C:\WINDOWS\System32\USER32.dll
0x00007ff8f73c0000 - 0x00007ff8f73e6000 	C:\WINDOWS\System32\win32u.dll
0x00007ff8f79f0000 - 0x00007ff8f7a19000 	C:\WINDOWS\System32\GDI32.dll
0x00007ff8f70e0000 - 0x00007ff8f71fb000 	C:\WINDOWS\System32\gdi32full.dll
0x00007ff8f76d0000 - 0x00007ff8f776a000 	C:\WINDOWS\System32\msvcp_win.dll
0x00007ff89e3f0000 - 0x00007ff89e40e000 	C:\Users\Public\wpilib\2026\jdk\bin\VCRUNTIME140.dll
0x00007ff8e6bd0000 - 0x00007ff8e6e6c000 	C:\WINDOWS\WinSxS\amd64_microsoft.windows.common-controls_6595b64144ccf1df_6.0.22621.6060_none_2712eda17382d24b\COMCTL32.dll
0x00007ff8f9a50000 - 0x00007ff8f9a81000 	C:\WINDOWS\System32\IMM32.DLL
0x00007ff8e2cf0000 - 0x00007ff8e2cfc000 	C:\Users\Public\wpilib\2026\jdk\bin\vcruntime140_1.dll
0x00007ff87f3c0000 - 0x00007ff87f449000 	C:\Users\Public\wpilib\2026\jdk\bin\msvcp140.dll
0x00007ff858170000 - 0x00007ff858ddb000 	C:\Users\Public\wpilib\2026\jdk\bin\server\jvm.dll
0x00007ff8f99b0000 - 0x00007ff8f9a21000 	C:\WINDOWS\System32\WS2_32.dll
0x00007ff8f6ab0000 - 0x00007ff8f6afd000 	C:\WINDOWS\SYSTEM32\POWRPROF.dll
0x00007ff8f2c50000 - 0x00007ff8f2c84000 	C:\WINDOWS\SYSTEM32\WINMM.dll
0x00007ff8ee9c0000 - 0x00007ff8ee9ca000 	C:\WINDOWS\SYSTEM32\VERSION.dll
0x00007ff8f6a90000 - 0x00007ff8f6aa3000 	C:\WINDOWS\SYSTEM32\UMPDC.dll
0x00007ff8f5bc0000 - 0x00007ff8f5bd8000 	C:\WINDOWS\SYSTEM32\kernel.appcore.dll
0x00007ff8c6720000 - 0x00007ff8c672a000 	C:\Users\Public\wpilib\2026\jdk\bin\jimage.dll
0x00007ff8ed9c0000 - 0x00007ff8edbf3000 	C:\WINDOWS\SYSTEM32\DBGHELP.DLL
0x00007ff8f94b0000 - 0x00007ff8f9841000 	C:\WINDOWS\System32\combase.dll
0x00007ff8f8710000 - 0x00007ff8f87e8000 	C:\WINDOWS\System32\OLEAUT32.dll
0x00007ff8ed7a0000 - 0x00007ff8ed7d2000 	C:\WINDOWS\SYSTEM32\dbgcore.DLL
0x00007ff8f73f0000 - 0x00007ff8f746b000 	C:\WINDOWS\System32\bcryptPrimitives.dll
0x00007ff8c6570000 - 0x00007ff8c657e000 	C:\Users\Public\wpilib\2026\jdk\bin\instrument.dll
0x00007ff89c8c0000 - 0x00007ff89c8e5000 	C:\Users\Public\wpilib\2026\jdk\bin\java.dll
0x00007ff87bea0000 - 0x00007ff87bf77000 	C:\Users\Public\wpilib\2026\jdk\bin\jsvml.dll
0x00007ff8f87f0000 - 0x00007ff8f908c000 	C:\WINDOWS\System32\SHELL32.dll
0x00007ff8f7280000 - 0x00007ff8f73bf000 	C:\WINDOWS\System32\wintypes.dll
0x00007ff8f4ae0000 - 0x00007ff8f53fa000 	C:\WINDOWS\SYSTEM32\windows.storage.dll
0x00007ff8f7a20000 - 0x00007ff8f7b24000 	C:\WINDOWS\System32\SHCORE.dll
0x00007ff8f84c0000 - 0x00007ff8f8529000 	C:\WINDOWS\System32\shlwapi.dll
0x00007ff8f6b10000 - 0x00007ff8f6b35000 	C:\WINDOWS\SYSTEM32\profapi.dll
0x00007ff89d210000 - 0x00007ff89d228000 	C:\Users\Public\wpilib\2026\jdk\bin\zip.dll
0x00007ff89ccb0000 - 0x00007ff89ccc9000 	C:\Users\Public\wpilib\2026\jdk\bin\net.dll
0x00007ff8f0a20000 - 0x00007ff8f0b4c000 	C:\WINDOWS\SYSTEM32\WINHTTP.dll
0x00007ff8f60a0000 - 0x00007ff8f6109000 	C:\WINDOWS\system32\mswsock.dll
0x00007ff89c8a0000 - 0x00007ff89c8b6000 	C:\Users\Public\wpilib\2026\jdk\bin\nio.dll
0x00007ff8c5ef0000 - 0x00007ff8c5f00000 	C:\Users\Public\wpilib\2026\jdk\bin\verify.dll
0x00007ff8c4330000 - 0x00007ff8c4375000 	C:\Users\Public\wpilib\2026\vscode\data\user-data\User\globalStorage\redhat.java\1.38.0\config_win\org.eclipse.equinox.launcher\org.eclipse.equinox.launcher.win32.win32.x86_64_1.2.1100.v20240722-2106\eclipse_11904.dll
0x00007ff8f9300000 - 0x00007ff8f94a1000 	C:\WINDOWS\System32\ole32.dll
0x00007ff8ceb00000 - 0x00007ff8ceb0a000 	C:\Users\Public\wpilib\2026\jdk\bin\management.dll
0x00007ff8cde20000 - 0x00007ff8cde2b000 	C:\Users\Public\wpilib\2026\jdk\bin\management_ext.dll
0x00007ff8f62f0000 - 0x00007ff8f630b000 	C:\WINDOWS\SYSTEM32\CRYPTSP.dll
0x00007ff8f5b20000 - 0x00007ff8f5b57000 	C:\WINDOWS\system32\rsaenh.dll
0x00007ff8f6190000 - 0x00007ff8f61b8000 	C:\WINDOWS\SYSTEM32\USERENV.dll
0x00007ff8f6310000 - 0x00007ff8f631c000 	C:\WINDOWS\SYSTEM32\CRYPTBASE.dll
0x00007ff8f56a0000 - 0x00007ff8f56cd000 	C:\WINDOWS\SYSTEM32\IPHLPAPI.DLL
0x00007ff8f86f0000 - 0x00007ff8f86f9000 	C:\WINDOWS\System32\NSI.dll
0x00007ff8f0a00000 - 0x00007ff8f0a19000 	C:\WINDOWS\SYSTEM32\dhcpcsvc6.DLL
0x00007ff8f09e0000 - 0x00007ff8f09ff000 	C:\WINDOWS\SYSTEM32\dhcpcsvc.DLL
0x00007ff8f56d0000 - 0x00007ff8f57c8000 	C:\WINDOWS\SYSTEM32\DNSAPI.dll
0x00007ff884450000 - 0x00007ff884499000 	C:\Users\sgudi\AppData\Local\Temp\jna-109389030\jna7526784655888452152.dll
0x00007ff8cccf0000 - 0x00007ff8cccfe000 	C:\Users\Public\wpilib\2026\jdk\bin\sunmscapi.dll
0x00007ff8f7560000 - 0x00007ff8f76c8000 	C:\WINDOWS\System32\CRYPT32.dll
0x00007ff8f6490000 - 0x00007ff8f64be000 	C:\WINDOWS\SYSTEM32\ncrypt.dll
0x00007ff8f6450000 - 0x00007ff8f6487000 	C:\WINDOWS\SYSTEM32\NTASN1.dll
0x00007ff8e2d80000 - 0x00007ff8e2d8a000 	C:\Windows\System32\rasadhlp.dll
0x00007ff8ed930000 - 0x00007ff8ed9b4000 	C:\WINDOWS\System32\fwpuclnt.dll
0x00007ff8cb300000 - 0x00007ff8cb309000 	C:\Users\Public\wpilib\2026\jdk\bin\extnet.dll
0x00007ff8f5cd0000 - 0x00007ff8f5d04000 	C:\WINDOWS\SYSTEM32\ntmarta.dll

dbghelp: loaded successfully - version: 4.0.5 - missing functions: none
symbol engine: initialized successfully - sym options: 0x614 - pdb path: .;C:\Users\Public\wpilib\2026\jdk\bin;C:\WINDOWS\SYSTEM32;C:\Program Files\Norton\Suite;C:\Program Files\Norton Security\NortonData\22.23.3.8\Definitions\IPSDefs\20230908.064;C:\WINDOWS\WinSxS\amd64_microsoft.windows.common-controls_6595b64144ccf1df_6.0.22621.6060_none_2712eda17382d24b;C:\Users\Public\wpilib\2026\jdk\bin\server;C:\Users\Public\wpilib\2026\vscode\data\user-data\User\globalStorage\redhat.java\1.38.0\config_win\org.eclipse.equinox.launcher\org.eclipse.equinox.launcher.win32.win32.x86_64_1.2.1100.v20240722-2106;C:\Users\sgudi\AppData\Local\Temp\jna-109389030

VM Arguments:
jvm_args: --add-modules=ALL-SYSTEM --add-opens=java.base/java.util=ALL-UNNAMED --add-opens=java.base/java.lang=ALL-UNNAMED --add-opens=java.base/sun.nio.fs=ALL-UNNAMED -Declipse.application=org.eclipse.jdt.ls.core.id1 -Dosgi.bundles.defaultStartLevel=4 -Declipse.product=org.eclipse.jdt.ls.core.product -Djava.import.generatesMetadataFilesAtProjectRoot=false -DDetectVMInstallationsJob.disabled=true -Dfile.encoding=utf8 -XX:+UseParallelGC -XX:GCTimeRatio=4 -XX:AdaptiveSizePolicyWeight=90 -Dsun.zip.disableMemoryMapping=true -Xmx1G -Xms100m -Xlog:disable -javaagent:c:\Users\Public\wpilib\2026\vscode\data\extensions\redhat.java-1.38.0\lombok\lombok-1.18.34.jar -XX:+HeapDumpOnOutOfMemoryError -XX:HeapDumpPath=c:\Users\Public\wpilib\2026\vscode\data\user-data\User\workspaceStorage\a4224967a930a49dfca026b0e4750ca4\redhat.java -Daether.dependencyCollector.impl=bf 
java_command: c:\Users\Public\wpilib\2026\vscode\data\extensions\redhat.java-1.38.0\server\plugins\org.eclipse.equinox.launcher_1.6.900.v20240613-2009.jar -configuration c:\Users\Public\wpilib\2026\vscode\data\user-data\User\globalStorage\redhat.java\1.38.0\config_win -data c:\Users\Public\wpilib\2026\vscode\data\user-data\User\workspaceStorage\a4224967a930a49dfca026b0e4750ca4\redhat.java\jdt_ws --pipe=\\.\pipe\lsp-ee8a63ff2bcc63b2856362cafa1d7462-sock
java_class_path (initial): c:\Users\Public\wpilib\2026\vscode\data\extensions\redhat.java-1.38.0\server\plugins\org.eclipse.equinox.launcher_1.6.900.v20240613-2009.jar
Launcher Type: SUN_STANDARD

[Global flags]
    uintx AdaptiveSizePolicyWeight                 = 90                                        {product} {command line}
     intx CICompilerCount                          = 3                                         {product} {ergonomic}
    uintx GCTimeRatio                              = 4                                         {product} {command line}
     bool HeapDumpOnOutOfMemoryError               = true                                   {manageable} {command line}
    ccstr HeapDumpPath                             = c:\Users\Public\wpilib\2026\vscode\data\user-data\User\workspaceStorage\a4224967a930a49dfca026b0e4750ca4\redhat.java         {manageable} {command line}
   size_t InitialHeapSize                          = 104857600                                 {product} {command line}
   size_t MaxHeapSize                              = 1073741824                                {product} {command line}
   size_t MaxNewSize                               = 357564416                                 {product} {ergonomic}
   size_t MinHeapDeltaBytes                        = 524288                                    {product} {ergonomic}
   size_t MinHeapSize                              = 104857600                                 {product} {command line}
   size_t NewSize                                  = 34603008                                  {product} {ergonomic}
    uintx NonNMethodCodeHeapSize                   = 5832780                                {pd product} {ergonomic}
    uintx NonProfiledCodeHeapSize                  = 122912730                              {pd product} {ergonomic}
   size_t OldSize                                  = 70254592                                  {product} {ergonomic}
    uintx ProfiledCodeHeapSize                     = 122912730                              {pd product} {ergonomic}
    uintx ReservedCodeCacheSize                    = 251658240                              {pd product} {ergonomic}
     bool SegmentedCodeCache                       = true                                      {product} {ergonomic}
   size_t SoftMaxHeapSize                          = 1073741824                             {manageable} {ergonomic}
     bool UseCompressedClassPointers               = true                           {product lp64_product} {ergonomic}
     bool UseCompressedOops                        = true                           {product lp64_product} {ergonomic}
     bool UseLargePagesIndividualAllocation        = false                                  {pd product} {ergonomic}
     bool UseParallelGC                            = true                                      {product} {command line}

Logging:
Log output configuration:
 #0: stdout all=off uptime,level,tags
 #1: stderr all=off uptime,level,tags

Environment Variables:
PATH=C:\Program Files\Common Files\Oracle\Java\javapath;C:\WINDOWS\system32;C:\WINDOWS;C:\WINDOWS\System32\Wbem;C:\WINDOWS\System32\WindowsPowerShell\v1.0\;C:\WINDOWS\System32\OpenSSH\;C:\Program Files\dotnet\;C:\Program Files\WireGuard\;C:\Users\sgudi\AppData\Local\Microsoft\WindowsApps;C:\Users\sgudi\AppData\Local\Programs\Microsoft VS Code\bin;C:\Users\sgudi\AppData\Local\Programs\Git\cmd
USERNAME=sgudi
OS=Windows_NT
PROCESSOR_IDENTIFIER=AMD64 Family 23 Model 24 Stepping 1, AuthenticAMD
TMP=C:\Users\sgudi\AppData\Local\Temp
TEMP=C:\Users\sgudi\AppData\Local\Temp



Periodic native trim disabled


---------------  S Y S T E M  ---------------

OS:
 Windows 11 , 64 bit Build 22621 (10.0.22621.5415)
OS uptime: 3 days 0:52 hours

CPU: total 4 (initial active 4) (4 cores per cpu, 2 threads per core) family 23 model 24 stepping 1 microcode 0x0, cx8, cmov, fxsr, ht, mmx, 3dnowpref, sse, sse2, sse3, ssse3, sse4a, sse4.1, sse4.2, popcnt, lzcnt, tsc, tscinvbit, avx, avx2, aes, clmul, bmi1, bmi2, adx, sha, fma, vzeroupper, clflush, clflushopt
Processor Information for all 4 processors :
  Max Mhz: 2600, Current Mhz: 2600, Mhz Limit: 2600

Memory: 4k page, system-wide physical 6023M (476M free)
TotalPageFile size 14523M (AvailPageFile size 230M)
current process WorkingSet (physical memory assigned to process): 268M, peak: 277M
current process commit charge ("private bytes"): 323M, peak: 334M

vm_info: OpenJDK 64-Bit Server VM (17.0.16+8) for windows-amd64 JRE (17.0.16+8), built on Jul 16 2025 10:37:56 by "admin" with MS VC++ 17.7 (VS2022)

END.
