#
# There is insufficient memory for the Java Runtime Environment to continue.
# Native memory allocation (malloc) failed to allocate 82912 bytes. Error detail: Chunk::new
# Possible reasons:
#   The system is out of physical RAM or swap space
#   This process is running with CompressedOops enabled, and the Java Heap may be blocking the growth of the native heap
# Possible solutions:
#   Reduce memory load on the system
#   Increase physical memory or swap space
#   Check if swap backing store is full
#   Decrease Java heap size (-Xmx/-Xms)
#   Decrease number of Java threads
#   Decrease Java thread stack sizes (-Xss)
#   Set larger code cache with -XX:ReservedCodeCacheSize=
#   JVM is running with Unscaled Compressed Oops mode in which the Java heap is
#     placed in the first 4GB address space. The Java Heap base address is the
#     maximum limit for the native heap growth. Please use -XX:HeapBaseMinAddress
#     to set the Java Heap base and to place the Java Heap above 4GB virtual address.
# This output file may be truncated or incomplete.
#
#  Out of Memory Error (arena.cpp:191), pid=23064, tid=21192
#
# JRE version: OpenJDK Runtime Environment Temurin-17.0.16+8 (17.0.16+8) (build 17.0.16+8)
# Java VM: OpenJDK 64-Bit Server VM Temurin-17.0.16+8 (17.0.16+8, mixed mode, sharing, tiered, compressed oops, compressed class ptrs, parallel gc, windows-amd64)
# No core dump will be written. Minidumps are not enabled by default on client versions of Windows
#

---------------  S U M M A R Y ------------

Command Line: --add-modules=ALL-SYSTEM --add-opens=java.base/java.util=ALL-UNNAMED --add-opens=java.base/java.lang=ALL-UNNAMED --add-opens=java.base/sun.nio.fs=ALL-UNNAMED -Declipse.application=org.eclipse.jdt.ls.core.id1 -Dosgi.bundles.defaultStartLevel=4 -Declipse.product=org.eclipse.jdt.ls.core.product -Djava.import.generatesMetadataFilesAtProjectRoot=false -DDetectVMInstallationsJob.disabled=true -Dfile.encoding=utf8 -XX:+UseParallelGC -XX:GCTimeRatio=4 -XX:AdaptiveSizePolicyWeight=90 -Dsun.zip.disableMemoryMapping=true -Xmx1G -Xms100m -Xlog:disable -javaagent:c:\Users\Public\wpilib\2026\vscode\data\extensions\redhat.java-1.38.0\lombok\lombok-1.18.34.jar c:\Users\Public\wpilib\2026\vscode\data\extensions\redhat.java-1.38.0\server\plugins\org.eclipse.equinox.launcher_1.6.900.v20240613-2009.jar -configuration c:\Users\Public\wpilib\2026\vscode\data\user-data\User\globalStorage\redhat.java\1.38.0\config_ss_win -data c:\Users\Public\wpilib\2026\vscode\data\user-data\User\workspaceStorage\a4224967a930a49dfca026b0e4750ca4\redhat.java\ss_ws --pipe=\\.\pipe\lsp-1caff8ead9f5ac3b6f3d792715c1238a-sock

Host: AMD Ryzen 3 3250U with Radeon Graphics         , 4 cores, 5G,  Windows 11 , 64 bit Build 22621 (10.0.22621.5415)
Time: Mon Feb  2 20:10:05 2026 Pacific Standard Time elapsed time: 56.463096 seconds (0d 0h 0m 56s)

---------------  T H R E A D  ---------------

Current thread (0x000001edecd1ae70):  JavaThread "C2 CompilerThread0" daemon [_thread_in_native, id=21192, stack(0x0000003474300000,0x0000003474400000)]


Current CompileTask:
C2:  56463 6702       4       org.eclipse.osgi.internal.loader.BundleLoader::addExportedProvidersFor (167 bytes)

Stack: [0x0000003474300000,0x0000003474400000]
Native frames: (J=compiled Java code, j=interpreted, Vv=VM code, C=native code)
V  [jvm.dll+0x683169]
V  [jvm.dll+0x839ac8]
V  [jvm.dll+0x83b573]
V  [jvm.dll+0x83bbe3]
V  [jvm.dll+0x2473ff]
V  [jvm.dll+0xace94]
V  [jvm.dll+0xad52c]
V  [jvm.dll+0x6a683f]
V  [jvm.dll+0x2199ca]
V  [jvm.dll+0x21765b]
V  [jvm.dll+0x1a32a0]
V  [jvm.dll+0x227b3c]
V  [jvm.dll+0x225ccb]
V  [jvm.dll+0x7ef2d8]
V  [jvm.dll+0x7e979c]
V  [jvm.dll+0x682047]
C  [ucrtbase.dll+0x29333]
C  [KERNEL32.DLL+0x1259d]
C  [ntdll.dll+0x5af78]


---------------  P R O C E S S  ---------------

Threads class SMR info:
_java_thread_list=0x000001edf3294ad0, length=32, elements={
0x000001edd4061650, 0x000001edd40daa40, 0x000001edd40dc8d0, 0x000001edecd13280,
0x000001edecd14100, 0x000001edecd14f80, 0x000001edecd170b0, 0x000001edecd1ae70,
0x000001edf200d410, 0x000001edf200e6e0, 0x000001edf209ec30, 0x000001edf2205cb0,
0x000001edf26d6250, 0x000001edf2a42170, 0x000001edf282b9b0, 0x000001edf2b89e70,
0x000001edf23a73f0, 0x000001edf23a7e10, 0x000001edf23a5fb0, 0x000001edf23a69d0,
0x000001edf23a7900, 0x000001edf23a5080, 0x000001edf23a8320, 0x000001edf23a64c0,
0x000001edf23a5aa0, 0x000001edf23a8830, 0x000001edf23a6ee0, 0x000001edf4ea3160,
0x000001edf4e9d130, 0x000001edf4ea0df0, 0x000001edf4e9fec0, 0x000001edf4e9f4a0
}

Java Threads: ( => current thread )
  0x000001edd4061650 JavaThread "main" [_thread_blocked, id=25084, stack(0x0000003473a00000,0x0000003473b00000)]
  0x000001edd40daa40 JavaThread "Reference Handler" daemon [_thread_blocked, id=26920, stack(0x0000003473d00000,0x0000003473e00000)]
  0x000001edd40dc8d0 JavaThread "Finalizer" daemon [_thread_blocked, id=28328, stack(0x0000003473e00000,0x0000003473f00000)]
  0x000001edecd13280 JavaThread "Signal Dispatcher" daemon [_thread_blocked, id=25844, stack(0x0000003473f00000,0x0000003474000000)]
  0x000001edecd14100 JavaThread "Attach Listener" daemon [_thread_blocked, id=27360, stack(0x0000003474000000,0x0000003474100000)]
  0x000001edecd14f80 JavaThread "Service Thread" daemon [_thread_blocked, id=24372, stack(0x0000003474100000,0x0000003474200000)]
  0x000001edecd170b0 JavaThread "Monitor Deflation Thread" daemon [_thread_blocked, id=26092, stack(0x0000003474200000,0x0000003474300000)]
=>0x000001edecd1ae70 JavaThread "C2 CompilerThread0" daemon [_thread_in_native, id=21192, stack(0x0000003474300000,0x0000003474400000)]
  0x000001edf200d410 JavaThread "C1 CompilerThread0" daemon [_thread_blocked, id=26296, stack(0x0000003474400000,0x0000003474500000)]
  0x000001edf200e6e0 JavaThread "Sweeper thread" daemon [_thread_blocked, id=23844, stack(0x0000003474500000,0x0000003474600000)]
  0x000001edf209ec30 JavaThread "Common-Cleaner" daemon [_thread_blocked, id=26032, stack(0x0000003474600000,0x0000003474700000)]
  0x000001edf2205cb0 JavaThread "Notification Thread" daemon [_thread_blocked, id=9072, stack(0x0000003474700000,0x0000003474800000)]
  0x000001edf26d6250 JavaThread "Active Thread: Equinox Container: 987e261a-034a-4294-b392-3638c5f38517" [_thread_blocked, id=14696, stack(0x0000003474c00000,0x0000003474d00000)]
  0x000001edf2a42170 JavaThread "Framework Event Dispatcher: Equinox Container: 987e261a-034a-4294-b392-3638c5f38517" daemon [_thread_blocked, id=10108, stack(0x0000003474d00000,0x0000003474e00000)]
  0x000001edf282b9b0 JavaThread "Start Level: Equinox Container: 987e261a-034a-4294-b392-3638c5f38517" daemon [_thread_blocked, id=28236, stack(0x0000003474e00000,0x0000003474f00000)]
  0x000001edf2b89e70 JavaThread "SCR Component Actor" daemon [_thread_blocked, id=1508, stack(0x0000003474f00000,0x0000003475000000)]
  0x000001edf23a73f0 JavaThread "Worker-JM" [_thread_blocked, id=6596, stack(0x0000003475100000,0x0000003475200000)]
  0x000001edf23a7e10 JavaThread "JNA Cleaner" daemon [_thread_blocked, id=9432, stack(0x0000003475200000,0x0000003475300000)]
  0x000001edf23a5fb0 JavaThread "Worker-0" [_thread_blocked, id=592, stack(0x0000003475300000,0x0000003475400000)]
  0x000001edf23a69d0 JavaThread "Worker-1" [_thread_blocked, id=2288, stack(0x0000003475400000,0x0000003475500000)]
  0x000001edf23a7900 JavaThread "Thread-2" daemon [_thread_in_native, id=26752, stack(0x0000003475000000,0x0000003475100000)]
  0x000001edf23a5080 JavaThread "Thread-3" daemon [_thread_in_native, id=25836, stack(0x0000003475500000,0x0000003475600000)]
  0x000001edf23a8320 JavaThread "Thread-4" daemon [_thread_in_native, id=25000, stack(0x0000003475600000,0x0000003475700000)]
  0x000001edf23a64c0 JavaThread "Thread-5" daemon [_thread_in_native, id=26336, stack(0x0000003475700000,0x0000003475800000)]
  0x000001edf23a5aa0 JavaThread "Thread-6" daemon [_thread_in_native, id=1504, stack(0x0000003475800000,0x0000003475900000)]
  0x000001edf23a8830 JavaThread "pool-2-thread-1" [_thread_blocked, id=21628, stack(0x0000003475900000,0x0000003475a00000)]
  0x000001edf23a6ee0 JavaThread "Worker-2: Shutdown..." [_thread_in_vm, id=27288, stack(0x0000003475a00000,0x0000003475b00000)]
  0x000001edf4ea3160 JavaThread "WorkspaceEventsHandler" [_thread_blocked, id=11384, stack(0x0000003475b00000,0x0000003475c00000)]
  0x000001edf4e9d130 JavaThread "pool-1-thread-1" [_thread_blocked, id=16724, stack(0x0000003475c00000,0x0000003475d00000)]
  0x000001edf4ea0df0 JavaThread "ForkJoinPool.commonPool-worker-1" daemon [_thread_blocked, id=24588, stack(0x0000003475d00000,0x0000003475e00000)]
  0x000001edf4e9fec0 JavaThread "ForkJoinPool.commonPool-worker-2" daemon [_thread_blocked, id=21784, stack(0x0000003475e00000,0x0000003475f00000)]
  0x000001edf4e9f4a0 JavaThread "ForkJoinPool.commonPool-worker-3" daemon [_thread_blocked, id=15128, stack(0x0000003475f00000,0x0000003476000000)]

Other Threads:
  0x000001edd40d4b60 VMThread "VM Thread" [stack: 0x0000003473c00000,0x0000003473d00000] [id=26692]
  0x000001edf21f4c30 WatcherThread [stack: 0x0000003474800000,0x0000003474900000] [id=7620]
  0x000001edd40762d0 GCTaskThread "GC Thread#0" [stack: 0x0000003473b00000,0x0000003473c00000] [id=22728]
  0x000001edf233b1c0 GCTaskThread "GC Thread#1" [stack: 0x0000003474900000,0x0000003474a00000] [id=25360]
  0x000001edf233b480 GCTaskThread "GC Thread#2" [stack: 0x0000003474a00000,0x0000003474b00000] [id=10264]
  0x000001edf233b740 GCTaskThread "GC Thread#3" [stack: 0x0000003474b00000,0x0000003474c00000] [id=24900]

Threads with active compile tasks:
C2 CompilerThread0    56589 6702       4       org.eclipse.osgi.internal.loader.BundleLoader::addExportedProvidersFor (167 bytes)

VM state: not at safepoint (normal execution)

VM Mutex/Monitor currently owned by a thread:  ([mutex/lock_event])
[0x000001edd405b8a0] Threads_lock - owner thread: 0x000001edf23a6ee0

Heap address: 0x00000000c0000000, size: 1024 MB, Compressed Oops mode: 32-bit

CDS archive(s) mapped at: [0x000001ed80000000-0x000001ed80bb0000-0x000001ed80bb0000), size 12255232, SharedBaseAddress: 0x000001ed80000000, ArchiveRelocationMode: 1.
Compressed class space mapped at: 0x000001ed81000000-0x000001edc1000000, reserved size: 1073741824
Narrow klass base: 0x000001ed80000000, Narrow klass shift: 0, Narrow klass range: 0x100000000

GC Precious Log:
 CPUs: 4 total, 4 available
 Memory: 6023M
 Large Page Support: Disabled
 NUMA Support: Disabled
 Compressed Oops: Enabled (32-bit)
 Alignments: Space 512K, Generation 512K, Heap 2M
 Heap Min Capacity: 100M
 Heap Initial Capacity: 100M
 Heap Max Capacity: 1G
 Pre-touch: Disabled
 Parallel Workers: 4

Heap:
 PSYoungGen      total 20480K, used 11134K [0x00000000eab00000, 0x00000000ec280000, 0x0000000100000000)
  eden space 19456K, 54% used [0x00000000eab00000,0x00000000eb55fb10,0x00000000ebe00000)
  from space 1024K, 50% used [0x00000000ebe00000,0x00000000ebe80020,0x00000000ebf00000)
  to   space 2048K, 0% used [0x00000000ec080000,0x00000000ec080000,0x00000000ec280000)
 ParOldGen       total 68608K, used 39863K [0x00000000c0000000, 0x00000000c4300000, 0x00000000eab00000)
  object space 68608K, 58% used [0x00000000c0000000,0x00000000c26edcb0,0x00000000c4300000)
 Metaspace       used 44255K, committed 45120K, reserved 1114112K
  class space    used 4374K, committed 4800K, reserved 1048576K

Card table byte_map: [0x000001edd39f0000,0x000001edd3c00000] _byte_map_base: 0x000001edd33f0000

Marking Bits: (ParMarkBitMap*) 0x00007ff858d16950
 Begin Bits: [0x000001edeab80000, 0x000001edebb80000)
 End Bits:   [0x000001edebb80000, 0x000001edecb80000)

Polling page: 0x000001edd37e0000

Metaspace:

Usage:
  Non-class:     38.95 MB used.
      Class:      4.27 MB used.
       Both:     43.22 MB used.

Virtual space:
  Non-class space:       64.00 MB reserved,      39.38 MB ( 62%) committed,  1 nodes.
      Class space:        1.00 GB reserved,       4.69 MB ( <1%) committed,  1 nodes.
             Both:        1.06 GB reserved,      44.06 MB (  4%) committed. 

Chunk freelists:
   Non-Class:  7.81 MB
       Class:  11.19 MB
        Both:  19.00 MB

MaxMetaspaceSize: unlimited
CompressedClassSpaceSize: 1.00 GB
Initial GC threshold: 21.00 MB
Current GC threshold: 58.38 MB
CDS: on
MetaspaceReclaimPolicy: balanced
 - commit_granule_bytes: 65536.
 - commit_granule_words: 8192.
 - virtual_space_node_default_size: 8388608.
 - enlarge_chunks_in_place: 1.
 - new_chunks_are_fully_committed: 0.
 - uncommit_free_chunks: 1.
 - use_allocation_guard: 0.
 - handle_deallocations: 1.


Internal statistics:

num_allocs_failed_limit: 6.
num_arena_births: 628.
num_arena_deaths: 80.
num_vsnodes_births: 2.
num_vsnodes_deaths: 0.
num_space_committed: 705.
num_space_uncommitted: 0.
num_chunks_returned_to_freelist: 110.
num_chunks_taken_from_freelist: 2560.
num_chunk_merges: 30.
num_chunk_splits: 1568.
num_chunks_enlarged: 930.
num_inconsistent_stats: 0.

CodeHeap 'non-profiled nmethods': size=120000Kb used=4349Kb max_used=4349Kb free=115650Kb
 bounds [0x000001ede3650000, 0x000001ede3a90000, 0x000001edeab80000]
CodeHeap 'profiled nmethods': size=120000Kb used=13672Kb max_used=13672Kb free=106327Kb
 bounds [0x000001eddbb80000, 0x000001eddc8e0000, 0x000001ede30b0000]
CodeHeap 'non-nmethods': size=5760Kb used=1356Kb max_used=1454Kb free=4404Kb
 bounds [0x000001ede30b0000, 0x000001ede3320000, 0x000001ede3650000]
 total_blobs=6630 nmethods=5926 adapters=617
 compilation: enabled
              stopped_count=0, restarted_count=0
 full_count=0

Compilation events (20 events):
Event: 56.210 Thread 0x000001edf200d410 nmethod 6699 0x000001ede3a8eb90 code [0x000001ede3a8ed20, 0x000001ede3a8edf8]
Event: 56.210 Thread 0x000001edf200d410 6700       1       java.text.NumberFormat::getMinimumFractionDigits (5 bytes)
Event: 56.210 Thread 0x000001edf200d410 nmethod 6700 0x000001ede3a8ee90 code [0x000001ede3a8f020, 0x000001ede3a8f0f8]
Event: 56.343 Thread 0x000001edf200d410 6701       1       org.eclipse.core.internal.jobs.InternalJob::getRule (5 bytes)
Event: 56.343 Thread 0x000001edf200d410 nmethod 6701 0x000001ede3a8f190 code [0x000001ede3a8f320, 0x000001ede3a8f3f8]
Event: 56.353 Thread 0x000001edecd1ae70 6702       4       org.eclipse.osgi.internal.loader.BundleLoader::addExportedProvidersFor (167 bytes)
Event: 56.356 Thread 0x000001edf200d410 6703       3       com.sun.org.apache.xerces.internal.util.ParserConfigurationSettings::addRecognizedProperties (15 bytes)
Event: 56.357 Thread 0x000001edf200d410 nmethod 6703 0x000001eddc8d6510 code [0x000001eddc8d6700, 0x000001eddc8d6c98]
Event: 56.358 Thread 0x000001edf200d410 6705       1       jdk.xml.internal.XMLSecurityManager$Limit::systemProperty (5 bytes)
Event: 56.359 Thread 0x000001edf200d410 nmethod 6705 0x000001ede3a8f490 code [0x000001ede3a8f620, 0x000001ede3a8f6f8]
Event: 56.359 Thread 0x000001edf200d410 6706       3       java.util.Hashtable::<init> (114 bytes)
Event: 56.361 Thread 0x000001edf200d410 nmethod 6706 0x000001eddc8d6f10 code [0x000001eddc8d7260, 0x000001eddc8d8318]
Event: 56.396 Thread 0x000001edf200d410 6707       3       org.eclipse.jdt.internal.core.JavaModel::getExternalTarget (85 bytes)
Event: 56.398 Thread 0x000001edf200d410 nmethod 6707 0x000001eddc8d8910 code [0x000001eddc8d8be0, 0x000001eddc8d9938]
Event: 56.409 Thread 0x000001edf200d410 6708       3       org.eclipse.core.internal.jobs.JobManager::lifeTimeInMs (19 bytes)
Event: 56.410 Thread 0x000001edf200d410 nmethod 6708 0x000001eddc8d9d90 code [0x000001eddc8d9f40, 0x000001eddc8da158]
Event: 56.410 Thread 0x000001edf200d410 6709       3       org.eclipse.core.internal.jobs.JobManager::now (16 bytes)
Event: 56.410 Thread 0x000001edf200d410 nmethod 6709 0x000001eddc8da290 code [0x000001eddc8da4a0, 0x000001eddc8daa78]
Event: 56.410 Thread 0x000001edf200d410 6710       3       org.eclipse.core.internal.jobs.JobManager$$Lambda$130/0x000001ed81156a90::<init> (10 bytes)
Event: 56.411 Thread 0x000001edf200d410 nmethod 6710 0x000001eddc8dad10 code [0x000001eddc8daec0, 0x000001eddc8db038]

GC Heap History (20 events):
Event: 32.871 GC heap before
{Heap before GC invocations=18 (full 2):
 PSYoungGen      total 23552K, used 22016K [0x00000000eab00000, 0x00000000ec480000, 0x0000000100000000)
  eden space 22016K, 100% used [0x00000000eab00000,0x00000000ec080000,0x00000000ec080000)
  from space 1536K, 0% used [0x00000000ec200000,0x00000000ec200000,0x00000000ec380000)
  to   space 512K, 0% used [0x00000000ec400000,0x00000000ec400000,0x00000000ec480000)
 ParOldGen       total 68608K, used 19883K [0x00000000c0000000, 0x00000000c4300000, 0x00000000eab00000)
  object space 68608K, 28% used [0x00000000c0000000,0x00000000c136ae68,0x00000000c4300000)
 Metaspace       used 36413K, committed 37248K, reserved 1114112K
  class space    used 3616K, committed 4032K, reserved 1048576K
}
Event: 32.873 GC heap after
{Heap after GC invocations=18 (full 2):
 PSYoungGen      total 22528K, used 416K [0x00000000eab00000, 0x00000000ec480000, 0x0000000100000000)
  eden space 22016K, 0% used [0x00000000eab00000,0x00000000eab00000,0x00000000ec080000)
  from space 512K, 81% used [0x00000000ec400000,0x00000000ec468000,0x00000000ec480000)
  to   space 512K, 0% used [0x00000000ec380000,0x00000000ec380000,0x00000000ec400000)
 ParOldGen       total 68608K, used 19891K [0x00000000c0000000, 0x00000000c4300000, 0x00000000eab00000)
  object space 68608K, 28% used [0x00000000c0000000,0x00000000c136ce68,0x00000000c4300000)
 Metaspace       used 36413K, committed 37248K, reserved 1114112K
  class space    used 3616K, committed 4032K, reserved 1048576K
}
Event: 35.577 GC heap before
{Heap before GC invocations=19 (full 2):
 PSYoungGen      total 22528K, used 22432K [0x00000000eab00000, 0x00000000ec480000, 0x0000000100000000)
  eden space 22016K, 100% used [0x00000000eab00000,0x00000000ec080000,0x00000000ec080000)
  from space 512K, 81% used [0x00000000ec400000,0x00000000ec468000,0x00000000ec480000)
  to   space 512K, 0% used [0x00000000ec380000,0x00000000ec380000,0x00000000ec400000)
 ParOldGen       total 68608K, used 19891K [0x00000000c0000000, 0x00000000c4300000, 0x00000000eab00000)
  object space 68608K, 28% used [0x00000000c0000000,0x00000000c136ce68,0x00000000c4300000)
 Metaspace       used 38548K, committed 39488K, reserved 1114112K
  class space    used 3797K, committed 4224K, reserved 1048576K
}
Event: 35.580 GC heap after
{Heap after GC invocations=19 (full 2):
 PSYoungGen      total 22528K, used 512K [0x00000000eab00000, 0x00000000ec480000, 0x0000000100000000)
  eden space 22016K, 0% used [0x00000000eab00000,0x00000000eab00000,0x00000000ec080000)
  from space 512K, 100% used [0x00000000ec380000,0x00000000ec400000,0x00000000ec400000)
  to   space 512K, 0% used [0x00000000ec400000,0x00000000ec400000,0x00000000ec480000)
 ParOldGen       total 68608K, used 20379K [0x00000000c0000000, 0x00000000c4300000, 0x00000000eab00000)
  object space 68608K, 29% used [0x00000000c0000000,0x00000000c13e6ea8,0x00000000c4300000)
 Metaspace       used 38548K, committed 39488K, reserved 1114112K
  class space    used 3797K, committed 4224K, reserved 1048576K
}
Event: 35.848 GC heap before
{Heap before GC invocations=20 (full 2):
 PSYoungGen      total 22528K, used 22528K [0x00000000eab00000, 0x00000000ec480000, 0x0000000100000000)
  eden space 22016K, 100% used [0x00000000eab00000,0x00000000ec080000,0x00000000ec080000)
  from space 512K, 100% used [0x00000000ec380000,0x00000000ec400000,0x00000000ec400000)
  to   space 512K, 0% used [0x00000000ec400000,0x00000000ec400000,0x00000000ec480000)
 ParOldGen       total 68608K, used 20379K [0x00000000c0000000, 0x00000000c4300000, 0x00000000eab00000)
  object space 68608K, 29% used [0x00000000c0000000,0x00000000c13e6ea8,0x00000000c4300000)
 Metaspace       used 38594K, committed 39488K, reserved 1114112K
  class space    used 3797K, committed 4224K, reserved 1048576K
}
Event: 35.858 GC heap after
{Heap after GC invocations=20 (full 2):
 PSYoungGen      total 22528K, used 512K [0x00000000eab00000, 0x00000000ec680000, 0x0000000100000000)
  eden space 22016K, 0% used [0x00000000eab00000,0x00000000eab00000,0x00000000ec080000)
  from space 512K, 100% used [0x00000000ec400000,0x00000000ec480000,0x00000000ec480000)
  to   space 3072K, 0% used [0x00000000ec080000,0x00000000ec080000,0x00000000ec380000)
 ParOldGen       total 68608K, used 22465K [0x00000000c0000000, 0x00000000c4300000, 0x00000000eab00000)
  object space 68608K, 32% used [0x00000000c0000000,0x00000000c15f0590,0x00000000c4300000)
 Metaspace       used 38594K, committed 39488K, reserved 1114112K
  class space    used 3797K, committed 4224K, reserved 1048576K
}
Event: 36.596 GC heap before
{Heap before GC invocations=21 (full 2):
 PSYoungGen      total 22528K, used 22528K [0x00000000eab00000, 0x00000000ec680000, 0x0000000100000000)
  eden space 22016K, 100% used [0x00000000eab00000,0x00000000ec080000,0x00000000ec080000)
  from space 512K, 100% used [0x00000000ec400000,0x00000000ec480000,0x00000000ec480000)
  to   space 3072K, 0% used [0x00000000ec080000,0x00000000ec080000,0x00000000ec380000)
 ParOldGen       total 68608K, used 22465K [0x00000000c0000000, 0x00000000c4300000, 0x00000000eab00000)
  object space 68608K, 32% used [0x00000000c0000000,0x00000000c15f0590,0x00000000c4300000)
 Metaspace       used 38675K, committed 39552K, reserved 1114112K
  class space    used 3803K, committed 4224K, reserved 1048576K
}
Event: 36.608 GC heap after
{Heap after GC invocations=21 (full 2):
 PSYoungGen      total 25088K, used 2980K [0x00000000eab00000, 0x00000000ec780000, 0x0000000100000000)
  eden space 22016K, 0% used [0x00000000eab00000,0x00000000eab00000,0x00000000ec080000)
  from space 3072K, 97% used [0x00000000ec080000,0x00000000ec369030,0x00000000ec380000)
  to   space 3584K, 0% used [0x00000000ec400000,0x00000000ec400000,0x00000000ec780000)
 ParOldGen       total 68608K, used 22997K [0x00000000c0000000, 0x00000000c4300000, 0x00000000eab00000)
  object space 68608K, 33% used [0x00000000c0000000,0x00000000c1675690,0x00000000c4300000)
 Metaspace       used 38675K, committed 39552K, reserved 1114112K
  class space    used 3803K, committed 4224K, reserved 1048576K
}
Event: 36.791 GC heap before
{Heap before GC invocations=22 (full 2):
 PSYoungGen      total 25088K, used 24996K [0x00000000eab00000, 0x00000000ec780000, 0x0000000100000000)
  eden space 22016K, 100% used [0x00000000eab00000,0x00000000ec080000,0x00000000ec080000)
  from space 3072K, 97% used [0x00000000ec080000,0x00000000ec369030,0x00000000ec380000)
  to   space 3584K, 0% used [0x00000000ec400000,0x00000000ec400000,0x00000000ec780000)
 ParOldGen       total 68608K, used 22997K [0x00000000c0000000, 0x00000000c4300000, 0x00000000eab00000)
  object space 68608K, 33% used [0x00000000c0000000,0x00000000c1675690,0x00000000c4300000)
 Metaspace       used 38679K, committed 39552K, reserved 1114112K
  class space    used 3803K, committed 4224K, reserved 1048576K
}
Event: 36.809 GC heap after
{Heap after GC invocations=22 (full 2):
 PSYoungGen      total 24576K, used 2328K [0x00000000eab00000, 0x00000000ec680000, 0x0000000100000000)
  eden space 22016K, 0% used [0x00000000eab00000,0x00000000eab00000,0x00000000ec080000)
  from space 2560K, 90% used [0x00000000ec400000,0x00000000ec646200,0x00000000ec680000)
  to   space 3072K, 0% used [0x00000000ec080000,0x00000000ec080000,0x00000000ec380000)
 ParOldGen       total 68608K, used 25870K [0x00000000c0000000, 0x00000000c4300000, 0x00000000eab00000)
  object space 68608K, 37% used [0x00000000c0000000,0x00000000c1943950,0x00000000c4300000)
 Metaspace       used 38679K, committed 39552K, reserved 1114112K
  class space    used 3803K, committed 4224K, reserved 1048576K
}
Event: 38.463 GC heap before
{Heap before GC invocations=23 (full 2):
 PSYoungGen      total 24576K, used 24344K [0x00000000eab00000, 0x00000000ec680000, 0x0000000100000000)
  eden space 22016K, 100% used [0x00000000eab00000,0x00000000ec080000,0x00000000ec080000)
  from space 2560K, 90% used [0x00000000ec400000,0x00000000ec646200,0x00000000ec680000)
  to   space 3072K, 0% used [0x00000000ec080000,0x00000000ec080000,0x00000000ec380000)
 ParOldGen       total 68608K, used 25870K [0x00000000c0000000, 0x00000000c4300000, 0x00000000eab00000)
  object space 68608K, 37% used [0x00000000c0000000,0x00000000c1943950,0x00000000c4300000)
 Metaspace       used 40679K, committed 41536K, reserved 1114112K
  class space    used 4014K, committed 4416K, reserved 1048576K
}
Event: 38.491 GC heap after
{Heap after GC invocations=23 (full 2):
 PSYoungGen      total 24576K, used 2478K [0x00000000eab00000, 0x00000000ec580000, 0x0000000100000000)
  eden space 22016K, 0% used [0x00000000eab00000,0x00000000eab00000,0x00000000ec080000)
  from space 2560K, 96% used [0x00000000ec080000,0x00000000ec2eba78,0x00000000ec300000)
  to   space 2560K, 0% used [0x00000000ec300000,0x00000000ec300000,0x00000000ec580000)
 ParOldGen       total 68608K, used 28150K [0x00000000c0000000, 0x00000000c4300000, 0x00000000eab00000)
  object space 68608K, 41% used [0x00000000c0000000,0x00000000c1b7db50,0x00000000c4300000)
 Metaspace       used 40679K, committed 41536K, reserved 1114112K
  class space    used 4014K, committed 4416K, reserved 1048576K
}
Event: 41.157 GC heap before
{Heap before GC invocations=24 (full 2):
 PSYoungGen      total 24576K, used 24492K [0x00000000eab00000, 0x00000000ec580000, 0x0000000100000000)
  eden space 22016K, 99% used [0x00000000eab00000,0x00000000ec07f720,0x00000000ec080000)
  from space 2560K, 96% used [0x00000000ec080000,0x00000000ec2eba78,0x00000000ec300000)
  to   space 2560K, 0% used [0x00000000ec300000,0x00000000ec300000,0x00000000ec580000)
 ParOldGen       total 68608K, used 28150K [0x00000000c0000000, 0x00000000c4300000, 0x00000000eab00000)
  object space 68608K, 41% used [0x00000000c0000000,0x00000000c1b7db50,0x00000000c4300000)
 Metaspace       used 42956K, committed 43840K, reserved 1114112K
  class space    used 4260K, committed 4672K, reserved 1048576K
}
Event: 41.165 GC heap after
{Heap after GC invocations=24 (full 2):
 PSYoungGen      total 22016K, used 2534K [0x00000000eab00000, 0x00000000eca80000, 0x0000000100000000)
  eden space 19456K, 0% used [0x00000000eab00000,0x00000000eab00000,0x00000000ebe00000)
  from space 2560K, 99% used [0x00000000ec300000,0x00000000ec579ac8,0x00000000ec580000)
  to   space 5120K, 0% used [0x00000000ebe00000,0x00000000ebe00000,0x00000000ec300000)
 ParOldGen       total 68608K, used 30342K [0x00000000c0000000, 0x00000000c4300000, 0x00000000eab00000)
  object space 68608K, 44% used [0x00000000c0000000,0x00000000c1da1b90,0x00000000c4300000)
 Metaspace       used 42956K, committed 43840K, reserved 1114112K
  class space    used 4260K, committed 4672K, reserved 1048576K
}
Event: 42.244 GC heap before
{Heap before GC invocations=25 (full 2):
 PSYoungGen      total 22016K, used 21990K [0x00000000eab00000, 0x00000000eca80000, 0x0000000100000000)
  eden space 19456K, 100% used [0x00000000eab00000,0x00000000ebe00000,0x00000000ebe00000)
  from space 2560K, 99% used [0x00000000ec300000,0x00000000ec579ac8,0x00000000ec580000)
  to   space 5120K, 0% used [0x00000000ebe00000,0x00000000ebe00000,0x00000000ec300000)
 ParOldGen       total 68608K, used 30342K [0x00000000c0000000, 0x00000000c4300000, 0x00000000eab00000)
  object space 68608K, 44% used [0x00000000c0000000,0x00000000c1da1b90,0x00000000c4300000)
 Metaspace       used 43314K, committed 44160K, reserved 1114112K
  class space    used 4277K, committed 4672K, reserved 1048576K
}
Event: 42.257 GC heap after
{Heap after GC invocations=25 (full 2):
 PSYoungGen      total 23040K, used 3561K [0x00000000eab00000, 0x00000000ec600000, 0x0000000100000000)
  eden space 19456K, 0% used [0x00000000eab00000,0x00000000eab00000,0x00000000ebe00000)
  from space 3584K, 99% used [0x00000000ebe00000,0x00000000ec17a4d8,0x00000000ec180000)
  to   space 4096K, 0% used [0x00000000ec200000,0x00000000ec200000,0x00000000ec600000)
 ParOldGen       total 68608K, used 32819K [0x00000000c0000000, 0x00000000c4300000, 0x00000000eab00000)
  object space 68608K, 47% used [0x00000000c0000000,0x00000000c200cf78,0x00000000c4300000)
 Metaspace       used 43314K, committed 44160K, reserved 1114112K
  class space    used 4277K, committed 4672K, reserved 1048576K
}
Event: 43.639 GC heap before
{Heap before GC invocations=26 (full 2):
 PSYoungGen      total 23040K, used 23017K [0x00000000eab00000, 0x00000000ec600000, 0x0000000100000000)
  eden space 19456K, 100% used [0x00000000eab00000,0x00000000ebe00000,0x00000000ebe00000)
  from space 3584K, 99% used [0x00000000ebe00000,0x00000000ec17a4d8,0x00000000ec180000)
  to   space 4096K, 0% used [0x00000000ec200000,0x00000000ec200000,0x00000000ec600000)
 ParOldGen       total 68608K, used 32819K [0x00000000c0000000, 0x00000000c4300000, 0x00000000eab00000)
  object space 68608K, 47% used [0x00000000c0000000,0x00000000c200cf78,0x00000000c4300000)
 Metaspace       used 43500K, committed 44352K, reserved 1114112K
  class space    used 4287K, committed 4672K, reserved 1048576K
}
Event: 43.647 GC heap after
{Heap after GC invocations=26 (full 2):
 PSYoungGen      total 23552K, used 3639K [0x00000000eab00000, 0x00000000ec600000, 0x0000000100000000)
  eden space 19456K, 0% used [0x00000000eab00000,0x00000000eab00000,0x00000000ebe00000)
  from space 4096K, 88% used [0x00000000ec200000,0x00000000ec58dfd8,0x00000000ec600000)
  to   space 4096K, 0% used [0x00000000ebe00000,0x00000000ebe00000,0x00000000ec200000)
 ParOldGen       total 68608K, used 36259K [0x00000000c0000000, 0x00000000c4300000, 0x00000000eab00000)
  object space 68608K, 52% used [0x00000000c0000000,0x00000000c2368e28,0x00000000c4300000)
 Metaspace       used 43500K, committed 44352K, reserved 1114112K
  class space    used 4287K, committed 4672K, reserved 1048576K
}
Event: 45.914 GC heap before
{Heap before GC invocations=27 (full 2):
 PSYoungGen      total 23552K, used 23095K [0x00000000eab00000, 0x00000000ec600000, 0x0000000100000000)
  eden space 19456K, 100% used [0x00000000eab00000,0x00000000ebe00000,0x00000000ebe00000)
  from space 4096K, 88% used [0x00000000ec200000,0x00000000ec58dfd8,0x00000000ec600000)
  to   space 4096K, 0% used [0x00000000ebe00000,0x00000000ebe00000,0x00000000ec200000)
 ParOldGen       total 68608K, used 36259K [0x00000000c0000000, 0x00000000c4300000, 0x00000000eab00000)
  object space 68608K, 52% used [0x00000000c0000000,0x00000000c2368e28,0x00000000c4300000)
 Metaspace       used 44104K, committed 44992K, reserved 1114112K
  class space    used 4367K, committed 4800K, reserved 1048576K
}
Event: 45.927 GC heap after
{Heap after GC invocations=27 (full 2):
 PSYoungGen      total 20480K, used 512K [0x00000000eab00000, 0x00000000ec280000, 0x0000000100000000)
  eden space 19456K, 0% used [0x00000000eab00000,0x00000000eab00000,0x00000000ebe00000)
  from space 1024K, 50% used [0x00000000ebe00000,0x00000000ebe80020,0x00000000ebf00000)
  to   space 2048K, 0% used [0x00000000ec080000,0x00000000ec080000,0x00000000ec280000)
 ParOldGen       total 68608K, used 39863K [0x00000000c0000000, 0x00000000c4300000, 0x00000000eab00000)
  object space 68608K, 58% used [0x00000000c0000000,0x00000000c26edcb0,0x00000000c4300000)
 Metaspace       used 44104K, committed 44992K, reserved 1114112K
  class space    used 4367K, committed 4800K, reserved 1048576K
}

Dll operation events (11 events):
Event: 0.038 Loaded shared library C:\Users\Public\wpilib\2026\jdk\bin\java.dll
Event: 0.114 Loaded shared library C:\Users\Public\wpilib\2026\jdk\bin\jsvml.dll
Event: 0.511 Loaded shared library C:\Users\Public\wpilib\2026\jdk\bin\zip.dll
Event: 0.516 Loaded shared library C:\Users\Public\wpilib\2026\jdk\bin\instrument.dll
Event: 0.524 Loaded shared library C:\Users\Public\wpilib\2026\jdk\bin\net.dll
Event: 0.527 Loaded shared library C:\Users\Public\wpilib\2026\jdk\bin\nio.dll
Event: 0.531 Loaded shared library C:\Users\Public\wpilib\2026\jdk\bin\zip.dll
Event: 0.568 Loaded shared library C:\Users\Public\wpilib\2026\jdk\bin\jimage.dll
Event: 0.864 Loaded shared library C:\Users\Public\wpilib\2026\jdk\bin\verify.dll
Event: 6.084 Loaded shared library C:\Users\Public\wpilib\2026\vscode\data\user-data\User\globalStorage\redhat.java\1.38.0\config_ss_win\org.eclipse.equinox.launcher\org.eclipse.equinox.launcher.win32.win32.x86_64_1.2.1100.v20240722-2106\eclipse_11904.dll
Event: 12.014 Loaded shared library C:\Users\sgudi\AppData\Local\Temp\jna-109389030\jna5447933271510478291.dll

Deoptimization events (20 events):
Event: 44.307 Thread 0x000001edf4e9f4a0 DEOPT PACKING pc=0x000001ede3a23990 sp=0x0000003475ffdd20
Event: 44.307 Thread 0x000001edf4e9f4a0 DEOPT UNPACKING pc=0x000001ede31066a3 sp=0x0000003475ffdce0 mode 2
Event: 44.309 Thread 0x000001edf4e9f4a0 Uncommon trap: trap_request=0xffffffc6 fr.pc=0x000001ede3a23990 relative=0x0000000000000af0
Event: 44.309 Thread 0x000001edf4e9f4a0 Uncommon trap: reason=bimorphic_or_optimized_type_check action=maybe_recompile pc=0x000001ede3a23990 method=java.util.regex.Matcher.search(I)Z @ 121 c2
Event: 44.309 Thread 0x000001edf4e9f4a0 DEOPT PACKING pc=0x000001ede3a23990 sp=0x0000003475ffdcc0
Event: 44.309 Thread 0x000001edf4e9f4a0 DEOPT UNPACKING pc=0x000001ede31066a3 sp=0x0000003475ffdc80 mode 2
Event: 45.007 Thread 0x000001edf4e9f4a0 Uncommon trap: trap_request=0xffffff45 fr.pc=0x000001ede39175ac relative=0x0000000000000bac
Event: 45.007 Thread 0x000001edf4e9f4a0 Uncommon trap: reason=unstable_if action=reinterpret pc=0x000001ede39175ac method=org.eclipse.jdt.core.Signature.appendClassTypeSignature([CIZLjava/lang/StringBuilder;)I @ 23 c2
Event: 45.007 Thread 0x000001edf4e9f4a0 DEOPT PACKING pc=0x000001ede39175ac sp=0x0000003475ffd840
Event: 45.007 Thread 0x000001edf4e9f4a0 DEOPT UNPACKING pc=0x000001ede31066a3 sp=0x0000003475ffd7e8 mode 2
Event: 45.961 Thread 0x000001edf4ea0df0 DEOPT PACKING pc=0x000001eddbe37269 sp=0x0000003475dfda00
Event: 45.961 Thread 0x000001edf4ea0df0 DEOPT UNPACKING pc=0x000001ede3106e43 sp=0x0000003475dfce40 mode 0
Event: 56.378 Thread 0x000001edf23a6ee0 Uncommon trap: trap_request=0xffffff45 fr.pc=0x000001ede3a10b88 relative=0x0000000000002c48
Event: 56.378 Thread 0x000001edf23a6ee0 Uncommon trap: reason=unstable_if action=reinterpret pc=0x000001ede3a10b88 method=org.eclipse.jdt.internal.core.JavaModelCache.getInfo(Lorg/eclipse/jdt/core/IJavaElement;)Lorg/eclipse/jdt/internal/compiler/env/IElementInfo; @ 6 c2
Event: 56.378 Thread 0x000001edf23a6ee0 DEOPT PACKING pc=0x000001ede3a10b88 sp=0x0000003475afe6d0
Event: 56.378 Thread 0x000001edf23a6ee0 DEOPT UNPACKING pc=0x000001ede31066a3 sp=0x0000003475afe6c8 mode 2
Event: 56.395 Thread 0x000001edf23a6ee0 Uncommon trap: trap_request=0xffffff45 fr.pc=0x000001ede384e53c relative=0x0000000000000f3c
Event: 56.395 Thread 0x000001edf23a6ee0 Uncommon trap: reason=unstable_if action=reinterpret pc=0x000001ede384e53c method=org.eclipse.core.runtime.Path.toOSString()Ljava/lang/String; @ 28 c2
Event: 56.395 Thread 0x000001edf23a6ee0 DEOPT PACKING pc=0x000001ede384e53c sp=0x0000003475afe8e0
Event: 56.395 Thread 0x000001edf23a6ee0 DEOPT UNPACKING pc=0x000001ede31066a3 sp=0x0000003475afe8a0 mode 2

Classes loaded (20 events):
Event: 37.556 Loading class java/util/regex/Pattern$1
Event: 37.557 Loading class java/util/regex/Pattern$1 done
Event: 37.562 Loading class jdk/internal/reflect/UnsafeQualifiedStaticIntegerFieldAccessorImpl
Event: 37.562 Loading class jdk/internal/reflect/UnsafeQualifiedStaticIntegerFieldAccessorImpl done
Event: 37.616 Loading class java/util/concurrent/CompletableFuture$Signaller
Event: 37.627 Loading class java/util/concurrent/CompletableFuture$Signaller done
Event: 40.260 Loading class java/util/Spliterators$IntArraySpliterator
Event: 40.261 Loading class java/util/Spliterators$IntArraySpliterator done
Event: 40.261 Loading class java/util/stream/Nodes$IntSpinedNodeBuilder
Event: 40.262 Loading class java/util/stream/SpinedBuffer$OfInt
Event: 40.262 Loading class java/util/stream/SpinedBuffer$OfPrimitive
Event: 40.263 Loading class java/util/stream/SpinedBuffer$OfPrimitive done
Event: 40.263 Loading class java/util/stream/SpinedBuffer$OfInt done
Event: 40.264 Loading class java/util/stream/Nodes$IntSpinedNodeBuilder done
Event: 44.161 Loading class sun/reflect/misc/ReflectUtil
Event: 44.161 Loading class sun/reflect/misc/ReflectUtil done
Event: 56.388 Loading class java/util/concurrent/ConcurrentHashMap$EntrySpliterator
Event: 56.389 Loading class java/util/concurrent/ConcurrentHashMap$EntrySpliterator done
Event: 56.409 Loading class java/util/concurrent/ForkJoinTask$AdaptedCallable
Event: 56.410 Loading class java/util/concurrent/ForkJoinTask$AdaptedCallable done

Classes unloaded (20 events):
Event: 29.317 Thread 0x000001edd40d4b60 Unloading class 0x000001ed81393c00 'java/lang/invoke/LambdaForm$MH+0x000001ed81393c00'
Event: 29.317 Thread 0x000001edd40d4b60 Unloading class 0x000001ed81393800 'java/lang/invoke/LambdaForm$DMH+0x000001ed81393800'
Event: 29.317 Thread 0x000001edd40d4b60 Unloading class 0x000001ed81392c00 'java/lang/invoke/LambdaForm$MH+0x000001ed81392c00'
Event: 29.317 Thread 0x000001edd40d4b60 Unloading class 0x000001ed81392400 'java/lang/invoke/LambdaForm$MH+0x000001ed81392400'
Event: 29.317 Thread 0x000001edd40d4b60 Unloading class 0x000001ed8138e000 'java/lang/invoke/LambdaForm$MH+0x000001ed8138e000'
Event: 29.317 Thread 0x000001edd40d4b60 Unloading class 0x000001ed8138dc00 'java/lang/invoke/LambdaForm$MH+0x000001ed8138dc00'
Event: 29.317 Thread 0x000001edd40d4b60 Unloading class 0x000001ed8138d800 'java/lang/invoke/LambdaForm$MH+0x000001ed8138d800'
Event: 29.317 Thread 0x000001edd40d4b60 Unloading class 0x000001ed8138d000 'java/lang/invoke/LambdaForm$MH+0x000001ed8138d000'
Event: 29.317 Thread 0x000001edd40d4b60 Unloading class 0x000001ed8138cc00 'java/lang/invoke/LambdaForm$MH+0x000001ed8138cc00'
Event: 29.317 Thread 0x000001edd40d4b60 Unloading class 0x000001ed8138c400 'java/lang/invoke/LambdaForm$MH+0x000001ed8138c400'
Event: 29.317 Thread 0x000001edd40d4b60 Unloading class 0x000001ed8138bc00 'java/lang/invoke/LambdaForm$MH+0x000001ed8138bc00'
Event: 29.317 Thread 0x000001edd40d4b60 Unloading class 0x000001ed8138b800 'java/lang/invoke/LambdaForm$MH+0x000001ed8138b800'
Event: 29.317 Thread 0x000001edd40d4b60 Unloading class 0x000001ed8138b000 'java/lang/invoke/LambdaForm$MH+0x000001ed8138b000'
Event: 29.317 Thread 0x000001edd40d4b60 Unloading class 0x000001ed8138ac00 'java/lang/invoke/LambdaForm$MH+0x000001ed8138ac00'
Event: 29.317 Thread 0x000001edd40d4b60 Unloading class 0x000001ed8138a800 'java/lang/invoke/LambdaForm$MH+0x000001ed8138a800'
Event: 29.317 Thread 0x000001edd40d4b60 Unloading class 0x000001ed8138a400 'java/lang/invoke/LambdaForm$MH+0x000001ed8138a400'
Event: 29.317 Thread 0x000001edd40d4b60 Unloading class 0x000001ed81389c00 'java/lang/invoke/LambdaForm$DMH+0x000001ed81389c00'
Event: 29.317 Thread 0x000001edd40d4b60 Unloading class 0x000001ed81389800 'java/lang/invoke/LambdaForm$MH+0x000001ed81389800'
Event: 29.317 Thread 0x000001edd40d4b60 Unloading class 0x000001ed81389000 'java/lang/invoke/LambdaForm$DMH+0x000001ed81389000'
Event: 29.317 Thread 0x000001edd40d4b60 Unloading class 0x000001ed81388000 'java/lang/invoke/LambdaForm$DMH+0x000001ed81388000'

Classes redefined (0 events):
No events

Internal exceptions (20 events):
Event: 36.982 Thread 0x000001edf4ea0df0 Exception <a 'java/lang/IncompatibleClassChangeError'{0x00000000eade8360}: Found class java.lang.Object, but interface was expected> (0x00000000eade8360) 
thrown [s\src\hotspot\share\interpreter\linkResolver.cpp, line 826]
Event: 37.328 Thread 0x000001edf23a5fb0 Exception <a 'java/lang/NoSuchMethodError'{0x00000000eb4a4af8}: 'int java.lang.invoke.DirectMethodHandle$Holder.invokeStatic(java.lang.Object, java.lang.Object, java.lang.Object, int)'> (0x00000000eb4a4af8) 
thrown [s\src\hotspot\share\interpreter\linkResolver.cpp, line 759]
Event: 37.559 Thread 0x000001edf4ea0df0 Exception <a 'java/lang/ArrayIndexOutOfBoundsException'{0x00000000eb7f9438}> (0x00000000eb7f9438) 
thrown [s\src\hotspot\share\runtime\sharedRuntime.cpp, line 631]
Event: 37.566 Thread 0x000001edf4e9f4a0 Implicit null exception at 0x000001ede3715cf8 to 0x000001ede37175e4
Event: 37.659 Thread 0x000001edf23a5fb0 Exception <a 'java/io/FileNotFoundException'{0x00000000ebd438a8}> (0x00000000ebd438a8) 
thrown [s\src\hotspot\share\prims\jni.cpp, line 516]
Event: 37.659 Thread 0x000001edf23a5fb0 Exception <a 'java/io/FileNotFoundException'{0x00000000ebd448d0}> (0x00000000ebd448d0) 
thrown [s\src\hotspot\share\prims\jni.cpp, line 516]
Event: 38.514 Thread 0x000001edf23a5fb0 Exception <a 'java/lang/NoSuchMethodError'{0x00000000eabb2418}: 'int java.lang.invoke.DirectMethodHandle$Holder.invokeSpecialIFC(java.lang.Object, java.lang.Object, java.lang.Object)'> (0x00000000eabb2418) 
thrown [s\src\hotspot\share\interpreter\linkResolver.cpp, line 759]
Event: 39.162 Thread 0x000001edf4e9f4a0 Implicit null exception at 0x000001ede368bd93 to 0x000001ede368e920
Event: 39.264 Thread 0x000001edf23a5fb0 Exception <a 'java/lang/LinkageError'{0x00000000eae96a78}: loader lombok.launch.ShadowClassLoader @7d085263 attempted duplicate class definition for lombok.launch.PatchFixesHider$ExtensionMethod. (lombok.launch.PatchFixesHider$ExtensionMethod is in unnamed module of loader lombok.launch.ShadowClassLoader @7d085263, parent loader org.eclipse.osgi.internal.loader.EquinoxClassLoader @41b5bf30)> (0x00000000eae96a78) 
thrown [s\src\hotspot\share\classfile\systemDictionary.cpp, line 1723]
Event: 39.377 Thread 0x000001edf4e9fec0 Exception <a 'java/lang/NoSuchMethodError'{0x00000000eb227c60}: 'int java.lang.invoke.DirectMethodHandle$Holder.invokeStatic(java.lang.Object, int, java.lang.Object)'> (0x00000000eb227c60) 
thrown [s\src\hotspot\share\interpreter\linkResolver.cpp, line 759]
Event: 39.992 Thread 0x000001edf4e9f4a0 Exception <a 'java/lang/ArrayIndexOutOfBoundsException'{0x00000000eb946410}: Index 2927 out of bounds for length 2927> (0x00000000eb946410) 
thrown [s\src\hotspot\share\interpreter\interpreterRuntime.cpp, line 428]
Event: 40.447 Thread 0x000001edf4e9f4a0 Exception <a 'java/lang/ArrayIndexOutOfBoundsException'{0x00000000ebe2d548}: Index 2927 out of bounds for length 2927> (0x00000000ebe2d548) 
thrown [s\src\hotspot\share\interpreter\interpreterRuntime.cpp, line 428]
Event: 40.448 Thread 0x000001edf4e9f4a0 Exception <a 'java/lang/ArrayIndexOutOfBoundsException'{0x00000000ebe34418}: Index 2927 out of bounds for length 2927> (0x00000000ebe34418) 
thrown [s\src\hotspot\share\interpreter\interpreterRuntime.cpp, line 428]
Event: 40.449 Thread 0x000001edf4e9f4a0 Exception <a 'java/lang/ArrayIndexOutOfBoundsException'{0x00000000ebe34738}: Index 2928 out of bounds for length 2927> (0x00000000ebe34738) 
thrown [s\src\hotspot\share\interpreter\interpreterRuntime.cpp, line 428]
Event: 41.223 Thread 0x000001edf23a6ee0 Exception <a 'java/io/FileNotFoundException'{0x00000000eabedec0}> (0x00000000eabedec0) 
thrown [s\src\hotspot\share\prims\jni.cpp, line 516]
Event: 41.225 Thread 0x000001edf23a6ee0 Exception <a 'java/io/FileNotFoundException'{0x00000000eac1b328}> (0x00000000eac1b328) 
thrown [s\src\hotspot\share\prims\jni.cpp, line 516]
Event: 41.226 Thread 0x000001edf23a6ee0 Exception <a 'java/io/FileNotFoundException'{0x00000000eac1c0c8}> (0x00000000eac1c0c8) 
thrown [s\src\hotspot\share\prims\jni.cpp, line 516]
Event: 44.259 Thread 0x000001edf4e9f4a0 Exception <a 'java/lang/ArrayIndexOutOfBoundsException'{0x00000000eb536380}: Index 2928 out of bounds for length 2927> (0x00000000eb536380) 
thrown [s\src\hotspot\share\interpreter\interpreterRuntime.cpp, line 428]
Event: 44.915 Thread 0x000001edf4e9fec0 Exception <a 'java/lang/ArrayIndexOutOfBoundsException'{0x00000000eb8e9b60}> (0x00000000eb8e9b60) 
thrown [s\src\hotspot\share\runtime\sharedRuntime.cpp, line 631]
Event: 56.395 Thread 0x000001edf23a6ee0 Implicit null exception at 0x000001ede384d831 to 0x000001ede384e520

VM Operations (20 events):
Event: 43.270 Executing VM operation: Cleanup
Event: 43.286 Executing VM operation: Cleanup done
Event: 43.639 Executing VM operation: ParallelGCFailedAllocation
Event: 43.647 Executing VM operation: ParallelGCFailedAllocation done
Event: 44.081 Executing VM operation: HandshakeAllThreads
Event: 44.081 Executing VM operation: HandshakeAllThreads done
Event: 44.097 Executing VM operation: HandshakeAllThreads
Event: 44.097 Executing VM operation: HandshakeAllThreads done
Event: 45.102 Executing VM operation: Cleanup
Event: 45.103 Executing VM operation: Cleanup done
Event: 45.914 Executing VM operation: ParallelGCFailedAllocation
Event: 45.927 Executing VM operation: ParallelGCFailedAllocation done
Event: 46.962 Executing VM operation: Cleanup
Event: 47.042 Executing VM operation: Cleanup done
Event: 49.049 Executing VM operation: Cleanup
Event: 49.049 Executing VM operation: Cleanup done
Event: 52.079 Executing VM operation: Cleanup
Event: 52.079 Executing VM operation: Cleanup done
Event: 55.112 Executing VM operation: Cleanup
Event: 55.112 Executing VM operation: Cleanup done

Memory protections (0 events):
No events

Nmethod flushes (20 events):
Event: 37.313 Thread 0x000001edf200e6e0 flushing  nmethod 0x000001eddc4af110
Event: 37.313 Thread 0x000001edf200e6e0 flushing  nmethod 0x000001eddc4eec90
Event: 37.313 Thread 0x000001edf200e6e0 flushing  nmethod 0x000001eddc4ff590
Event: 37.313 Thread 0x000001edf200e6e0 flushing  nmethod 0x000001eddc500810
Event: 37.314 Thread 0x000001edf200e6e0 flushing  nmethod 0x000001eddc544010
Event: 37.314 Thread 0x000001edf200e6e0 flushing  nmethod 0x000001eddc546e10
Event: 37.314 Thread 0x000001edf200e6e0 flushing  nmethod 0x000001eddc547990
Event: 37.314 Thread 0x000001edf200e6e0 flushing  nmethod 0x000001eddc548890
Event: 37.314 Thread 0x000001edf200e6e0 flushing  nmethod 0x000001eddc58b690
Event: 37.314 Thread 0x000001edf200e6e0 flushing  nmethod 0x000001eddc58cf10
Event: 37.314 Thread 0x000001edf200e6e0 flushing  nmethod 0x000001eddc58d310
Event: 37.315 Thread 0x000001edf200e6e0 flushing  nmethod 0x000001eddc634390
Event: 37.315 Thread 0x000001edf200e6e0 flushing  nmethod 0x000001eddc659510
Event: 37.315 Thread 0x000001edf200e6e0 flushing  nmethod 0x000001eddc659c10
Event: 37.315 Thread 0x000001edf200e6e0 flushing  nmethod 0x000001eddc667110
Event: 37.315 Thread 0x000001edf200e6e0 flushing  nmethod 0x000001eddc667c10
Event: 37.315 Thread 0x000001edf200e6e0 flushing  nmethod 0x000001eddc668390
Event: 41.933 Thread 0x000001edf200e6e0 flushing  nmethod 0x000001eddbc07e90
Event: 41.936 Thread 0x000001edf200e6e0 flushing  nmethod 0x000001eddbe8a990
Event: 41.940 Thread 0x000001edf200e6e0 flushing  nmethod 0x000001eddc283090

Events (20 events):
Event: 21.281 Thread 0x000001edf4ea0df0 Thread added: 0x000001edf4e9fec0
Event: 21.362 Thread 0x000001edf4e9fec0 Thread added: 0x000001edf4e9f4a0
Event: 27.782 Thread 0x000001edecd1ae70 Thread added: 0x000001edf429f6d0
Event: 30.176 Thread 0x000001edf429f6d0 Thread exited: 0x000001edf429f6d0
Event: 34.731 Thread 0x000001edf200d410 Thread added: 0x000001edf44b9730
Event: 34.980 Thread 0x000001edf44b9730 Thread exited: 0x000001edf44b9730
Event: 35.610 Thread 0x000001edf200d410 Thread added: 0x000001edf4fc3f20
Event: 36.243 Thread 0x000001edf4fc3f20 Thread exited: 0x000001edf4fc3f20
Event: 36.277 Thread 0x000001edecd1ae70 Thread added: 0x000001edf4428130
Event: 37.985 Thread 0x000001edf4428130 Thread exited: 0x000001edf4428130
Event: 38.224 Thread 0x000001edf200d410 Thread added: 0x000001edf4428130
Event: 39.381 Thread 0x000001edf4428130 Thread exited: 0x000001edf4428130
Event: 39.428 Thread 0x000001edf200d410 Thread added: 0x000001edf4428130
Event: 39.578 Thread 0x000001edf4428130 Thread exited: 0x000001edf4428130
Event: 40.012 Thread 0x000001edf200d410 Thread added: 0x000001edf4428130
Event: 41.175 Thread 0x000001edf4428130 Thread exited: 0x000001edf4428130
Event: 41.262 Thread 0x000001edf200d410 Thread added: 0x000001edf4428130
Event: 45.290 Thread 0x000001edf4428130 Thread exited: 0x000001edf4428130
Event: 46.924 Thread 0x000001edf200d410 Thread added: 0x000001edf4428130
Event: 51.611 Thread 0x000001edf4428130 Thread exited: 0x000001edf4428130


Dynamic libraries:
0x00007ff741b90000 - 0x00007ff741b9e000 	C:\Users\Public\wpilib\2026\jdk\bin\java.exe
0x00007ff8f9ad0000 - 0x00007ff8f9ce8000 	C:\WINDOWS\SYSTEM32\ntdll.dll
0x00007ff8c9190000 - 0x00007ff8c91b0000 	C:\Program Files\Norton\Suite\aswhook.dll
0x00007ff8f8200000 - 0x00007ff8f82c4000 	C:\WINDOWS\System32\KERNEL32.DLL
0x00007ff8f6d00000 - 0x00007ff8f70d3000 	C:\WINDOWS\System32\KERNELBASE.dll
0x000000005d540000 - 0x000000005d871000 	C:\Program Files\Norton Security\NortonData\22.23.3.8\Definitions\IPSDefs\20230908.064\IPSEng64.dll
0x00007ff8f9230000 - 0x00007ff8f92e1000 	C:\WINDOWS\System32\ADVAPI32.dll
0x00007ff8f78e0000 - 0x00007ff8f7987000 	C:\WINDOWS\System32\msvcrt.dll
0x00007ff8f8410000 - 0x00007ff8f84b8000 	C:\WINDOWS\System32\sechost.dll
0x00007ff8f7530000 - 0x00007ff8f7558000 	C:\WINDOWS\System32\bcrypt.dll
0x00007ff8f9110000 - 0x00007ff8f9228000 	C:\WINDOWS\System32\RPCRT4.dll
0x00007ff8f77c0000 - 0x00007ff8f77c8000 	C:\WINDOWS\System32\PSAPI.DLL
0x00007ff8f6be0000 - 0x00007ff8f6cf1000 	C:\WINDOWS\System32\ucrtbase.dll
0x00007ff8a1ec0000 - 0x00007ff8a1ed7000 	C:\Users\Public\wpilib\2026\jdk\bin\jli.dll
0x00007ff8f8530000 - 0x00007ff8f86e2000 	C:\WINDOWS\System32\USER32.dll
0x00007ff8f73c0000 - 0x00007ff8f73e6000 	C:\WINDOWS\System32\win32u.dll
0x00007ff8f79f0000 - 0x00007ff8f7a19000 	C:\WINDOWS\System32\GDI32.dll
0x00007ff8f70e0000 - 0x00007ff8f71fb000 	C:\WINDOWS\System32\gdi32full.dll
0x00007ff8f76d0000 - 0x00007ff8f776a000 	C:\WINDOWS\System32\msvcp_win.dll
0x00007ff89e3f0000 - 0x00007ff89e40e000 	C:\Users\Public\wpilib\2026\jdk\bin\VCRUNTIME140.dll
0x00007ff8e6bd0000 - 0x00007ff8e6e6c000 	C:\WINDOWS\WinSxS\amd64_microsoft.windows.common-controls_6595b64144ccf1df_6.0.22621.6060_none_2712eda17382d24b\COMCTL32.dll
0x00007ff8f9a50000 - 0x00007ff8f9a81000 	C:\WINDOWS\System32\IMM32.DLL
0x00007ff8e2cf0000 - 0x00007ff8e2cfc000 	C:\Users\Public\wpilib\2026\jdk\bin\vcruntime140_1.dll
0x00007ff87f3c0000 - 0x00007ff87f449000 	C:\Users\Public\wpilib\2026\jdk\bin\msvcp140.dll
0x00007ff858170000 - 0x00007ff858ddb000 	C:\Users\Public\wpilib\2026\jdk\bin\server\jvm.dll
0x00007ff8f99b0000 - 0x00007ff8f9a21000 	C:\WINDOWS\System32\WS2_32.dll
0x00007ff8f6ab0000 - 0x00007ff8f6afd000 	C:\WINDOWS\SYSTEM32\POWRPROF.dll
0x00007ff8f2c50000 - 0x00007ff8f2c84000 	C:\WINDOWS\SYSTEM32\WINMM.dll
0x00007ff8ee9c0000 - 0x00007ff8ee9ca000 	C:\WINDOWS\SYSTEM32\VERSION.dll
0x00007ff8f6a90000 - 0x00007ff8f6aa3000 	C:\WINDOWS\SYSTEM32\UMPDC.dll
0x00007ff8f5bc0000 - 0x00007ff8f5bd8000 	C:\WINDOWS\SYSTEM32\kernel.appcore.dll
0x00007ff8c6720000 - 0x00007ff8c672a000 	C:\Users\Public\wpilib\2026\jdk\bin\jimage.dll
0x00007ff8ed9c0000 - 0x00007ff8edbf3000 	C:\WINDOWS\SYSTEM32\DBGHELP.DLL
0x00007ff8f94b0000 - 0x00007ff8f9841000 	C:\WINDOWS\System32\combase.dll
0x00007ff8f8710000 - 0x00007ff8f87e8000 	C:\WINDOWS\System32\OLEAUT32.dll
0x00007ff8ed7a0000 - 0x00007ff8ed7d2000 	C:\WINDOWS\SYSTEM32\dbgcore.DLL
0x00007ff8f73f0000 - 0x00007ff8f746b000 	C:\WINDOWS\System32\bcryptPrimitives.dll
0x00007ff8c6570000 - 0x00007ff8c657e000 	C:\Users\Public\wpilib\2026\jdk\bin\instrument.dll
0x00007ff89c8c0000 - 0x00007ff89c8e5000 	C:\Users\Public\wpilib\2026\jdk\bin\java.dll
0x00007ff87bea0000 - 0x00007ff87bf77000 	C:\Users\Public\wpilib\2026\jdk\bin\jsvml.dll
0x00007ff8f87f0000 - 0x00007ff8f908c000 	C:\WINDOWS\System32\SHELL32.dll
0x00007ff8f7280000 - 0x00007ff8f73bf000 	C:\WINDOWS\System32\wintypes.dll
0x00007ff8f4ae0000 - 0x00007ff8f53fa000 	C:\WINDOWS\SYSTEM32\windows.storage.dll
0x00007ff8f7a20000 - 0x00007ff8f7b24000 	C:\WINDOWS\System32\SHCORE.dll
0x00007ff8f84c0000 - 0x00007ff8f8529000 	C:\WINDOWS\System32\shlwapi.dll
0x00007ff8f6b10000 - 0x00007ff8f6b35000 	C:\WINDOWS\SYSTEM32\profapi.dll
0x00007ff89d210000 - 0x00007ff89d228000 	C:\Users\Public\wpilib\2026\jdk\bin\zip.dll
0x00007ff89ccb0000 - 0x00007ff89ccc9000 	C:\Users\Public\wpilib\2026\jdk\bin\net.dll
0x00007ff8f0a20000 - 0x00007ff8f0b4c000 	C:\WINDOWS\SYSTEM32\WINHTTP.dll
0x00007ff8f60a0000 - 0x00007ff8f6109000 	C:\WINDOWS\system32\mswsock.dll
0x00007ff89c8a0000 - 0x00007ff89c8b6000 	C:\Users\Public\wpilib\2026\jdk\bin\nio.dll
0x00007ff8c5ef0000 - 0x00007ff8c5f00000 	C:\Users\Public\wpilib\2026\jdk\bin\verify.dll
0x00007ff8c4cc0000 - 0x00007ff8c4d05000 	C:\Users\Public\wpilib\2026\vscode\data\user-data\User\globalStorage\redhat.java\1.38.0\config_ss_win\org.eclipse.equinox.launcher\org.eclipse.equinox.launcher.win32.win32.x86_64_1.2.1100.v20240722-2106\eclipse_11904.dll
0x00007ff8f9300000 - 0x00007ff8f94a1000 	C:\WINDOWS\System32\ole32.dll
0x00007ff8f62f0000 - 0x00007ff8f630b000 	C:\WINDOWS\SYSTEM32\CRYPTSP.dll
0x00007ff8f5b20000 - 0x00007ff8f5b57000 	C:\WINDOWS\system32\rsaenh.dll
0x00007ff8f6190000 - 0x00007ff8f61b8000 	C:\WINDOWS\SYSTEM32\USERENV.dll
0x00007ff8f6310000 - 0x00007ff8f631c000 	C:\WINDOWS\SYSTEM32\CRYPTBASE.dll
0x00007ff8f56a0000 - 0x00007ff8f56cd000 	C:\WINDOWS\SYSTEM32\IPHLPAPI.DLL
0x00007ff8f86f0000 - 0x00007ff8f86f9000 	C:\WINDOWS\System32\NSI.dll
0x00007ff8f0a00000 - 0x00007ff8f0a19000 	C:\WINDOWS\SYSTEM32\dhcpcsvc6.DLL
0x00007ff8f09e0000 - 0x00007ff8f09ff000 	C:\WINDOWS\SYSTEM32\dhcpcsvc.DLL
0x00007ff8f56d0000 - 0x00007ff8f57c8000 	C:\WINDOWS\SYSTEM32\DNSAPI.dll
0x00007ff8956b0000 - 0x00007ff8956f9000 	C:\Users\sgudi\AppData\Local\Temp\jna-109389030\jna5447933271510478291.dll

dbghelp: loaded successfully - version: 4.0.5 - missing functions: none
symbol engine: initialized successfully - sym options: 0x614 - pdb path: .;C:\Users\Public\wpilib\2026\jdk\bin;C:\WINDOWS\SYSTEM32;C:\Program Files\Norton\Suite;C:\Program Files\Norton Security\NortonData\22.23.3.8\Definitions\IPSDefs\20230908.064;C:\WINDOWS\WinSxS\amd64_microsoft.windows.common-controls_6595b64144ccf1df_6.0.22621.6060_none_2712eda17382d24b;C:\Users\Public\wpilib\2026\jdk\bin\server;C:\Users\Public\wpilib\2026\vscode\data\user-data\User\globalStorage\redhat.java\1.38.0\config_ss_win\org.eclipse.equinox.launcher\org.eclipse.equinox.launcher.win32.win32.x86_64_1.2.1100.v20240722-2106;C:\Users\sgudi\AppData\Local\Temp\jna-109389030

VM Arguments:
jvm_args: --add-modules=ALL-SYSTEM --add-opens=java.base/java.util=ALL-UNNAMED --add-opens=java.base/java.lang=ALL-UNNAMED --add-opens=java.base/sun.nio.fs=ALL-UNNAMED -Declipse.application=org.eclipse.jdt.ls.core.id1 -Dosgi.bundles.defaultStartLevel=4 -Declipse.product=org.eclipse.jdt.ls.core.product -Djava.import.generatesMetadataFilesAtProjectRoot=false -DDetectVMInstallationsJob.disabled=true -Dfile.encoding=utf8 -XX:+UseParallelGC -XX:GCTimeRatio=4 -XX:AdaptiveSizePolicyWeight=90 -Dsun.zip.disableMemoryMapping=true -Xmx1G -Xms100m -Xlog:disable -javaagent:c:\Users\Public\wpilib\2026\vscode\data\extensions\redhat.java-1.38.0\lombok\lombok-1.18.34.jar 
java_command: c:\Users\Public\wpilib\2026\vscode\data\extensions\redhat.java-1.38.0\server\plugins\org.eclipse.equinox.launcher_1.6.900.v20240613-2009.jar -configuration c:\Users\Public\wpilib\2026\vscode\data\user-data\User\globalStorage\redhat.java\1.38.0\config_ss_win -data c:\Users\Public\wpilib\2026\vscode\data\user-data\User\workspaceStorage\a4224967a930a49dfca026b0e4750ca4\redhat.java\ss_ws --pipe=\\.\pipe\lsp-1caff8ead9f5ac3b6f3d792715c1238a-sock
java_class_path (initial): c:\Users\Public\wpilib\2026\vscode\data\extensions\redhat.java-1.38.0\server\plugins\org.eclipse.equinox.launcher_1.6.900.v20240613-2009.jar
Launcher Type: SUN_STANDARD

[Global flags]
    uintx AdaptiveSizePolicyWeight                 = 90                                        {product} {command line}
     intx CICompilerCount                          = 3                                         {product} {ergonomic}
    uintx GCTimeRatio                              = 4                                         {product} {command line}
   size_t InitialHeapSize                          = 104857600                                 {product} {command line}
   size_t MaxHeapSize                              = 1073741824                                {product} {command line}
   size_t MaxNewSize                               = 357564416                                 {product} {ergonomic}
   size_t MinHeapDeltaBytes                        = 524288                                    {product} {ergonomic}
   size_t MinHeapSize                              = 104857600                                 {product} {command line}
   size_t NewSize                                  = 34603008                                  {product} {ergonomic}
    uintx NonNMethodCodeHeapSize                   = 5832780                                {pd product} {ergonomic}
    uintx NonProfiledCodeHeapSize                  = 122912730                              {pd product} {ergonomic}
   size_t OldSize                                  = 70254592                                  {product} {ergonomic}
    uintx ProfiledCodeHeapSize                     = 122912730                              {pd product} {ergonomic}
    uintx ReservedCodeCacheSize                    = 251658240                              {pd product} {ergonomic}
     bool SegmentedCodeCache                       = true                                      {product} {ergonomic}
   size_t SoftMaxHeapSize                          = 1073741824                             {manageable} {ergonomic}
     bool UseCompressedClassPointers               = true                           {product lp64_product} {ergonomic}
     bool UseCompressedOops                        = true                           {product lp64_product} {ergonomic}
     bool UseLargePagesIndividualAllocation        = false                                  {pd product} {ergonomic}
     bool UseParallelGC                            = true                                      {product} {command line}

Logging:
Log output configuration:
 #0: stdout all=off uptime,level,tags
 #1: stderr all=off uptime,level,tags

Environment Variables:
PATH=C:\Program Files\Common Files\Oracle\Java\javapath;C:\WINDOWS\system32;C:\WINDOWS;C:\WINDOWS\System32\Wbem;C:\WINDOWS\System32\WindowsPowerShell\v1.0\;C:\WINDOWS\System32\OpenSSH\;C:\Program Files\dotnet\;C:\Program Files\WireGuard\;C:\Users\sgudi\AppData\Local\Microsoft\WindowsApps;C:\Users\sgudi\AppData\Local\Programs\Microsoft VS Code\bin;C:\Users\sgudi\AppData\Local\Programs\Git\cmd
USERNAME=sgudi
OS=Windows_NT
PROCESSOR_IDENTIFIER=AMD64 Family 23 Model 24 Stepping 1, AuthenticAMD
TMP=C:\Users\sgudi\AppData\Local\Temp
TEMP=C:\Users\sgudi\AppData\Local\Temp



Periodic native trim disabled


---------------  S Y S T E M  ---------------

OS:
 Windows 11 , 64 bit Build 22621 (10.0.22621.5415)
OS uptime: 3 days 0:52 hours

CPU: total 4 (initial active 4) (4 cores per cpu, 2 threads per core) family 23 model 24 stepping 1 microcode 0x0, cx8, cmov, fxsr, ht, mmx, 3dnowpref, sse, sse2, sse3, ssse3, sse4a, sse4.1, sse4.2, popcnt, lzcnt, tsc, tscinvbit, avx, avx2, aes, clmul, bmi1, bmi2, adx, sha, fma, vzeroupper, clflush, clflushopt
Processor Information for all 4 processors :
  Max Mhz: 2600, Current Mhz: 2600, Mhz Limit: 2600

Memory: 4k page, system-wide physical 6023M (333M free)
TotalPageFile size 14523M (AvailPageFile size 1M)
current process WorkingSet (physical memory assigned to process): 196M, peak: 238M
current process commit charge ("private bytes"): 258M, peak: 303M

vm_info: OpenJDK 64-Bit Server VM (17.0.16+8) for windows-amd64 JRE (17.0.16+8), built on Jul 16 2025 10:37:56 by "admin" with MS VC++ 17.7 (VS2022)

END.
